#
# There is insufficient memory for the Java Runtime Environment to continue.
# Native memory allocation (malloc) failed to allocate 16689112 bytes. Error detail: Chunk::new
# Possible reasons:
#   The system is out of physical RAM or swap space
#   This process is running with CompressedOops enabled, and the Java Heap may be blocking the growth of the native heap
# Possible solutions:
#   Reduce memory load on the system
#   Increase physical memory or swap space
#   Check if swap backing store is full
#   Decrease Java heap size (-Xmx/-Xms)
#   Decrease number of Java threads
#   Decrease Java thread stack sizes (-Xss)
#   Set larger code cache with -XX:ReservedCodeCacheSize=
#   JVM is running with Unscaled Compressed Oops mode in which the Java heap is
#     placed in the first 4GB address space. The Java Heap base address is the
#     maximum limit for the native heap growth. Please use -XX:HeapBaseMinAddress
#     to set the Java Heap base and to place the Java Heap above 4GB virtual address.
# This output file may be truncated or incomplete.
#
#  Out of Memory Error (arena.cpp:186), pid=8456, tid=14760
#
# JRE version: Java(TM) SE Runtime Environment (25.0+37) (build 25+37-LTS-3491)
# Java VM: Java HotSpot(TM) 64-Bit Server VM (25+37-LTS-3491, mixed mode, sharing, tiered, compressed oops, compressed class ptrs, g1 gc, windows-amd64)
# No core dump will be written. Minidumps are not enabled by default on client versions of Windows
#

---------------  S U M M A R Y ------------

Command Line: -javaagent:C:\Program Files\JetBrains\IntelliJ IDEA Community Edition 2025.2.2\lib\idea_rt.jar=49991 -Dfile.encoding=UTF-8 -Dsun.stdout.encoding=UTF-8 -Dsun.stderr.encoding=UTF-8 PostRequest

Host: 11th Gen Intel(R) Core(TM) i5-1135G7 @ 2.40GHz, 8 cores, 7G,  Windows 11 , 64 bit Build 26100 (10.0.26100.6725)
Time: Thu Oct 30 14:17:20 2025 Egypt Daylight Time elapsed time: 1.547207 seconds (0d 0h 0m 1s)

---------------  T H R E A D  ---------------

Current thread (0x0000018e53b15060):  JavaThread "C2 CompilerThread2" daemon [_thread_in_native, id=14760, stack(0x000000318a400000,0x000000318a500000) (1024K)]


Current CompileTask:
C2:1547 3535       4       java.lang.invoke.MethodType::methodType (69 bytes)

Stack: [0x000000318a400000,0x000000318a500000]
Native frames: (J=compiled Java code, j=interpreted, Vv=VM code, C=native code)
V  [jvm.dll+0x7a6a39]  (no source info available)
V  [jvm.dll+0x7727ed]  (no source info available)
V  [jvm.dll+0x965f33]  (no source info available)
V  [jvm.dll+0x968531]  (no source info available)
V  [jvm.dll+0x968c33]  (no source info available)
V  [jvm.dll+0x2fc756]  (no source info available)
V  [jvm.dll+0x111b26]  (no source info available)
V  [jvm.dll+0x111e4e]  (no source info available)
V  [jvm.dll+0x1a0a22]  (no source info available)
V  [jvm.dll+0x3b53c2]  (no source info available)
V  [jvm.dll+0x7ac3cf]  (no source info available)
V  [jvm.dll+0x2c0ac7]  (no source info available)
V  [jvm.dll+0x2bfa8f]  (no source info available)
V  [jvm.dll+0x237b60]  (no source info available)
V  [jvm.dll+0x2cfb56]  (no source info available)
V  [jvm.dll+0x2cddd5]  (no source info available)
V  [jvm.dll+0x48e671]  (no source info available)
V  [jvm.dll+0x90681d]  (no source info available)
V  [jvm.dll+0x7a5015]  (no source info available)
C  [ucrtbase.dll+0x37b0]  (no source info available)
C  [KERNEL32.DLL+0x2e8d7]  (no source info available)
C  [ntdll.dll+0x8c53c]  (no source info available)

Lock stack of current Java thread (top to bottom):


---------------  P R O C E S S  ---------------

Threads class SMR info:
_java_thread_list=0x0000018e53da2140, length=16, elements={
0x0000018e31dd4350, 0x0000018e4e7d7e40, 0x0000018e4e7d88a0, 0x0000018e4e7da5a0,
0x0000018e4e7db620, 0x0000018e4e7e0480, 0x0000018e4e7eb060, 0x0000018e4e7ec490,
0x0000018e4e7f3320, 0x0000018e53162430, 0x0000018e5318bc60, 0x0000018e532a26d0,
0x0000018e5329efa0, 0x0000018e4e7e85c0, 0x0000018e4e7e56e0, 0x0000018e53b15060
}

Java Threads: ( => current thread )
  0x0000018e31dd4350 JavaThread "main"                              [_thread_in_vm, id=15132, stack(0x0000003188800000,0x0000003188900000) (1024K)]
  0x0000018e4e7d7e40 JavaThread "Reference Handler"          daemon [_thread_blocked, id=14952, stack(0x0000003189000000,0x0000003189100000) (1024K)]
  0x0000018e4e7d88a0 JavaThread "Finalizer"                  daemon [_thread_blocked, id=23208, stack(0x0000003189100000,0x0000003189200000) (1024K)]
  0x0000018e4e7da5a0 JavaThread "Signal Dispatcher"          daemon [_thread_blocked, id=21992, stack(0x0000003189200000,0x0000003189300000) (1024K)]
  0x0000018e4e7db620 JavaThread "Attach Listener"            daemon [_thread_blocked, id=22040, stack(0x0000003189300000,0x0000003189400000) (1024K)]
  0x0000018e4e7e0480 JavaThread "Service Thread"             daemon [_thread_blocked, id=1692, stack(0x0000003189400000,0x0000003189500000) (1024K)]
  0x0000018e4e7eb060 JavaThread "Monitor Deflation Thread"   daemon [_thread_blocked, id=1516, stack(0x0000003189500000,0x0000003189600000) (1024K)]
  0x0000018e4e7ec490 JavaThread "C2 CompilerThread0"         daemon [_thread_blocked, id=22868, stack(0x0000003189600000,0x0000003189700000) (1024K)]
  0x0000018e4e7f3320 JavaThread "C1 CompilerThread0"         daemon [_thread_in_vm, id=21044, stack(0x0000003189700000,0x0000003189800000) (1024K)]
  0x0000018e53162430 JavaThread "Common-Cleaner"             daemon [_thread_blocked, id=3252, stack(0x0000003189800000,0x0000003189900000) (1024K)]
  0x0000018e5318bc60 JavaThread "C2 CompilerThread1"         daemon [_thread_blocked, id=10640, stack(0x0000003189900000,0x0000003189a00000) (1024K)]
  0x0000018e532a26d0 JavaThread "Monitor Ctrl-Break"         daemon [_thread_in_native, id=9844, stack(0x0000003189a00000,0x0000003189b00000) (1024K)]
  0x0000018e5329efa0 JavaThread "Notification Thread"        daemon [_thread_blocked, id=15688, stack(0x0000003189b00000,0x0000003189c00000) (1024K)]
  0x0000018e4e7e85c0 JavaThread "ForkJoinPool.commonPool-worker-1" daemon [_thread_blocked, id=18956, stack(0x0000003189c00000,0x0000003189d00000) (1024K)]
  0x0000018e4e7e56e0 JavaThread "ForkJoinPool.commonPool-worker-2" daemon [_thread_blocked, id=11388, stack(0x0000003189d00000,0x0000003189e00000) (1024K)]
=>0x0000018e53b15060 JavaThread "C2 CompilerThread2"         daemon [_thread_in_native, id=14760, stack(0x000000318a400000,0x000000318a500000) (1024K)]
Total: 16

Other Threads:
  0x0000018e4e7c52c0 VMThread "VM Thread"                           [id=21920, stack(0x0000003188f00000,0x0000003189000000) (1024K)]
  0x0000018e4e7b7b20 WatcherThread "VM Periodic Task Thread"        [id=12636, stack(0x0000003188e00000,0x0000003188f00000) (1024K)]
  0x0000018e31e2c930 WorkerThread "GC Thread#0"                     [id=16716, stack(0x0000003188900000,0x0000003188a00000) (1024K)]
  0x0000018e53e50000 WorkerThread "GC Thread#1"                     [id=10896, stack(0x0000003189e00000,0x0000003189f00000) (1024K)]
  0x0000018e53e50840 WorkerThread "GC Thread#2"                     [id=15632, stack(0x0000003189f00000,0x000000318a000000) (1024K)]
  0x0000018e53bc0a10 WorkerThread "GC Thread#3"                     [id=21608, stack(0x000000318a000000,0x000000318a100000) (1024K)]
  0x0000018e53bc2c90 WorkerThread "GC Thread#4"                     [id=22452, stack(0x000000318a100000,0x000000318a200000) (1024K)]
  0x0000018e53bbf480 WorkerThread "GC Thread#5"                     [id=2760, stack(0x000000318a200000,0x000000318a300000) (1024K)]
  0x0000018e53bc2840 WorkerThread "GC Thread#6"                     [id=12748, stack(0x000000318a300000,0x000000318a400000) (1024K)]
  0x0000018e31e44fe0 ConcurrentGCThread "G1 Main Marker"            [id=10448, stack(0x0000003188a00000,0x0000003188b00000) (1024K)]
  0x0000018e31e48a80 WorkerThread "G1 Conc#0"                       [id=11600, stack(0x0000003188b00000,0x0000003188c00000) (1024K)]
  0x0000018e4e67df00 ConcurrentGCThread "G1 Refine#0"               [id=16992, stack(0x0000003188c00000,0x0000003188d00000) (1024K)]
  0x0000018e4e67eb10 ConcurrentGCThread "G1 Service"                [id=20804, stack(0x0000003188d00000,0x0000003188e00000) (1024K)]
Total: 13

Threads with active compile tasks:
C2 CompilerThread0  1651 3645       4       java.lang.invoke.VarHandleGuards::guard_LI_I (78 bytes)
C1 CompilerThread0  1651 3642       3       jdk.internal.util.ByteArray::getChar (9 bytes)
C2 CompilerThread1  1651 3646       4       java.io.DataInputStream::readFully (59 bytes)
C2 CompilerThread2  1651 3535       4       java.lang.invoke.MethodType::methodType (69 bytes)
Total: 4

VM state: not at safepoint (normal execution)

VM Mutex/Monitor currently owned by a thread:  ([mutex/lock_event])
[0x00007ffecdcf7e28] MethodCompileQueue_lock - owner thread: 0x0000000000000000

Heap address: 0x0000000083600000, size: 1994 MB, Compressed Oops mode: 32-bit

CDS archive(s) mapped at: [0x000000000b000000-0x000000000bdd0000-0x000000000bdd0000), size 14483456, SharedBaseAddress: 0x000000000b000000, ArchiveRelocationMode: 1.
Compressed class space mapped at: 0x000000000c000000-0x000000004c000000, reserved size: 1073741824
UseCompressedClassPointers 1, UseCompactObjectHeaders 0
Narrow klass pointer bits 32, Max shift 3
Narrow klass base: 0x000000000b000000, Narrow klass shift: 0
Encoding Range: [0x000000000b000000 - 0x000000010b000000), (4294967296 bytes)
Klass Range:    [0x000000000b010000 - 0x000000004c000000), (1090453504 bytes)
Klass ID Range:  [65536 - 1090519033) (1090453497)
Protection zone: [0x000000000b000000 - 0x000000000b010000), (65536 bytes)

GC Precious Log:
 CardTable entry size: 512
 Card Set container configuration: InlinePtr #cards 5 size 8 Array Of Cards #cards 10 size 36 Howl #buckets 4 coarsen threshold 1843 Howl Bitmap #cards 512 size 80 coarsen threshold 460 Card regions per heap region 1 cards per card region 2048
 CPUs: 8 total, 8 available
 Memory: 7975M
 Large Page Support: Disabled
 NUMA Support: Disabled
 Compressed Oops: Enabled (32-bit)
 Heap Region Size: 1M
 Heap Min Capacity: 8M
 Heap Initial Capacity: 126M
 Heap Max Capacity: 1994M
 Pre-touch: Disabled
 Parallel Workers: 8
 Concurrent Workers: 2
 Concurrent Refinement Workers: 8
 Periodic GC: Disabled

Heap:
 garbage-first heap   total reserved 2041856K, committed 131072K, used 54421K [0x0000000083600000, 0x0000000100000000)
  region size 1024K, 50 young (51200K), 6 survivors (6144K)

Heap Regions: E=young(eden), S=young(survivor), O=old, HS=humongous(starts), HC=humongous(continues), CS=collection set, F=free, TAMS=top-at-mark-start, PB=parsable bottom
|   0|0x0000000083600000, 0x0000000083600000, 0x0000000083700000|  0%| F|  |TAMS 0x0000000083600000| PB 0x0000000083600000| Untracked |  0
|   1|0x0000000083700000, 0x0000000083700000, 0x0000000083800000|  0%| F|  |TAMS 0x0000000083700000| PB 0x0000000083700000| Untracked |  0
|   2|0x0000000083800000, 0x0000000083800000, 0x0000000083900000|  0%| F|  |TAMS 0x0000000083800000| PB 0x0000000083800000| Untracked |  0
|   3|0x0000000083900000, 0x0000000083a00000, 0x0000000083a00000|100%| O|  |TAMS 0x0000000083900000| PB 0x0000000083900000| Untracked |  0
|   4|0x0000000083a00000, 0x0000000083b00000, 0x0000000083b00000|100%| O|  |TAMS 0x0000000083a00000| PB 0x0000000083a00000| Untracked |  0
|   5|0x0000000083b00000, 0x0000000083c00000, 0x0000000083c00000|100%| O|  |TAMS 0x0000000083b00000| PB 0x0000000083b00000| Untracked |  0
|   6|0x0000000083c00000, 0x0000000083cfff00, 0x0000000083d00000| 99%| O|  |TAMS 0x0000000083c00000| PB 0x0000000083c00000| Untracked |  0
|   7|0x0000000083d00000, 0x0000000083d00000, 0x0000000083e00000|  0%| F|  |TAMS 0x0000000083d00000| PB 0x0000000083d00000| Untracked |  0
|   8|0x0000000083e00000, 0x0000000083e00000, 0x0000000083f00000|  0%| F|  |TAMS 0x0000000083e00000| PB 0x0000000083e00000| Untracked |  0
|   9|0x0000000083f00000, 0x0000000083f00000, 0x0000000084000000|  0%| F|  |TAMS 0x0000000083f00000| PB 0x0000000083f00000| Untracked |  0
|  10|0x0000000084000000, 0x0000000084000000, 0x0000000084100000|  0%| F|  |TAMS 0x0000000084000000| PB 0x0000000084000000| Untracked |  0
|  11|0x0000000084100000, 0x0000000084100000, 0x0000000084200000|  0%| F|  |TAMS 0x0000000084100000| PB 0x0000000084100000| Untracked |  0
|  12|0x0000000084200000, 0x0000000084200000, 0x0000000084300000|  0%| F|  |TAMS 0x0000000084200000| PB 0x0000000084200000| Untracked |  0
|  13|0x0000000084300000, 0x0000000084300000, 0x0000000084400000|  0%| F|  |TAMS 0x0000000084300000| PB 0x0000000084300000| Untracked |  0
|  14|0x0000000084400000, 0x0000000084400000, 0x0000000084500000|  0%| F|  |TAMS 0x0000000084400000| PB 0x0000000084400000| Untracked |  0
|  15|0x0000000084500000, 0x0000000084500000, 0x0000000084600000|  0%| F|  |TAMS 0x0000000084500000| PB 0x0000000084500000| Untracked |  0
|  16|0x0000000084600000, 0x0000000084600000, 0x0000000084700000|  0%| F|  |TAMS 0x0000000084600000| PB 0x0000000084600000| Untracked |  0
|  17|0x0000000084700000, 0x0000000084700000, 0x0000000084800000|  0%| F|  |TAMS 0x0000000084700000| PB 0x0000000084700000| Untracked |  0
|  18|0x0000000084800000, 0x0000000084800000, 0x0000000084900000|  0%| F|  |TAMS 0x0000000084800000| PB 0x0000000084800000| Untracked |  0
|  19|0x0000000084900000, 0x0000000084900000, 0x0000000084a00000|  0%| F|  |TAMS 0x0000000084900000| PB 0x0000000084900000| Untracked |  0
|  20|0x0000000084a00000, 0x0000000084a00000, 0x0000000084b00000|  0%| F|  |TAMS 0x0000000084a00000| PB 0x0000000084a00000| Untracked |  0
|  21|0x0000000084b00000, 0x0000000084b00000, 0x0000000084c00000|  0%| F|  |TAMS 0x0000000084b00000| PB 0x0000000084b00000| Untracked |  0
|  22|0x0000000084c00000, 0x0000000084c00000, 0x0000000084d00000|  0%| F|  |TAMS 0x0000000084c00000| PB 0x0000000084c00000| Untracked |  0
|  23|0x0000000084d00000, 0x0000000084d00000, 0x0000000084e00000|  0%| F|  |TAMS 0x0000000084d00000| PB 0x0000000084d00000| Untracked |  0
|  24|0x0000000084e00000, 0x0000000084e00000, 0x0000000084f00000|  0%| F|  |TAMS 0x0000000084e00000| PB 0x0000000084e00000| Untracked |  0
|  25|0x0000000084f00000, 0x0000000084f00000, 0x0000000085000000|  0%| F|  |TAMS 0x0000000084f00000| PB 0x0000000084f00000| Untracked |  0
|  26|0x0000000085000000, 0x0000000085000000, 0x0000000085100000|  0%| F|  |TAMS 0x0000000085000000| PB 0x0000000085000000| Untracked |  0
|  27|0x0000000085100000, 0x0000000085100000, 0x0000000085200000|  0%| F|  |TAMS 0x0000000085100000| PB 0x0000000085100000| Untracked |  0
|  28|0x0000000085200000, 0x0000000085200000, 0x0000000085300000|  0%| F|  |TAMS 0x0000000085200000| PB 0x0000000085200000| Untracked |  0
|  29|0x0000000085300000, 0x0000000085300000, 0x0000000085400000|  0%| F|  |TAMS 0x0000000085300000| PB 0x0000000085300000| Untracked |  0
|  30|0x0000000085400000, 0x0000000085400000, 0x0000000085500000|  0%| F|  |TAMS 0x0000000085400000| PB 0x0000000085400000| Untracked |  0
|  31|0x0000000085500000, 0x0000000085500000, 0x0000000085600000|  0%| F|  |TAMS 0x0000000085500000| PB 0x0000000085500000| Untracked |  0
|  32|0x0000000085600000, 0x0000000085600000, 0x0000000085700000|  0%| F|  |TAMS 0x0000000085600000| PB 0x0000000085600000| Untracked |  0
|  33|0x0000000085700000, 0x0000000085700000, 0x0000000085800000|  0%| F|  |TAMS 0x0000000085700000| PB 0x0000000085700000| Untracked |  0
|  34|0x0000000085800000, 0x0000000085800000, 0x0000000085900000|  0%| F|  |TAMS 0x0000000085800000| PB 0x0000000085800000| Untracked |  0
|  35|0x0000000085900000, 0x0000000085900000, 0x0000000085a00000|  0%| F|  |TAMS 0x0000000085900000| PB 0x0000000085900000| Untracked |  0
|  36|0x0000000085a00000, 0x0000000085a00000, 0x0000000085b00000|  0%| F|  |TAMS 0x0000000085a00000| PB 0x0000000085a00000| Untracked |  0
|  37|0x0000000085b00000, 0x0000000085b00000, 0x0000000085c00000|  0%| F|  |TAMS 0x0000000085b00000| PB 0x0000000085b00000| Untracked |  0
|  38|0x0000000085c00000, 0x0000000085c00000, 0x0000000085d00000|  0%| F|  |TAMS 0x0000000085c00000| PB 0x0000000085c00000| Untracked |  0
|  39|0x0000000085d00000, 0x0000000085d00000, 0x0000000085e00000|  0%| F|  |TAMS 0x0000000085d00000| PB 0x0000000085d00000| Untracked |  0
|  40|0x0000000085e00000, 0x0000000085e00000, 0x0000000085f00000|  0%| F|  |TAMS 0x0000000085e00000| PB 0x0000000085e00000| Untracked |  0
|  41|0x0000000085f00000, 0x0000000085f00000, 0x0000000086000000|  0%| F|  |TAMS 0x0000000085f00000| PB 0x0000000085f00000| Untracked |  0
|  42|0x0000000086000000, 0x0000000086000000, 0x0000000086100000|  0%| F|  |TAMS 0x0000000086000000| PB 0x0000000086000000| Untracked |  0
|  43|0x0000000086100000, 0x0000000086100000, 0x0000000086200000|  0%| F|  |TAMS 0x0000000086100000| PB 0x0000000086100000| Untracked |  0
|  44|0x0000000086200000, 0x0000000086200000, 0x0000000086300000|  0%| F|  |TAMS 0x0000000086200000| PB 0x0000000086200000| Untracked |  0
|  45|0x0000000086300000, 0x0000000086300000, 0x0000000086400000|  0%| F|  |TAMS 0x0000000086300000| PB 0x0000000086300000| Untracked |  0
|  46|0x0000000086400000, 0x0000000086400000, 0x0000000086500000|  0%| F|  |TAMS 0x0000000086400000| PB 0x0000000086400000| Untracked |  0
|  47|0x0000000086500000, 0x0000000086500000, 0x0000000086600000|  0%| F|  |TAMS 0x0000000086500000| PB 0x0000000086500000| Untracked |  0
|  48|0x0000000086600000, 0x0000000086600000, 0x0000000086700000|  0%| F|  |TAMS 0x0000000086600000| PB 0x0000000086600000| Untracked |  0
|  49|0x0000000086700000, 0x0000000086700000, 0x0000000086800000|  0%| F|  |TAMS 0x0000000086700000| PB 0x0000000086700000| Untracked |  0
|  50|0x0000000086800000, 0x0000000086800000, 0x0000000086900000|  0%| F|  |TAMS 0x0000000086800000| PB 0x0000000086800000| Untracked |  0
|  51|0x0000000086900000, 0x0000000086900000, 0x0000000086a00000|  0%| F|  |TAMS 0x0000000086900000| PB 0x0000000086900000| Untracked |  0
|  52|0x0000000086a00000, 0x0000000086a00000, 0x0000000086b00000|  0%| F|  |TAMS 0x0000000086a00000| PB 0x0000000086a00000| Untracked |  0
|  53|0x0000000086b00000, 0x0000000086b00000, 0x0000000086c00000|  0%| F|  |TAMS 0x0000000086b00000| PB 0x0000000086b00000| Untracked |  0
|  54|0x0000000086c00000, 0x0000000086c00000, 0x0000000086d00000|  0%| F|  |TAMS 0x0000000086c00000| PB 0x0000000086c00000| Untracked |  0
|  55|0x0000000086d00000, 0x0000000086d00000, 0x0000000086e00000|  0%| F|  |TAMS 0x0000000086d00000| PB 0x0000000086d00000| Untracked |  0
|  56|0x0000000086e00000, 0x0000000086e00000, 0x0000000086f00000|  0%| F|  |TAMS 0x0000000086e00000| PB 0x0000000086e00000| Untracked |  0
|  57|0x0000000086f00000, 0x0000000086f00000, 0x0000000087000000|  0%| F|  |TAMS 0x0000000086f00000| PB 0x0000000086f00000| Untracked |  0
|  58|0x0000000087000000, 0x0000000087000000, 0x0000000087100000|  0%| F|  |TAMS 0x0000000087000000| PB 0x0000000087000000| Untracked |  0
|  59|0x0000000087100000, 0x0000000087100000, 0x0000000087200000|  0%| F|  |TAMS 0x0000000087100000| PB 0x0000000087100000| Untracked |  0
|  60|0x0000000087200000, 0x0000000087200000, 0x0000000087300000|  0%| F|  |TAMS 0x0000000087200000| PB 0x0000000087200000| Untracked |  0
|  61|0x0000000087300000, 0x0000000087300000, 0x0000000087400000|  0%| F|  |TAMS 0x0000000087300000| PB 0x0000000087300000| Untracked |  0
|  62|0x0000000087400000, 0x0000000087400000, 0x0000000087500000|  0%| F|  |TAMS 0x0000000087400000| PB 0x0000000087400000| Untracked |  0
|  63|0x0000000087500000, 0x0000000087500000, 0x0000000087600000|  0%| F|  |TAMS 0x0000000087500000| PB 0x0000000087500000| Untracked |  0
|  64|0x0000000087600000, 0x0000000087600000, 0x0000000087700000|  0%| F|  |TAMS 0x0000000087600000| PB 0x0000000087600000| Untracked |  0
|  65|0x0000000087700000, 0x0000000087700000, 0x0000000087800000|  0%| F|  |TAMS 0x0000000087700000| PB 0x0000000087700000| Untracked |  0
|  66|0x0000000087800000, 0x0000000087800000, 0x0000000087900000|  0%| F|  |TAMS 0x0000000087800000| PB 0x0000000087800000| Untracked |  0
|  67|0x0000000087900000, 0x0000000087900000, 0x0000000087a00000|  0%| F|  |TAMS 0x0000000087900000| PB 0x0000000087900000| Untracked |  0
|  68|0x0000000087a00000, 0x0000000087a00000, 0x0000000087b00000|  0%| F|  |TAMS 0x0000000087a00000| PB 0x0000000087a00000| Untracked |  0
|  69|0x0000000087b00000, 0x0000000087b00000, 0x0000000087c00000|  0%| F|  |TAMS 0x0000000087b00000| PB 0x0000000087b00000| Untracked |  0
|  70|0x0000000087c00000, 0x0000000087c00000, 0x0000000087d00000|  0%| F|  |TAMS 0x0000000087c00000| PB 0x0000000087c00000| Untracked |  0
|  71|0x0000000087d00000, 0x0000000087d00000, 0x0000000087e00000|  0%| F|  |TAMS 0x0000000087d00000| PB 0x0000000087d00000| Untracked |  0
|  72|0x0000000087e00000, 0x0000000087e00000, 0x0000000087f00000|  0%| F|  |TAMS 0x0000000087e00000| PB 0x0000000087e00000| Untracked |  0
|  73|0x0000000087f00000, 0x0000000088000000, 0x0000000088000000|100%| S|CS|TAMS 0x0000000087f00000| PB 0x0000000087f00000| Complete |  0
|  74|0x0000000088000000, 0x0000000088100000, 0x0000000088100000|100%| S|CS|TAMS 0x0000000088000000| PB 0x0000000088000000| Complete |  0
|  75|0x0000000088100000, 0x0000000088200000, 0x0000000088200000|100%| S|CS|TAMS 0x0000000088100000| PB 0x0000000088100000| Complete |  0
|  76|0x0000000088200000, 0x0000000088300000, 0x0000000088300000|100%| S|CS|TAMS 0x0000000088200000| PB 0x0000000088200000| Complete |  0
|  77|0x0000000088300000, 0x0000000088400000, 0x0000000088400000|100%| S|CS|TAMS 0x0000000088300000| PB 0x0000000088300000| Complete |  0
|  78|0x0000000088400000, 0x0000000088500000, 0x0000000088500000|100%| S|CS|TAMS 0x0000000088400000| PB 0x0000000088400000| Complete |  0
|  79|0x0000000088500000, 0x0000000088500000, 0x0000000088600000|  0%| F|  |TAMS 0x0000000088500000| PB 0x0000000088500000| Untracked |  0
|  80|0x0000000088600000, 0x0000000088600000, 0x0000000088700000|  0%| F|  |TAMS 0x0000000088600000| PB 0x0000000088600000| Untracked |  0
|  81|0x0000000088700000, 0x0000000088700000, 0x0000000088800000|  0%| F|  |TAMS 0x0000000088700000| PB 0x0000000088700000| Untracked |  0
|  82|0x0000000088800000, 0x0000000088900000, 0x0000000088900000|100%| E|  |TAMS 0x0000000088800000| PB 0x0000000088800000| Complete |  0
|  83|0x0000000088900000, 0x0000000088a00000, 0x0000000088a00000|100%| E|CS|TAMS 0x0000000088900000| PB 0x0000000088900000| Complete |  0
|  84|0x0000000088a00000, 0x0000000088b00000, 0x0000000088b00000|100%| E|CS|TAMS 0x0000000088a00000| PB 0x0000000088a00000| Complete |  0
|  85|0x0000000088b00000, 0x0000000088c00000, 0x0000000088c00000|100%| E|CS|TAMS 0x0000000088b00000| PB 0x0000000088b00000| Complete |  0
|  86|0x0000000088c00000, 0x0000000088d00000, 0x0000000088d00000|100%| E|CS|TAMS 0x0000000088c00000| PB 0x0000000088c00000| Complete |  0
|  87|0x0000000088d00000, 0x0000000088e00000, 0x0000000088e00000|100%| E|CS|TAMS 0x0000000088d00000| PB 0x0000000088d00000| Complete |  0
|  88|0x0000000088e00000, 0x0000000088f00000, 0x0000000088f00000|100%| E|CS|TAMS 0x0000000088e00000| PB 0x0000000088e00000| Complete |  0
|  89|0x0000000088f00000, 0x0000000089000000, 0x0000000089000000|100%| E|CS|TAMS 0x0000000088f00000| PB 0x0000000088f00000| Complete |  0
|  90|0x0000000089000000, 0x0000000089100000, 0x0000000089100000|100%| E|CS|TAMS 0x0000000089000000| PB 0x0000000089000000| Complete |  0
|  91|0x0000000089100000, 0x0000000089200000, 0x0000000089200000|100%| E|CS|TAMS 0x0000000089100000| PB 0x0000000089100000| Complete |  0
|  92|0x0000000089200000, 0x0000000089300000, 0x0000000089300000|100%| E|CS|TAMS 0x0000000089200000| PB 0x0000000089200000| Complete |  0
|  93|0x0000000089300000, 0x0000000089400000, 0x0000000089400000|100%| E|CS|TAMS 0x0000000089300000| PB 0x0000000089300000| Complete |  0
|  94|0x0000000089400000, 0x0000000089500000, 0x0000000089500000|100%| E|CS|TAMS 0x0000000089400000| PB 0x0000000089400000| Complete |  0
|  95|0x0000000089500000, 0x0000000089600000, 0x0000000089600000|100%| E|  |TAMS 0x0000000089500000| PB 0x0000000089500000| Complete |  0
|  96|0x0000000089600000, 0x0000000089700000, 0x0000000089700000|100%| E|CS|TAMS 0x0000000089600000| PB 0x0000000089600000| Complete |  0
|  97|0x0000000089700000, 0x0000000089800000, 0x0000000089800000|100%| E|CS|TAMS 0x0000000089700000| PB 0x0000000089700000| Complete |  0
|  98|0x0000000089800000, 0x0000000089900000, 0x0000000089900000|100%| E|CS|TAMS 0x0000000089800000| PB 0x0000000089800000| Complete |  0
|  99|0x0000000089900000, 0x0000000089a00000, 0x0000000089a00000|100%| E|CS|TAMS 0x0000000089900000| PB 0x0000000089900000| Complete |  0
| 100|0x0000000089a00000, 0x0000000089b00000, 0x0000000089b00000|100%| E|CS|TAMS 0x0000000089a00000| PB 0x0000000089a00000| Complete |  0
| 101|0x0000000089b00000, 0x0000000089c00000, 0x0000000089c00000|100%| E|CS|TAMS 0x0000000089b00000| PB 0x0000000089b00000| Complete |  0
| 102|0x0000000089c00000, 0x0000000089d00000, 0x0000000089d00000|100%| E|CS|TAMS 0x0000000089c00000| PB 0x0000000089c00000| Complete |  0
| 103|0x0000000089d00000, 0x0000000089e00000, 0x0000000089e00000|100%| E|CS|TAMS 0x0000000089d00000| PB 0x0000000089d00000| Complete |  0
| 104|0x0000000089e00000, 0x0000000089f00000, 0x0000000089f00000|100%| E|CS|TAMS 0x0000000089e00000| PB 0x0000000089e00000| Complete |  0
| 105|0x0000000089f00000, 0x000000008a000000, 0x000000008a000000|100%| E|CS|TAMS 0x0000000089f00000| PB 0x0000000089f00000| Complete |  0
| 106|0x000000008a000000, 0x000000008a100000, 0x000000008a100000|100%| E|CS|TAMS 0x000000008a000000| PB 0x000000008a000000| Complete |  0
| 107|0x000000008a100000, 0x000000008a200000, 0x000000008a200000|100%| E|CS|TAMS 0x000000008a100000| PB 0x000000008a100000| Complete |  0
| 108|0x000000008a200000, 0x000000008a300000, 0x000000008a300000|100%| E|CS|TAMS 0x000000008a200000| PB 0x000000008a200000| Complete |  0
| 109|0x000000008a300000, 0x000000008a400000, 0x000000008a400000|100%| E|CS|TAMS 0x000000008a300000| PB 0x000000008a300000| Complete |  0
| 110|0x000000008a400000, 0x000000008a500000, 0x000000008a500000|100%| E|CS|TAMS 0x000000008a400000| PB 0x000000008a400000| Complete |  0
| 111|0x000000008a500000, 0x000000008a600000, 0x000000008a600000|100%| E|CS|TAMS 0x000000008a500000| PB 0x000000008a500000| Complete |  0
| 112|0x000000008a600000, 0x000000008a700000, 0x000000008a700000|100%| E|CS|TAMS 0x000000008a600000| PB 0x000000008a600000| Complete |  0
| 113|0x000000008a700000, 0x000000008a800000, 0x000000008a800000|100%| E|CS|TAMS 0x000000008a700000| PB 0x000000008a700000| Complete |  0
| 114|0x000000008a800000, 0x000000008a900000, 0x000000008a900000|100%| E|CS|TAMS 0x000000008a800000| PB 0x000000008a800000| Complete |  0
| 115|0x000000008a900000, 0x000000008aa00000, 0x000000008aa00000|100%| E|CS|TAMS 0x000000008a900000| PB 0x000000008a900000| Complete |  0
| 116|0x000000008aa00000, 0x000000008ab00000, 0x000000008ab00000|100%| E|CS|TAMS 0x000000008aa00000| PB 0x000000008aa00000| Complete |  0
| 117|0x000000008ab00000, 0x000000008ac00000, 0x000000008ac00000|100%| E|CS|TAMS 0x000000008ab00000| PB 0x000000008ab00000| Complete |  0
| 118|0x000000008ac00000, 0x000000008ad00000, 0x000000008ad00000|100%| E|CS|TAMS 0x000000008ac00000| PB 0x000000008ac00000| Complete |  0
| 119|0x000000008ad00000, 0x000000008ae00000, 0x000000008ae00000|100%| E|CS|TAMS 0x000000008ad00000| PB 0x000000008ad00000| Complete |  0
| 120|0x000000008ae00000, 0x000000008af00000, 0x000000008af00000|100%| E|CS|TAMS 0x000000008ae00000| PB 0x000000008ae00000| Complete |  0
| 121|0x000000008af00000, 0x000000008b000000, 0x000000008b000000|100%| E|CS|TAMS 0x000000008af00000| PB 0x000000008af00000| Complete |  0
| 122|0x000000008b000000, 0x000000008b100000, 0x000000008b100000|100%| E|CS|TAMS 0x000000008b000000| PB 0x000000008b000000| Complete |  0
| 123|0x000000008b100000, 0x000000008b200000, 0x000000008b200000|100%| E|CS|TAMS 0x000000008b100000| PB 0x000000008b100000| Complete |  0
| 124|0x000000008b200000, 0x000000008b300000, 0x000000008b300000|100%| E|CS|TAMS 0x000000008b200000| PB 0x000000008b200000| Complete |  0
| 125|0x000000008b300000, 0x000000008b400000, 0x000000008b400000|100%| E|CS|TAMS 0x000000008b300000| PB 0x000000008b300000| Complete |  0
|1992|0x00000000ffe00000, 0x00000000fff00000, 0x00000000fff00000|100%| O|  |TAMS 0x00000000ffe00000| PB 0x00000000ffe00000| Untracked |  0
|1993|0x00000000fff00000, 0x00000000fff25608, 0x0000000100000000| 14%| O|  |TAMS 0x00000000fff00000| PB 0x00000000fff00000| Untracked |  0

Card table byte_map: [0x0000018e49e60000,0x0000018e4a250000] _byte_map_base: 0x0000018e49a45000

Marking Bits: (CMBitMap*) 0x0000018e31e2d0c0
 Bits: [0x0000018e4a250000, 0x0000018e4c178000)

Polling page: 0x0000018e314d0000

Metaspace:
Metaspace        used 17094K, committed 17600K, reserved 1114112K
 class space     used 1646K, committed 1856K, reserved 1048576K

Usage:
  Non-class:     15.09 MB used.
      Class:      1.61 MB used.
       Both:     16.69 MB used.

Virtual space:
  Non-class space:       64.00 MB reserved,      15.38 MB ( 24%) committed,  1 nodes.
      Class space:        1.00 GB reserved,       1.81 MB ( <1%) committed,  1 nodes.
             Both:        1.06 GB reserved,      17.19 MB (  2%) committed. 

Chunk freelists:
   Non-Class:  64.00 KB
       Class:  14.08 MB
        Both:  14.14 MB

MaxMetaspaceSize: unlimited
CompressedClassSpaceSize: 1.00 GB
Initial GC threshold: 21.00 MB
Current GC threshold: 21.00 MB
CDS: on
 - commit_granule_bytes: 65536.
 - commit_granule_words: 8192.
 - virtual_space_node_default_size: 8388608.
 - enlarge_chunks_in_place: 1.
UseCompressedClassPointers 1, UseCompactObjectHeaders 0
Narrow klass pointer bits 32, Max shift 3
Narrow klass base: 0x000000000b000000, Narrow klass shift: 0
Encoding Range: [0x000000000b000000 - 0x000000010b000000), (4294967296 bytes)
Klass Range:    [0x000000000b010000 - 0x000000004c000000), (1090453504 bytes)
Klass ID Range:  [65536 - 1090519033) (1090453497)
Protection zone: [0x000000000b000000 - 0x000000000b010000), (65536 bytes)


Internal statistics:

num_allocs_failed_limit: 0.
num_arena_births: 400.
num_arena_deaths: 0.
num_vsnodes_births: 2.
num_vsnodes_deaths: 0.
num_space_committed: 275.
num_space_uncommitted: 0.
num_chunks_returned_to_freelist: 0.
num_chunks_taken_from_freelist: 859.
num_chunk_merges: 0.
num_chunk_splits: 554.
num_chunks_enlarged: 353.
num_inconsistent_stats: 0.

CodeHeap 'non-profiled nmethods': size=120064Kb used=1021Kb max_used=1021Kb free=119042Kb
 bounds [0x0000018e420f0000, 0x0000018e42360000, 0x0000018e49630000]
CodeHeap 'profiled nmethods': size=120000Kb used=5643Kb max_used=5643Kb free=114356Kb
 bounds [0x0000018e3a630000, 0x0000018e3abc0000, 0x0000018e41b60000]
CodeHeap 'non-nmethods': size=5696Kb used=2775Kb max_used=2789Kb free=2920Kb
 bounds [0x0000018e41b60000, 0x0000018e41e20000, 0x0000018e420f0000]
CodeCache: size=245760Kb, used=9439Kb, max_used=9453Kb, free=236318Kb
 total_blobs=4463, nmethods=3640, adapters=725, full_count=0
Compilation: enabled, stopped_count=0, restarted_count=0

Compilation events (20 events):
Event: 1.317 Thread 0x0000018e4e7f3320 nmethod 3614 0x0000018e3aba7708 code [0x0000018e3aba7800, 0x0000018e3aba7ab8]
Event: 1.319 Thread 0x0000018e5318bc60 nmethod 3570 0x0000018e421ea388 code [0x0000018e421ea480, 0x0000018e421ec4a0]
Event: 1.334 Thread 0x0000018e4e7f3320 3615       3       org.codehaus.groovy.reflection.CachedMethod::deref (16 bytes)
Event: 1.334 Thread 0x0000018e4e7f3320 nmethod 3615 0x0000018e3aba7b08 code [0x0000018e3aba7c00, 0x0000018e3aba7ed8]
Event: 1.334 Thread 0x0000018e4e7f3320 3616       3       java.lang.invoke.LambdaForm$MH/0x000000000c08f400::invoke (151 bytes)
Event: 1.334 Thread 0x0000018e4e7f3320 nmethod 3616 0x0000018e3aba7f08 code [0x0000018e3aba8000, 0x0000018e3aba9398]
Event: 1.334 Thread 0x0000018e4e7f3320 3617       3       java.lang.invoke.LambdaForm$DMH/0x000000000c08c800::newInvokeSpecial (32 bytes)
Event: 1.335 Thread 0x0000018e4e7f3320 nmethod 3617 0x0000018e3aba9408 code [0x0000018e3aba9500, 0x0000018e3aba9cc8]
Event: 1.335 Thread 0x0000018e4e7f3320 3618       3       java.util.ArrayList::sort (21 bytes)
Event: 1.335 Thread 0x0000018e4e7f3320 nmethod 3618 0x0000018e3aba9d08 code [0x0000018e3aba9e00, 0x0000018e3aba9f58]
Event: 1.335 Thread 0x0000018e4e7f3320 3620       3       sun.reflect.generics.parser.SignatureParser::parseMethodSig (10 bytes)
Event: 1.335 Thread 0x0000018e4e7f3320 nmethod 3620 0x0000018e3abaa008 code [0x0000018e3abaa100, 0x0000018e3abaa300]
Event: 1.335 Thread 0x0000018e4e7f3320 3619       3       java.util.ArrayList::sortRange (34 bytes)
Event: 1.335 Thread 0x0000018e4e7f3320 nmethod 3619 0x0000018e3abaa308 code [0x0000018e3abaa400, 0x0000018e3abaa660]
Event: 1.335 Thread 0x0000018e4e7ec490 3621       4       groovyjarjarasm.asm.Frame::push (109 bytes)
Event: 1.335 Thread 0x0000018e4e7f3320 3622       3       java.lang.reflect.Constructor::acquireConstructorAccessor (75 bytes)
Event: 1.336 Thread 0x0000018e4e7f3320 nmethod 3622 0x0000018e3abaa688 code [0x0000018e3abaa780, 0x0000018e3abab038]
Event: 1.337 Thread 0x0000018e4e7ec490 nmethod 3621 0x0000018e421ec508 code [0x0000018e421ec600, 0x0000018e421ec8f0]
Event: 1.340 Thread 0x0000018e4e7f3320 3623       1       java.util.concurrent.CopyOnWriteArrayList::setArray (6 bytes)
Event: 1.340 Thread 0x0000018e4e7f3320 nmethod 3623 0x0000018e421ec908 code [0x0000018e421eca00, 0x0000018e421ecb18]

GC Heap Usage History (2 events):
Event: 0.889 {heap Before GC invocations=0 (full 0):
 garbage-first heap   total reserved 2041856K, committed 131072K, used 51349K [0x0000000083600000, 0x0000000100000000)
  region size 1024K, 47 young (48128K), 0 survivors (0K)
}
Event: 0.902 {heap After GC invocations=1 (full 0):
 garbage-first heap   total reserved 2041856K, committed 131072K, used 11413K [0x0000000083600000, 0x0000000100000000)
  region size 1024K, 6 young (6144K), 6 survivors (6144K)
}

Metaspace Usage History (2 events):
Event: 0.889 {metaspace Before GC invocations=0 (full 0):
 Metaspace       used 11135K, committed 11520K, reserved 1114112K
  class space    used 985K, committed 1152K, reserved 1048576K
}
Event: 0.902 {metaspace After GC invocations=1 (full 0):
 Metaspace       used 11135K, committed 11520K, reserved 1114112K
  class space    used 985K, committed 1152K, reserved 1048576K
}

Dll operation events (9 events):
Event: 0.009 Loaded shared library C:\Program Files\Java\jdk-25\bin\java.dll
Event: 0.072 Loaded shared library C:\Program Files\Java\jdk-25\bin\zip.dll
Event: 0.074 Loaded shared library C:\Program Files\Java\jdk-25\bin\instrument.dll
Event: 0.077 Loaded shared library C:\Program Files\Java\jdk-25\bin\net.dll
Event: 0.080 Loaded shared library C:\Program Files\Java\jdk-25\bin\nio.dll
Event: 0.084 Loaded shared library C:\Program Files\Java\jdk-25\bin\zip.dll
Event: 0.117 Loaded shared library C:\Program Files\Java\jdk-25\bin\verify.dll
Event: 0.123 Loaded shared library C:\Program Files\Java\jdk-25\bin\extnet.dll
Event: 0.153 Loaded shared library C:\Program Files\Java\jdk-25\bin\jimage.dll

Deoptimization events (20 events):
Event: 1.213 Thread 0x0000018e31dd4350 DEOPT PACKING pc=0x0000018e42151840 sp=0x00000031888f9d00
Event: 1.213 Thread 0x0000018e31dd4350 DEOPT UNPACKING pc=0x0000018e41c8f502 sp=0x00000031888f9c88 mode 2
Event: 1.259 Thread 0x0000018e31dd4350 Uncommon trap: trap_request=0xffffffc6 fr.pc=0x0000018e421e2034 relative=0x00000000000002b4
Event: 1.259 Thread 0x0000018e31dd4350 Uncommon trap: reason=bimorphic_or_optimized_type_check action=maybe_recompile pc=0x0000018e421e2034 method=java.util.Collections$UnmodifiableCollection$1.next()Ljava/lang/Object; @ 4 c2
Event: 1.259 Thread 0x0000018e31dd4350 DEOPT PACKING pc=0x0000018e421e2034 sp=0x00000031888fa7d0
Event: 1.259 Thread 0x0000018e31dd4350 DEOPT UNPACKING pc=0x0000018e41c8f502 sp=0x00000031888fa770 mode 2
Event: 1.263 Thread 0x0000018e31dd4350 Uncommon trap: trap_request=0xffffffc6 fr.pc=0x0000018e421e2034 relative=0x00000000000002b4
Event: 1.263 Thread 0x0000018e31dd4350 Uncommon trap: reason=bimorphic_or_optimized_type_check action=maybe_recompile pc=0x0000018e421e2034 method=java.util.Collections$UnmodifiableCollection$1.next()Ljava/lang/Object; @ 4 c2
Event: 1.263 Thread 0x0000018e31dd4350 DEOPT PACKING pc=0x0000018e421e2034 sp=0x00000031888fa7d0
Event: 1.263 Thread 0x0000018e31dd4350 DEOPT UNPACKING pc=0x0000018e41c8f502 sp=0x00000031888fa770 mode 2
Event: 1.284 Thread 0x0000018e31dd4350 DEOPT PACKING pc=0x0000018e3a90b090 sp=0x00000031888fb410
Event: 1.284 Thread 0x0000018e31dd4350 DEOPT UNPACKING pc=0x0000018e41bb12a2 sp=0x00000031888fa918 mode 0
Event: 1.286 Thread 0x0000018e31dd4350 Uncommon trap: trap_request=0xffffffcc fr.pc=0x0000018e421e552c relative=0x00000000000002ac
Event: 1.286 Thread 0x0000018e31dd4350 Uncommon trap: reason=intrinsic_or_type_checked_inlining action=make_not_entrant pc=0x0000018e421e552c method=java.util.ArrayList.toArray([Ljava/lang/Object;)[Ljava/lang/Object; @ 36 c2
Event: 1.286 Thread 0x0000018e31dd4350 DEOPT PACKING pc=0x0000018e421e552c sp=0x00000031888fb950
Event: 1.286 Thread 0x0000018e31dd4350 DEOPT UNPACKING pc=0x0000018e41c8f502 sp=0x00000031888fb8f0 mode 2
Event: 1.334 Thread 0x0000018e31dd4350 Uncommon trap: trap_request=0xffffff45 fr.pc=0x0000018e421ebfac relative=0x0000000000001b2c
Event: 1.334 Thread 0x0000018e31dd4350 Uncommon trap: reason=unstable_if action=reinterpret pc=0x0000018e421ebfac method=org.codehaus.groovy.vmplugin.v9.Java9.checkAccessible(Ljava/lang/Class;Ljava/lang/Class;IZ)Z @ 65 c2
Event: 1.334 Thread 0x0000018e31dd4350 DEOPT PACKING pc=0x0000018e421ebfac sp=0x00000031888fa990
Event: 1.334 Thread 0x0000018e31dd4350 DEOPT UNPACKING pc=0x0000018e41c8f502 sp=0x00000031888fa8e8 mode 2

Classes loaded (20 events):
Event: 1.408 Loading class sun/net/InetAddressCachePolicy
Event: 1.408 Loading class sun/net/InetAddressCachePolicy done
Event: 1.408 Loading class java/net/InetAddress$CachedLookup
Event: 1.408 Loading class java/net/InetAddress$CachedLookup done
Event: 1.409 Loading class java/util/concurrent/ThreadLocalRandom$Access
Event: 1.409 Loading class java/util/concurrent/ThreadLocalRandom$Access done
Event: 1.409 Loading class java/util/concurrent/ThreadLocalRandom$Access$1
Event: 1.409 Loading class jdk/internal/access/JavaUtilConcurrentTLRAccess
Event: 1.409 Loading class jdk/internal/access/JavaUtilConcurrentTLRAccess done
Event: 1.409 Loading class java/util/concurrent/ThreadLocalRandom$Access$1 done
Event: 1.409 Loading class javax/net/DefaultSocketFactory
Event: 1.409 Loading class javax/net/DefaultSocketFactory done
Event: 1.456 Loading class sun/security/ssl/SSLSocketImpl
Event: 1.456 Loading class sun/security/ssl/SSLTransport
Event: 1.456 Loading class sun/security/ssl/SSLTransport done
Event: 1.456 Loading class sun/security/ssl/BaseSSLSocketImpl
Event: 1.456 Loading class sun/security/ssl/BaseSSLSocketImpl done
Event: 1.456 Loading class sun/security/ssl/SSLSocketImpl done
Event: 1.457 Loading class sun/security/ssl/SSLSocketImpl$AppInputStream
Event: 1.543 Loading class sun/security/ssl/SSLSocketImpl$AppInputStream done

Classes unloaded (0 events):
No events

Classes redefined (0 events):
No events

Internal exceptions (20 events):
Event: 1.277 Thread 0x0000018e31dd4350 Exception <a 'java/lang/ClassNotFoundException'{0x0000000088dfddf0}: org/apache/http/params/AbstractHttpParamsBeanInfo> (0x0000000088dfddf0) 
thrown [s\open\src\hotspot\share\classfile\systemDictionary.cpp, line 327]
Event: 1.277 Thread 0x0000018e31dd4350 Exception <a 'java/lang/ClassNotFoundException'{0x0000000088c01438}: org/apache/http/params/AbstractHttpParamsCustomizer> (0x0000000088c01438) 
thrown [s\open\src\hotspot\share\classfile\systemDictionary.cpp, line 327]
Event: 1.277 Thread 0x0000018e31dd4350 Exception <a 'java/lang/ClassNotFoundException'{0x0000000088c0bc00}: org/apache/http/params/BasicHttpParamsCustomizer> (0x0000000088c0bc00) 
thrown [s\open\src\hotspot\share\classfile\systemDictionary.cpp, line 327]
Event: 1.278 Thread 0x0000018e31dd4350 Exception <a 'java/lang/ClassNotFoundException'{0x0000000088c18658}: org/apache/http/params/SyncBasicHttpParamsCustomizer> (0x0000000088c18658) 
thrown [s\open\src\hotspot\share\classfile\systemDictionary.cpp, line 327]
Event: 1.283 Thread 0x0000018e31dd4350 Exception <a 'java/lang/ClassNotFoundException'{0x0000000088c4e770}: io/restassured/internal/http/StringHashMapBeanInfo> (0x0000000088c4e770) 
thrown [s\open\src\hotspot\share\classfile\systemDictionary.cpp, line 327]
Event: 1.283 Thread 0x0000018e31dd4350 Exception <a 'java/lang/ClassNotFoundException'{0x0000000088c51b28}: io/restassured/internal/http/StringHashMapCustomizer> (0x0000000088c51b28) 
thrown [s\open\src\hotspot\share\classfile\systemDictionary.cpp, line 327]
Event: 1.289 Thread 0x0000018e31dd4350 Exception <a 'java/lang/ClassNotFoundException'{0x0000000088caa970}: io/restassured/internal/RestAssuredResponseImplBeanInfo> (0x0000000088caa970) 
thrown [s\open\src\hotspot\share\classfile\systemDictionary.cpp, line 327]
Event: 1.289 Thread 0x0000018e31dd4350 Exception <a 'java/lang/ClassNotFoundException'{0x0000000088cad5c0}: io/restassured/internal/RestAssuredResponseOptionsImplBeanInfo> (0x0000000088cad5c0) 
thrown [s\open\src\hotspot\share\classfile\systemDictionary.cpp, line 327]
Event: 1.289 Thread 0x0000018e31dd4350 Exception <a 'java/lang/ClassNotFoundException'{0x0000000088cb0208}: io/restassured/internal/RestAssuredResponseOptionsImplCustomizer> (0x0000000088cb0208) 
thrown [s\open\src\hotspot\share\classfile\systemDictionary.cpp, line 327]
Event: 1.291 Thread 0x0000018e31dd4350 Exception <a 'java/lang/ClassNotFoundException'{0x0000000088cee348}: io/restassured/internal/RestAssuredResponseImplCustomizer> (0x0000000088cee348) 
thrown [s\open\src\hotspot\share\classfile\systemDictionary.cpp, line 327]
Event: 1.294 Thread 0x0000018e31dd4350 Exception <a 'java/lang/ClassNotFoundException'{0x0000000088b1e998}: io/restassured/internal/RestAssuredResponseOptionsGroovyImplBeanInfo> (0x0000000088b1e998) 
thrown [s\open\src\hotspot\share\classfile\systemDictionary.cpp, line 327]
Event: 1.294 Thread 0x0000018e31dd4350 Exception <a 'java/lang/ClassNotFoundException'{0x0000000088b21658}: io/restassured/internal/RestAssuredResponseOptionsGroovyImplCustomizer> (0x0000000088b21658) 
thrown [s\open\src\hotspot\share\classfile\systemDictionary.cpp, line 327]
Event: 1.299 Thread 0x0000018e31dd4350 Exception <a 'java/lang/ClassNotFoundException'{0x0000000088baa6f8}: groovy/lang/GroovyObjectBeanInfo> (0x0000000088baa6f8) 
thrown [s\open\src\hotspot\share\classfile\systemDictionary.cpp, line 327]
Event: 1.299 Thread 0x0000018e31dd4350 Exception <a 'java/lang/ClassNotFoundException'{0x0000000088bad100}: groovy/lang/GroovyObjectCustomizer> (0x0000000088bad100) 
thrown [s\open\src\hotspot\share\classfile\systemDictionary.cpp, line 327]
Event: 1.299 Thread 0x0000018e31dd4350 Exception <a 'java/lang/NoSuchMethodError'{0x0000000088bb2c60}: 'int java.lang.invoke.DirectMethodHandle$Holder.invokeVirtual(java.lang.Object, java.lang.Object, java.lang.Object, java.lang.Object)'> (0x0000000088bb2c60) 
thrown [s\open\src\hotspot\share\interpreter\linkResolver.cpp, line 804]
Event: 1.302 Thread 0x0000018e31dd4350 Exception <a 'java/lang/ClassNotFoundException'{0x0000000088a007e0}: io/restassured/config/SSLConfigBeanInfo> (0x0000000088a007e0) 
thrown [s\open\src\hotspot\share\classfile\systemDictionary.cpp, line 327]
Event: 1.302 Thread 0x0000018e31dd4350 Exception <a 'java/lang/ClassNotFoundException'{0x0000000088a03aa8}: io/restassured/config/SSLConfigCustomizer> (0x0000000088a03aa8) 
thrown [s\open\src\hotspot\share\classfile\systemDictionary.cpp, line 327]
Event: 1.334 Thread 0x0000018e31dd4350 Implicit null exception at 0x0000018e421eb867 to 0x0000018e421ebf94
Event: 1.335 Thread 0x0000018e31dd4350 Exception <a 'java/lang/ClassNotFoundException'{0x00000000889a8c60}: sun/net/spi/DefaultProxySelectorBeanInfo> (0x00000000889a8c60) 
thrown [s\open\src\hotspot\share\classfile\systemDictionary.cpp, line 327]
Event: 1.335 Thread 0x0000018e31dd4350 Exception <a 'java/lang/ClassNotFoundException'{0x00000000889aa988}: sun/net/spi/DefaultProxySelectorCustomizer> (0x00000000889aa988) 
thrown [s\open\src\hotspot\share\classfile\systemDictionary.cpp, line 327]

VM Operations (20 events):
Event: 0.873 Executing non-safepoint VM operation: HandshakeAllThreads (Deoptimize)
Event: 0.873 Executing non-safepoint VM operation: HandshakeAllThreads (Deoptimize) done
Event: 0.889 Executing safepoint VM operation: G1CollectForAllocation (G1 Evacuation Pause)
Event: 0.902 Executing safepoint VM operation: G1CollectForAllocation (G1 Evacuation Pause) done
Event: 0.916 Executing non-safepoint VM operation: HandshakeAllThreads (Deoptimize)
Event: 0.916 Executing non-safepoint VM operation: HandshakeAllThreads (Deoptimize) done
Event: 1.101 Executing non-safepoint VM operation: HandshakeAllThreads (Deoptimize)
Event: 1.101 Executing non-safepoint VM operation: HandshakeAllThreads (Deoptimize) done
Event: 1.115 Executing non-safepoint VM operation: HandshakeAllThreads (Deoptimize)
Event: 1.115 Executing non-safepoint VM operation: HandshakeAllThreads (Deoptimize) done
Event: 1.116 Executing non-safepoint VM operation: HandshakeAllThreads (Deoptimize)
Event: 1.116 Executing non-safepoint VM operation: HandshakeAllThreads (Deoptimize) done
Event: 1.124 Executing non-safepoint VM operation: HandshakeAllThreads (Deoptimize)
Event: 1.124 Executing non-safepoint VM operation: HandshakeAllThreads (Deoptimize) done
Event: 1.135 Executing non-safepoint VM operation: HandshakeAllThreads (Deoptimize)
Event: 1.135 Executing non-safepoint VM operation: HandshakeAllThreads (Deoptimize) done
Event: 1.143 Executing non-safepoint VM operation: HandshakeAllThreads (Deoptimize)
Event: 1.143 Executing non-safepoint VM operation: HandshakeAllThreads (Deoptimize) done
Event: 1.173 Executing non-safepoint VM operation: HandshakeAllThreads (Deoptimize)
Event: 1.174 Executing non-safepoint VM operation: HandshakeAllThreads (Deoptimize) done

Memory protections (0 events):
No events

Nmethod flushes (0 events):
No events

Events (16 events):
Event: 0.020 Thread 0x0000018e31dd4350 Thread added: 0x0000018e31dd4350
Event: 0.031 Thread 0x0000018e31dd4350 Thread added: 0x0000018e4e7d7e40
Event: 0.031 Thread 0x0000018e31dd4350 Thread added: 0x0000018e4e7d88a0
Event: 0.031 Thread 0x0000018e31dd4350 Thread added: 0x0000018e4e7da5a0
Event: 0.031 Thread 0x0000018e31dd4350 Thread added: 0x0000018e4e7db620
Event: 0.031 Thread 0x0000018e31dd4350 Thread added: 0x0000018e4e7e0480
Event: 0.031 Thread 0x0000018e31dd4350 Thread added: 0x0000018e4e7eb060
Event: 0.031 Thread 0x0000018e31dd4350 Thread added: 0x0000018e4e7ec490
Event: 0.031 Thread 0x0000018e31dd4350 Thread added: 0x0000018e4e7f3320
Event: 0.076 Thread 0x0000018e31dd4350 Thread added: 0x0000018e53162430
Event: 0.088 Thread 0x0000018e4e7ec490 Thread added: 0x0000018e5318bc60
Event: 0.109 Thread 0x0000018e31dd4350 Thread added: 0x0000018e532a26d0
Event: 0.109 Thread 0x0000018e31dd4350 Thread added: 0x0000018e5329efa0
Event: 0.863 Thread 0x0000018e31dd4350 Thread added: 0x0000018e4e7e85c0
Event: 0.864 Thread 0x0000018e31dd4350 Thread added: 0x0000018e4e7e56e0
Event: 0.913 Thread 0x0000018e4e7f3320 Thread added: 0x0000018e53b15060


Dynamic libraries:
0x00007ff646c50000 - 0x00007ff646c60000 	C:\Program Files\Java\jdk-25\bin\java.exe
0x00007fff5fb60000 - 0x00007fff5fdc8000 	C:\WINDOWS\SYSTEM32\ntdll.dll
0x00007fff5dc30000 - 0x00007fff5dcf9000 	C:\WINDOWS\System32\KERNEL32.DLL
0x00007fff5ce20000 - 0x00007fff5d212000 	C:\WINDOWS\System32\KERNELBASE.dll
0x00007fff5d220000 - 0x00007fff5d36b000 	C:\WINDOWS\System32\ucrtbase.dll
0x00007fff486e0000 - 0x00007fff486f7000 	C:\Program Files\Java\jdk-25\bin\jli.dll
0x00007fff486c0000 - 0x00007fff486de000 	C:\Program Files\Java\jdk-25\bin\VCRUNTIME140.dll
0x00007fff5f2e0000 - 0x00007fff5f4a5000 	C:\WINDOWS\System32\USER32.dll
0x00007fff5d430000 - 0x00007fff5d457000 	C:\WINDOWS\System32\win32u.dll
0x00007fff5f2b0000 - 0x00007fff5f2db000 	C:\WINDOWS\System32\GDI32.dll
0x00007fff5ccf0000 - 0x00007fff5ce1d000 	C:\WINDOWS\System32\gdi32full.dll
0x00007fff420e0000 - 0x00007fff42373000 	C:\WINDOWS\WinSxS\amd64_microsoft.windows.common-controls_6595b64144ccf1df_6.0.26100.6899_none_3e0efeeae32e88c1\COMCTL32.dll
0x00007fff5d460000 - 0x00007fff5d503000 	C:\WINDOWS\System32\msvcp_win.dll
0x00007fff5ef80000 - 0x00007fff5f029000 	C:\WINDOWS\System32\msvcrt.dll
0x00007fff5f520000 - 0x00007fff5f54f000 	C:\WINDOWS\System32\IMM32.DLL
0x000000006d010000 - 0x000000006d01c000 	C:\Program Files (x86)\360\Total Security\safemon\SafeWrapper.dll
0x00007fff5f190000 - 0x00007fff5f244000 	C:\WINDOWS\System32\ADVAPI32.dll
0x00007fff5f560000 - 0x00007fff5f606000 	C:\WINDOWS\System32\sechost.dll
0x00007fff5dd90000 - 0x00007fff5dea8000 	C:\WINDOWS\System32\RPCRT4.dll
0x00007ffeeaf40000 - 0x00007ffeeafec000 	C:\Program Files (x86)\360\Total Security\safemon\libzdtp64.dll
0x00007fff5deb0000 - 0x00007fff5e5fd000 	C:\WINDOWS\System32\SHELL32.dll
0x00007fff5d5a0000 - 0x00007fff5d70b000 	C:\WINDOWS\System32\wintypes.dll
0x00007fff5e610000 - 0x00007fff5e98b000 	C:\WINDOWS\System32\combase.dll
0x00007fff5f4b0000 - 0x00007fff5f512000 	C:\WINDOWS\System32\SHLWAPI.dll
0x00007fff5c620000 - 0x00007fff5c62b000 	C:\WINDOWS\SYSTEM32\VERSION.dll
0x00007fff4c5a0000 - 0x00007fff4c5ac000 	C:\Program Files\Java\jdk-25\bin\vcruntime140_1.dll
0x00007fff01ff0000 - 0x00007fff0207d000 	C:\Program Files\Java\jdk-25\bin\msvcp140.dll
0x00007ffeccf80000 - 0x00007ffecdddf000 	C:\Program Files\Java\jdk-25\bin\server\jvm.dll
0x00007fff5dbb0000 - 0x00007fff5dc24000 	C:\WINDOWS\System32\WS2_32.dll
0x00007fff5cb50000 - 0x00007fff5cbae000 	C:\WINDOWS\SYSTEM32\POWRPROF.dll
0x00007fff42ff0000 - 0x00007fff43025000 	C:\WINDOWS\SYSTEM32\WINMM.dll
0x00007fff5cb30000 - 0x00007fff5cb44000 	C:\WINDOWS\SYSTEM32\UMPDC.dll
0x00007fff5ba50000 - 0x00007fff5ba6b000 	C:\WINDOWS\SYSTEM32\kernel.appcore.dll
0x00007fff4c370000 - 0x00007fff4c37a000 	C:\Program Files\Java\jdk-25\bin\jimage.dll
0x00007fff5a360000 - 0x00007fff5a5a2000 	C:\WINDOWS\SYSTEM32\DBGHELP.DLL
0x00007fff5edd0000 - 0x00007fff5eea7000 	C:\WINDOWS\System32\OLEAUT32.dll
0x00007fff574d0000 - 0x00007fff5750c000 	C:\WINDOWS\SYSTEM32\dbgcore.DLL
0x00007fff5d890000 - 0x00007fff5d928000 	C:\WINDOWS\System32\bcryptPrimitives.dll
0x00007fff574a0000 - 0x00007fff574b0000 	C:\Program Files\Java\jdk-25\bin\instrument.dll
0x00007fff452e0000 - 0x00007fff452ff000 	C:\Program Files\Java\jdk-25\bin\java.dll
0x00007fff5d9f0000 - 0x00007fff5db88000 	C:\WINDOWS\System32\ole32.dll
0x00007fff5a8f0000 - 0x00007fff5b14d000 	C:\WINDOWS\SYSTEM32\windows.storage.dll
0x00007fff5f090000 - 0x00007fff5f182000 	C:\WINDOWS\System32\SHCORE.dll
0x00007fff5cc10000 - 0x00007fff5cc39000 	C:\WINDOWS\SYSTEM32\profapi.dll
0x00007fff409b0000 - 0x00007fff409c7000 	C:\Program Files\Java\jdk-25\bin\zip.dll
0x00007fff452c0000 - 0x00007fff452d2000 	C:\Program Files\Java\jdk-25\bin\net.dll
0x00007fff5bfc0000 - 0x00007fff5c02b000 	C:\WINDOWS\system32\mswsock.dll
0x00007fff41390000 - 0x00007fff413a6000 	C:\Program Files\Java\jdk-25\bin\nio.dll
0x00007fff48c70000 - 0x00007fff48c80000 	C:\Program Files\Java\jdk-25\bin\verify.dll
0x00007fff4a4c0000 - 0x00007fff4a4c9000 	C:\Program Files\Java\jdk-25\bin\extnet.dll
0x00007fff5c270000 - 0x00007fff5c28b000 	C:\WINDOWS\SYSTEM32\CRYPTSP.dll
0x00007fff5b9b0000 - 0x00007fff5b9eb000 	C:\WINDOWS\system32\rsaenh.dll
0x00007fff5c060000 - 0x00007fff5c08b000 	C:\WINDOWS\SYSTEM32\USERENV.dll
0x00007fff5cbe0000 - 0x00007fff5cc06000 	C:\WINDOWS\SYSTEM32\bcrypt.dll
0x00007fff5c290000 - 0x00007fff5c29c000 	C:\WINDOWS\SYSTEM32\CRYPTBASE.dll
0x00007fff5b520000 - 0x00007fff5b554000 	C:\WINDOWS\SYSTEM32\IPHLPAPI.DLL
0x00007fff5dd80000 - 0x00007fff5dd8a000 	C:\WINDOWS\System32\NSI.dll
0x00007fff5b560000 - 0x00007fff5b686000 	C:\WINDOWS\SYSTEM32\DNSAPI.dll
0x00007fff511c0000 - 0x00007fff511cb000 	C:\Windows\System32\rasadhlp.dll
0x00007fff57070000 - 0x00007fff570f6000 	C:\WINDOWS\System32\fwpuclnt.dll
0x00007fff48b30000 - 0x00007fff48b3e000 	C:\Program Files\Java\jdk-25\bin\sunmscapi.dll
0x00007fff5d710000 - 0x00007fff5d887000 	C:\WINDOWS\System32\CRYPT32.dll
0x00007fff5c490000 - 0x00007fff5c4c0000 	C:\WINDOWS\SYSTEM32\ncrypt.dll
0x00007fff5c440000 - 0x00007fff5c47f000 	C:\WINDOWS\SYSTEM32\NTASN1.dll

JVMTI agents:
C:\Program Files\JetBrains\IntelliJ IDEA Community Edition 2025.2.2\lib\idea_rt.jar path:C:\Program Files\Java\jdk-25\bin\instrument.dll, loaded, initialized, instrumentlib options:49991

dbghelp: loaded successfully - version: 4.0.5 - missing functions: none
symbol engine: initialized successfully - sym options: 0x614 - pdb path: .;C:\Program Files\Java\jdk-25\bin;C:\WINDOWS\SYSTEM32;C:\WINDOWS\WinSxS\amd64_microsoft.windows.common-controls_6595b64144ccf1df_6.0.26100.6899_none_3e0efeeae32e88c1;C:\Program Files (x86)\360\Total Security\safemon;C:\Program Files\Java\jdk-25\bin\server

VM Arguments:
jvm_args: -javaagent:C:\Program Files\JetBrains\IntelliJ IDEA Community Edition 2025.2.2\lib\idea_rt.jar=49991 -Dfile.encoding=UTF-8 -Dsun.stdout.encoding=UTF-8 -Dsun.stderr.encoding=UTF-8 
java_command: PostRequest
java_class_path (initial): D:\java c\Rest assured\target\test-classes;C:\Users\lenovo\.m2\repository\io\rest-assured\rest-assured\5.5.6\rest-assured-5.5.6.jar;C:\Users\lenovo\.m2\repository\org\apache\groovy\groovy\4.0.22\groovy-4.0.22.jar;C:\Users\lenovo\.m2\repository\org\apache\groovy\groovy-xml\4.0.22\groovy-xml-4.0.22.jar;C:\Users\lenovo\.m2\repository\org\apache\httpcomponents\httpclient\4.5.13\httpclient-4.5.13.jar;C:\Users\lenovo\.m2\repository\org\apache\httpcomponents\httpcore\4.4.13\httpcore-4.4.13.jar;C:\Users\lenovo\.m2\repository\commons-logging\commons-logging\1.2\commons-logging-1.2.jar;C:\Users\lenovo\.m2\repository\commons-codec\commons-codec\1.11\commons-codec-1.11.jar;C:\Users\lenovo\.m2\repository\org\apache\httpcomponents\httpmime\4.5.13\httpmime-4.5.13.jar;C:\Users\lenovo\.m2\repository\org\hamcrest\hamcrest\2.2\hamcrest-2.2.jar;C:\Users\lenovo\.m2\repository\org\ccil\cowan\tagsoup\tagsoup\1.2.1\tagsoup-1.2.1.jar;C:\Users\lenovo\.m2\repository\io\rest-assured\json-path\5.5.6\json-path-5.5.6.jar;C:\Users\lenovo\.m2\repository\org\apache\groovy\groovy-json\4.0.22\groovy-json-4.0.22.jar;C:\Users\lenovo\.m2\repository\io\rest-assured\rest-assured-common\5.5.6\rest-assured-common-5.5.6.jar;C:\Users\lenovo\.m2\repository\io\rest-assured\xml-path\5.5.6\xml-path-5.5.6.jar;C:\Users\lenovo\.m2\repository\org\apache\commons\commons-lang3\3.18.0\commons-lang3-3.18.0.jar
Launcher Type: SUN_STANDARD

[Global flags]
     intx CICompilerCount                          = 4                                         {product} {ergonomic}
     uint ConcGCThreads                            = 2                                         {product} {ergonomic}
     uint G1ConcRefinementThreads                  = 8                                         {product} {ergonomic}
   size_t G1HeapRegionSize                         = 1048576                                   {product} {ergonomic}
   size_t InitialHeapSize                          = 132120576                                 {product} {ergonomic}
   size_t MarkStackSize                            = 4194304                                   {product} {ergonomic}
   size_t MarkStackSizeMax                         = 536870912                                 {product} {ergonomic}
   size_t MaxHeapSize                              = 2090860544                                {product} {ergonomic}
   size_t MaxNewSize                               = 1254096896                                {product} {ergonomic}
   size_t MinHeapDeltaBytes                        = 1048576                                   {product} {ergonomic}
   size_t MinHeapSize                              = 8388608                                   {product} {ergonomic}
    uintx NonNMethodCodeHeapSize                   = 5832704                                {pd product} {ergonomic}
    uintx NonProfiledCodeHeapSize                  = 122945536                              {pd product} {ergonomic}
    uintx ProfiledCodeHeapSize                     = 122880000                              {pd product} {ergonomic}
    uintx ReservedCodeCacheSize                    = 251658240                              {pd product} {ergonomic}
     bool SegmentedCodeCache                       = true                                      {product} {ergonomic}
   size_t SoftMaxHeapSize                          = 2090860544                             {manageable} {ergonomic}
     bool UseCompressedOops                        = true                           {product lp64_product} {ergonomic}
     bool UseG1GC                                  = true                                      {product} {ergonomic}
     bool UseLargePagesIndividualAllocation        = false                                  {pd product} {ergonomic}

Logging:
Log output configuration:
 #0: stdout all=warning uptime,level,tags foldmultilines=false
 #1: stderr all=off uptime,level,tags foldmultilines=false

Release file:
IMPLEMENTOR="Oracle Corporation" 
JAVA_RUNTIME_VERSION="25+37-LTS-3491" 
JAVA_VERSION="25" 
JAVA_VERSION_DATE="2025-09-16" 
LIBC="default" 
MODULES="java.base java.compiler java.datatransfer java.xml java.prefs java.desktop java.instrument java.logging java.management java.security.sasl java.naming java.rmi java.management.rmi java.net.http java.scripting java.security.jgss java.transaction.xa java.sql java.sql.rowset java.xml.crypto java.se java.smartcardio jdk.accessibility jdk.internal.jvmstat jdk.attach jdk.charsets jdk.internal.opt jdk.zipfs jdk.compiler jdk.crypto.cryptoki jdk.crypto.ec jdk.crypto.mscapi jdk.dynalink jdk.internal.ed jdk.editpad jdk.internal.vm.ci jdk.graal.compiler jdk.graal.compiler.management jdk.hotspot.agent jdk.httpserver jdk.incubator.vector jdk.internal.le jdk.internal.md jdk.jartool jdk.javadoc jdk.jcmd jdk.management jdk.management.agent jdk.jconsole jdk.jdeps jdk.jdwp.agent jdk.jdi jdk.jfr jdk.jlink jdk.jpackage jdk.jshell jdk.jsobject jdk.jstatd jdk.localedata jdk.management.jfr jdk.naming.dns jdk.naming.rmi jdk.net jdk.nio.mapmode jdk.sctp jdk.security.auth jdk.security.jgss jdk.unsupported jdk.unsupported.desktop jdk.xml.dom" 
OS_ARCH="x86_64" 
OS_NAME="Windows" 
SOURCE=".:git:49d6a23b8806 open:git:6c48f4ed707b" 

Environment Variables:
JAVA_HOME=C:\Program Files\Java\jdk-25
PATH=C:\Program Files\Common Files\Oracle\Java\javapath;C:\Program Files (x86)\Common Files\Oracle\Java\java8path;C:\Program Files (x86)\Common Files\Oracle\Java\javapath;C:\Program Files (x86)\VMware\VMware Workstation\New Folder\bin\;C:\WINDOWS\system32;C:\WINDOWS;C:\WINDOWS\System32\Wbem;C:\WINDOWS\System32\WindowsPowerShell\v1.0\;C:\WINDOWS\System32\OpenSSH\;C:\Program Files\dotnet\;C:\Program Files (x86)\Microsoft SQL Server\160\DTS\Binn\;C:\Program Files (x86)\Microsoft SQL Server\140\Tools\Binn\;C:\Program Files\Microsoft SQL Server\140\Tools\Binn\;C:\Program Files (x86)\Microsoft SQL Server\140\DTS\Binn\;C:\Program Files\Microsoft SQL Server\140\DTS\Binn\;C:\Program Files\Microsoft SQL Server\Client SDK\ODBC\130\Tools\Binn\;C:\Program Files\Microsoft SQL Server\150\Tools\Binn\;C:\Program Files\Microsoft SQL Server\Client SDK\ODBC\170\Tools\Binn\;C:\Program Files\Git\cmd;C:\Program Files\nodejs\;C:\Program Files\Java\jdk-25\bin;D:\apache-maven-3.9.11-bin\apache-maven-3.9.11\bin;C:\Users\lenovo\AppData\Local\Microsoft\WindowsApps;;C:\Users\lenovo\AppData\Local\Programs\Microsoft VS Code\bin;C:\Users\lenovo\.dotnet\tools;C:\Program Files\JetBrains\IntelliJ IDEA Community Edition 2025.2.2\bin;C:\Users\lenovo\AppData\Roaming\npm
USERNAME=lenovo
OS=Windows_NT
PROCESSOR_IDENTIFIER=Intel64 Family 6 Model 140 Stepping 1, GenuineIntel
TMP=C:\Users\lenovo\AppData\Local\Temp
TEMP=C:\Users\lenovo\AppData\Local\Temp




Compilation memory statistics disabled.

Periodic native trim disabled

---------------  S Y S T E M  ---------------

OS:
 Windows 11 , 64 bit Build 26100 (10.0.26100.6725)
OS uptime: 3 days 14:06 hours

CPU: total 8 (initial active 8) (4 cores per cpu, 2 threads per core) family 6 model 140 stepping 1 microcode 0x8a, cx8, cmov, fxsr, ht, mmx, 3dnowpref, sse, sse2, sse3, ssse3, sse4.1, sse4.2, popcnt, lzcnt, tsc, tscinvbit, avx, avx2, aes, erms, clmul, bmi1, bmi2, adx, avx512f, avx512dq, avx512cd, avx512bw, avx512vl, sha, fma, vzeroupper, avx512_vpopcntdq, avx512_vpclmulqdq, avx512_vaes, avx512_vnni, clflush, clflushopt, clwb, avx512_vbmi2, avx512_vbmi, rdtscp, rdpid, fsrm, gfni, avx512_bitalg, f16c, pku, cet_ibt, cet_ss, avx512_ifma
Processor Information for processor 0
  Max Mhz: 2419, Current Mhz: 1209, Mhz Limit: 2419
Processor Information for processor 1
  Max Mhz: 2419, Current Mhz: 2419, Mhz Limit: 2419
Processor Information for processor 2
  Max Mhz: 2419, Current Mhz: 2419, Mhz Limit: 2419
Processor Information for processor 3
  Max Mhz: 2419, Current Mhz: 2419, Mhz Limit: 2419
Processor Information for processor 4
  Max Mhz: 2419, Current Mhz: 1209, Mhz Limit: 2419
Processor Information for processor 5
  Max Mhz: 2419, Current Mhz: 2419, Mhz Limit: 2419
Processor Information for processor 6
  Max Mhz: 2419, Current Mhz: 1209, Mhz Limit: 2419
Processor Information for processor 7
  Max Mhz: 2419, Current Mhz: 1209, Mhz Limit: 2419

Memory: 4k page, system-wide physical 7975M (1283M free)
TotalPageFile size 12071M (AvailPageFile size 19M)
current process WorkingSet (physical memory assigned to process): 160M, peak: 160M
current process commit charge ("private bytes"): 262M, peak: 275M

vm_info: Java HotSpot(TM) 64-Bit Server VM (25+37-LTS-3491) for windows-amd64 JRE (25+37-LTS-3491), built on 2025-08-14T21:13:00Z with unknown MS VC++:1943

END.
