#
# There is insufficient memory for the Java Runtime Environment to continue.
# Native memory allocation (malloc) failed to allocate 2433624 bytes. Error detail: Chunk::new
# Possible reasons:
#   The system is out of physical RAM or swap space
#   This process is running with CompressedOops enabled, and the Java Heap may be blocking the growth of the native heap
# Possible solutions:
#   Reduce memory load on the system
#   Increase physical memory or swap space
#   Check if swap backing store is full
#   Decrease Java heap size (-Xmx/-Xms)
#   Decrease number of Java threads
#   Decrease Java thread stack sizes (-Xss)
#   Set larger code cache with -XX:ReservedCodeCacheSize=
#   JVM is running with Unscaled Compressed Oops mode in which the Java heap is
#     placed in the first 4GB address space. The Java Heap base address is the
#     maximum limit for the native heap growth. Please use -XX:HeapBaseMinAddress
#     to set the Java Heap base and to place the Java Heap above 4GB virtual address.
# This output file may be truncated or incomplete.
#
#  Out of Memory Error (arena.cpp:186), pid=4388, tid=2772
#
# JRE version: Java(TM) SE Runtime Environment (25.0+37) (build 25+37-LTS-3491)
# Java VM: Java HotSpot(TM) 64-Bit Server VM (25+37-LTS-3491, mixed mode, sharing, tiered, compressed oops, compressed class ptrs, g1 gc, windows-amd64)
# No core dump will be written. Minidumps are not enabled by default on client versions of Windows
#

---------------  S U M M A R Y ------------

Command Line: -javaagent:C:\Users\lenovo\AppData\Local\JetBrains\IdeaIC2025.2\captureAgent\debugger-agent.jar=file:///C:/Users/lenovo/AppData/Local/Temp/capture14076906345682038821.props -ea -Didea.test.cyclic.buffer.size=1048576 -javaagent:C:\Program Files\JetBrains\IntelliJ IDEA Community Edition 2025.2.2\lib\idea_rt.jar=65310 -Dkotlinx.coroutines.debug.enable.creation.stack.trace=false -Ddebugger.agent.enable.coroutines=true -Dkotlinx.coroutines.debug.enable.flows.stack.trace=true -Dkotlinx.coroutines.debug.enable.mutable.state.flows.stack.trace=true -Dfile.encoding=UTF-8 -Dsun.stdout.encoding=UTF-8 -Dsun.stderr.encoding=UTF-8 com.intellij.rt.testng.RemoteTestNGStarter -usedefaultlisteners false -socket65309 @w@C:\Users\lenovo\AppData\Local\Temp\idea_working_dirs_testng.tmp -temp C:\Users\lenovo\AppData\Local\Temp\idea_testng.tmp

Host: 11th Gen Intel(R) Core(TM) i5-1135G7 @ 2.40GHz, 8 cores, 7G,  Windows 11 , 64 bit Build 26100 (10.0.26100.6725)
Time: Sun Nov  2 00:15:19 2025 Egypt Standard Time elapsed time: 2.704567 seconds (0d 0h 0m 2s)

---------------  T H R E A D  ---------------

Current thread (0x00000282863a5480):  JavaThread "C2 CompilerThread2" daemon [_thread_in_native, id=2772, stack(0x000000db86500000,0x000000db86600000) (1024K)]


Current CompileTask:
C2:2704 4163       4       java.lang.reflect.Modifier::toString (185 bytes)

Stack: [0x000000db86500000,0x000000db86600000]
Native frames: (J=compiled Java code, j=interpreted, Vv=VM code, C=native code)
V  [jvm.dll+0x7a6a39]  (no source info available)
V  [jvm.dll+0x7727ed]  (no source info available)
V  [jvm.dll+0x965f33]  (no source info available)
V  [jvm.dll+0x968531]  (no source info available)
V  [jvm.dll+0x968c33]  (no source info available)
V  [jvm.dll+0x2fc756]  (no source info available)
V  [jvm.dll+0x111b26]  (no source info available)
V  [jvm.dll+0x111e4e]  (no source info available)
V  [jvm.dll+0x1a0a22]  (no source info available)
V  [jvm.dll+0x3b53c2]  (no source info available)
V  [jvm.dll+0x7ac3cf]  (no source info available)
V  [jvm.dll+0x2c0ac7]  (no source info available)
V  [jvm.dll+0x2bfa8f]  (no source info available)
V  [jvm.dll+0x237b60]  (no source info available)
V  [jvm.dll+0x2cfb56]  (no source info available)
V  [jvm.dll+0x2cddd5]  (no source info available)
V  [jvm.dll+0x48e671]  (no source info available)
V  [jvm.dll+0x90681d]  (no source info available)
V  [jvm.dll+0x7a5015]  (no source info available)
C  [ucrtbase.dll+0x37b0]  (no source info available)
C  [KERNEL32.DLL+0x2e8d7]  (no source info available)
C  [ntdll.dll+0x8c53c]  (no source info available)

Lock stack of current Java thread (top to bottom):


---------------  P R O C E S S  ---------------

Threads class SMR info:
_java_thread_list=0x00000282870bb000, length=22, elements={
0x00000282e383c7c0, 0x0000028280188100, 0x00000282801888c0, 0x000002828018bea0,
0x000002828018ce30, 0x0000028280191720, 0x0000028280195110, 0x00000282801b0750,
0x00000282801b1f90, 0x00000282808fa670, 0x0000028280a9bb80, 0x0000028280a1c290,
0x000002828514a630, 0x00000282801b27a0, 0x0000028285ead590, 0x0000028285ebb580,
0x0000028285f74f50, 0x0000028285f74780, 0x0000028285f737e0, 0x0000028285f73fb0,
0x0000028285f78dd0, 0x00000282863a5480
}

Java Threads: ( => current thread )
  0x00000282e383c7c0 JavaThread "main"                              [_thread_in_native, id=18652, stack(0x000000db84100000,0x000000db84200000) (1024K)]
  0x0000028280188100 JavaThread "Reference Handler"          daemon [_thread_blocked, id=10024, stack(0x000000db84900000,0x000000db84a00000) (1024K)]
  0x00000282801888c0 JavaThread "Finalizer"                  daemon [_thread_blocked, id=10068, stack(0x000000db84a00000,0x000000db84b00000) (1024K)]
  0x000002828018bea0 JavaThread "Signal Dispatcher"          daemon [_thread_blocked, id=17228, stack(0x000000db84b00000,0x000000db84c00000) (1024K)]
  0x000002828018ce30 JavaThread "Attach Listener"            daemon [_thread_blocked, id=1676, stack(0x000000db84c00000,0x000000db84d00000) (1024K)]
  0x0000028280191720 JavaThread "Service Thread"             daemon [_thread_blocked, id=19652, stack(0x000000db84d00000,0x000000db84e00000) (1024K)]
  0x0000028280195110 JavaThread "Monitor Deflation Thread"   daemon [_thread_blocked, id=1668, stack(0x000000db84e00000,0x000000db84f00000) (1024K)]
  0x00000282801b0750 JavaThread "C2 CompilerThread0"         daemon [_thread_in_native, id=15088, stack(0x000000db84f00000,0x000000db85000000) (1024K)]
  0x00000282801b1f90 JavaThread "C1 CompilerThread0"         daemon [_thread_blocked, id=16624, stack(0x000000db85000000,0x000000db85100000) (1024K)]
  0x00000282808fa670 JavaThread "Common-Cleaner"             daemon [_thread_blocked, id=13624, stack(0x000000db85100000,0x000000db85200000) (1024K)]
  0x0000028280a9bb80 JavaThread "IntelliJ Suspend Helper"    daemon [_thread_blocked, id=9992, stack(0x000000db85200000,0x000000db85300000) (1024K)]
  0x0000028280a1c290 JavaThread "Monitor Ctrl-Break"         daemon [_thread_in_native, id=5164, stack(0x000000db85300000,0x000000db85400000) (1024K)]
  0x000002828514a630 JavaThread "Notification Thread"        daemon [_thread_blocked, id=4896, stack(0x000000db85400000,0x000000db85500000) (1024K)]
  0x00000282801b27a0 JavaThread "C2 CompilerThread1"         daemon [_thread_blocked, id=2616, stack(0x000000db85500000,0x000000db85600000) (1024K)]
  0x0000028285ead590 JavaThread "ForkJoinPool.commonPool-worker-1" daemon [_thread_blocked, id=12112, stack(0x000000db85600000,0x000000db85700000) (1024K)]
  0x0000028285ebb580 JavaThread "ForkJoinPool.commonPool-worker-2" daemon [_thread_blocked, id=11280, stack(0x000000db85700000,0x000000db85800000) (1024K)]
  0x0000028285f74f50 JavaThread "ForkJoinPool.commonPool-worker-3" daemon [_thread_blocked, id=20404, stack(0x000000db85800000,0x000000db85900000) (1024K)]
  0x0000028285f74780 JavaThread "ForkJoinPool.commonPool-worker-4" daemon [_thread_blocked, id=19280, stack(0x000000db85900000,0x000000db85a00000) (1024K)]
  0x0000028285f737e0 JavaThread "ForkJoinPool.commonPool-worker-5" daemon [_thread_blocked, id=19308, stack(0x000000db85a00000,0x000000db85b00000) (1024K)]
  0x0000028285f73fb0 JavaThread "ForkJoinPool.commonPool-worker-6" daemon [_thread_blocked, id=11576, stack(0x000000db85b00000,0x000000db85c00000) (1024K)]
  0x0000028285f78dd0 JavaThread "ForkJoinPool.commonPool-worker-7" daemon [_thread_blocked, id=10072, stack(0x000000db85c00000,0x000000db85d00000) (1024K)]
=>0x00000282863a5480 JavaThread "C2 CompilerThread2"         daemon [_thread_in_native, id=2772, stack(0x000000db86500000,0x000000db86600000) (1024K)]
Total: 22

Other Threads:
  0x000002828017c5f0 VMThread "VM Thread"                           [id=19636, stack(0x000000db84800000,0x000000db84900000) (1024K)]
  0x0000028280167f20 WatcherThread "VM Periodic Task Thread"        [id=11324, stack(0x000000db84700000,0x000000db84800000) (1024K)]
  0x00000282e3895c50 WorkerThread "GC Thread#0"                     [id=2600, stack(0x000000db84200000,0x000000db84300000) (1024K)]
  0x0000028285b7e5f0 WorkerThread "GC Thread#1"                     [id=4344, stack(0x000000db85d00000,0x000000db85e00000) (1024K)]
  0x0000028285b7ee90 WorkerThread "GC Thread#2"                     [id=18440, stack(0x000000db85e00000,0x000000db85f00000) (1024K)]
  0x0000028285b7d060 WorkerThread "GC Thread#3"                     [id=10060, stack(0x000000db85f00000,0x000000db86000000) (1024K)]
  0x0000028285b7d900 WorkerThread "GC Thread#4"                     [id=14808, stack(0x000000db86000000,0x000000db86100000) (1024K)]
  0x0000028285b7f2e0 WorkerThread "GC Thread#5"                     [id=5156, stack(0x000000db86100000,0x000000db86200000) (1024K)]
  0x00000282863e7540 WorkerThread "GC Thread#6"                     [id=16692, stack(0x000000db86200000,0x000000db86300000) (1024K)]
  0x00000282863e7990 WorkerThread "GC Thread#7"                     [id=14176, stack(0x000000db86300000,0x000000db86400000) (1024K)]
  0x00000282e38ad4c0 ConcurrentGCThread "G1 Main Marker"            [id=8760, stack(0x000000db84300000,0x000000db84400000) (1024K)]
  0x00000282e150e0b0 WorkerThread "G1 Conc#0"                       [id=20140, stack(0x000000db84400000,0x000000db84500000) (1024K)]
  0x0000028285b79850 WorkerThread "G1 Conc#1"                       [id=17492, stack(0x000000db86400000,0x000000db86500000) (1024K)]
  0x0000028280039400 ConcurrentGCThread "G1 Refine#0"               [id=5668, stack(0x000000db84500000,0x000000db84600000) (1024K)]
  0x000002828003acd0 ConcurrentGCThread "G1 Service"                [id=8828, stack(0x000000db84600000,0x000000db84700000) (1024K)]
Total: 15

Threads with active compile tasks:
C2 CompilerThread0  3800 4102       4       jdk.internal.loader.URLClassPath::getResource (71 bytes)
C2 CompilerThread2  3800 4163       4       java.lang.reflect.Modifier::toString (185 bytes)
Total: 2

VM state: not at safepoint (normal execution)

VM Mutex/Monitor currently owned by a thread: None

Heap address: 0x0000000083600000, size: 1994 MB, Compressed Oops mode: 32-bit

CDS archive(s) mapped at: [0x000000002d000000-0x000000002ddd0000-0x000000002ddd0000), size 14483456, SharedBaseAddress: 0x000000002d000000, ArchiveRelocationMode: 1.
Compressed class space mapped at: 0x000000002e000000-0x000000006e000000, reserved size: 1073741824
UseCompressedClassPointers 1, UseCompactObjectHeaders 0
Narrow klass pointer bits 32, Max shift 3
Narrow klass base: 0x000000002d000000, Narrow klass shift: 0
Encoding Range: [0x000000002d000000 - 0x000000012d000000), (4294967296 bytes)
Klass Range:    [0x000000002d010000 - 0x000000006e000000), (1090453504 bytes)
Klass ID Range:  [65536 - 1090519033) (1090453497)
Protection zone: [0x000000002d000000 - 0x000000002d010000), (65536 bytes)

GC Precious Log:
 CardTable entry size: 512
 Card Set container configuration: InlinePtr #cards 5 size 8 Array Of Cards #cards 10 size 36 Howl #buckets 4 coarsen threshold 1843 Howl Bitmap #cards 512 size 80 coarsen threshold 460 Card regions per heap region 1 cards per card region 2048
 CPUs: 8 total, 8 available
 Memory: 7975M
 Large Page Support: Disabled
 NUMA Support: Disabled
 Compressed Oops: Enabled (32-bit)
 Heap Region Size: 1M
 Heap Min Capacity: 8M
 Heap Initial Capacity: 126M
 Heap Max Capacity: 1994M
 Pre-touch: Disabled
 Parallel Workers: 8
 Concurrent Workers: 2
 Concurrent Refinement Workers: 8
 Periodic GC: Disabled

Heap:
 garbage-first heap   total reserved 2041856K, committed 60416K, used 33277K [0x0000000083600000, 0x0000000100000000)
  region size 1024K, 22 young (22528K), 5 survivors (5120K)

Heap Regions: E=young(eden), S=young(survivor), O=old, HS=humongous(starts), HC=humongous(continues), CS=collection set, F=free, TAMS=top-at-mark-start, PB=parsable bottom
|   0|0x0000000083600000, 0x0000000083600000, 0x0000000083700000|  0%| F|  |TAMS 0x0000000083600000| PB 0x0000000083600000| Untracked |  0
|   1|0x0000000083700000, 0x0000000083700000, 0x0000000083800000|  0%| F|  |TAMS 0x0000000083700000| PB 0x0000000083700000| Untracked |  0
|   2|0x0000000083800000, 0x0000000083800000, 0x0000000083900000|  0%| F|  |TAMS 0x0000000083800000| PB 0x0000000083800000| Untracked |  0
|   3|0x0000000083900000, 0x0000000083900000, 0x0000000083a00000|  0%| F|  |TAMS 0x0000000083900000| PB 0x0000000083900000| Untracked |  0
|   4|0x0000000083a00000, 0x0000000083a00000, 0x0000000083b00000|  0%| F|  |TAMS 0x0000000083a00000| PB 0x0000000083a00000| Untracked |  0
|   5|0x0000000083b00000, 0x0000000083c00000, 0x0000000083c00000|100%| O|  |TAMS 0x0000000083b00000| PB 0x0000000083b00000| Untracked |  0
|   6|0x0000000083c00000, 0x0000000083d00000, 0x0000000083d00000|100%| O|  |TAMS 0x0000000083c00000| PB 0x0000000083c00000| Untracked |  0
|   7|0x0000000083d00000, 0x0000000083e00000, 0x0000000083e00000|100%| O|  |TAMS 0x0000000083d00000| PB 0x0000000083d00000| Untracked |  0
|   8|0x0000000083e00000, 0x0000000083f00000, 0x0000000083f00000|100%| O|  |TAMS 0x0000000083e00000| PB 0x0000000083e00000| Untracked |  0
|   9|0x0000000083f00000, 0x0000000083f70e00, 0x0000000084000000| 44%| O|  |TAMS 0x0000000083f00000| PB 0x0000000083f00000| Untracked |  0
|  10|0x0000000084000000, 0x0000000084000000, 0x0000000084100000|  0%| F|  |TAMS 0x0000000084000000| PB 0x0000000084000000| Untracked |  0
|  11|0x0000000084100000, 0x0000000084100000, 0x0000000084200000|  0%| F|  |TAMS 0x0000000084100000| PB 0x0000000084100000| Untracked |  0
|  12|0x0000000084200000, 0x0000000084200000, 0x0000000084300000|  0%| F|  |TAMS 0x0000000084200000| PB 0x0000000084200000| Untracked |  0
|  13|0x0000000084300000, 0x0000000084300000, 0x0000000084400000|  0%| F|  |TAMS 0x0000000084300000| PB 0x0000000084300000| Untracked |  0
|  14|0x0000000084400000, 0x0000000084400000, 0x0000000084500000|  0%| F|  |TAMS 0x0000000084400000| PB 0x0000000084400000| Untracked |  0
|  15|0x0000000084500000, 0x0000000084500000, 0x0000000084600000|  0%| F|  |TAMS 0x0000000084500000| PB 0x0000000084500000| Untracked |  0
|  16|0x0000000084600000, 0x0000000084600000, 0x0000000084700000|  0%| F|  |TAMS 0x0000000084600000| PB 0x0000000084600000| Untracked |  0
|  17|0x0000000084700000, 0x0000000084700000, 0x0000000084800000|  0%| F|  |TAMS 0x0000000084700000| PB 0x0000000084700000| Untracked |  0
|  18|0x0000000084800000, 0x0000000084800000, 0x0000000084900000|  0%| F|  |TAMS 0x0000000084800000| PB 0x0000000084800000| Untracked |  0
|  19|0x0000000084900000, 0x0000000084900000, 0x0000000084a00000|  0%| F|  |TAMS 0x0000000084900000| PB 0x0000000084900000| Untracked |  0
|  20|0x0000000084a00000, 0x0000000084a00000, 0x0000000084b00000|  0%| F|  |TAMS 0x0000000084a00000| PB 0x0000000084a00000| Untracked |  0
|  21|0x0000000084b00000, 0x0000000084b00000, 0x0000000084c00000|  0%| F|  |TAMS 0x0000000084b00000| PB 0x0000000084b00000| Untracked |  0
|  22|0x0000000084c00000, 0x0000000084c00000, 0x0000000084d00000|  0%| F|  |TAMS 0x0000000084c00000| PB 0x0000000084c00000| Untracked |  0
|  23|0x0000000084d00000, 0x0000000084d00000, 0x0000000084e00000|  0%| F|  |TAMS 0x0000000084d00000| PB 0x0000000084d00000| Untracked |  0
|  24|0x0000000084e00000, 0x0000000084e00000, 0x0000000084f00000|  0%| F|  |TAMS 0x0000000084e00000| PB 0x0000000084e00000| Untracked |  0
|  25|0x0000000084f00000, 0x0000000084f00000, 0x0000000085000000|  0%| F|  |TAMS 0x0000000084f00000| PB 0x0000000084f00000| Untracked |  0
|  26|0x0000000085000000, 0x0000000085000000, 0x0000000085100000|  0%| F|  |TAMS 0x0000000085000000| PB 0x0000000085000000| Untracked |  0
|  27|0x0000000085100000, 0x0000000085100000, 0x0000000085200000|  0%| F|  |TAMS 0x0000000085100000| PB 0x0000000085100000| Untracked |  0
|  28|0x0000000085200000, 0x0000000085280000, 0x0000000085300000| 50%| E|  |TAMS 0x0000000085200000| PB 0x0000000085200000| Complete |  0
|  29|0x0000000085300000, 0x0000000085400000, 0x0000000085400000|100%| E|CS|TAMS 0x0000000085300000| PB 0x0000000085300000| Complete |  0
|  30|0x0000000085400000, 0x0000000085500000, 0x0000000085500000|100%| E|CS|TAMS 0x0000000085400000| PB 0x0000000085400000| Complete |  0
|  31|0x0000000085500000, 0x0000000085600000, 0x0000000085600000|100%| E|CS|TAMS 0x0000000085500000| PB 0x0000000085500000| Complete |  0
|  32|0x0000000085600000, 0x0000000085700000, 0x0000000085700000|100%| E|CS|TAMS 0x0000000085600000| PB 0x0000000085600000| Complete |  0
|  33|0x0000000085700000, 0x0000000085800000, 0x0000000085800000|100%| E|CS|TAMS 0x0000000085700000| PB 0x0000000085700000| Complete |  0
|  34|0x0000000085800000, 0x0000000085900000, 0x0000000085900000|100%| E|CS|TAMS 0x0000000085800000| PB 0x0000000085800000| Complete |  0
|  35|0x0000000085900000, 0x0000000085a00000, 0x0000000085a00000|100%| E|CS|TAMS 0x0000000085900000| PB 0x0000000085900000| Complete |  0
|  36|0x0000000085a00000, 0x0000000085b00000, 0x0000000085b00000|100%| E|CS|TAMS 0x0000000085a00000| PB 0x0000000085a00000| Complete |  0
|  37|0x0000000085b00000, 0x0000000085c00000, 0x0000000085c00000|100%| S|CS|TAMS 0x0000000085b00000| PB 0x0000000085b00000| Complete |  0
|  38|0x0000000085c00000, 0x0000000085d00000, 0x0000000085d00000|100%| S|CS|TAMS 0x0000000085c00000| PB 0x0000000085c00000| Complete |  0
|  39|0x0000000085d00000, 0x0000000085e00000, 0x0000000085e00000|100%| S|CS|TAMS 0x0000000085d00000| PB 0x0000000085d00000| Complete |  0
|  40|0x0000000085e00000, 0x0000000085f00000, 0x0000000085f00000|100%| S|CS|TAMS 0x0000000085e00000| PB 0x0000000085e00000| Complete |  0
|  41|0x0000000085f00000, 0x0000000085f71d40, 0x0000000086000000| 44%| S|CS|TAMS 0x0000000085f00000| PB 0x0000000085f00000| Complete |  0
|  83|0x0000000088900000, 0x0000000088a00000, 0x0000000088a00000|100%| E|CS|TAMS 0x0000000088900000| PB 0x0000000088900000| Complete |  0
|  84|0x0000000088a00000, 0x0000000088b00000, 0x0000000088b00000|100%| E|CS|TAMS 0x0000000088a00000| PB 0x0000000088a00000| Complete |  0
|  85|0x0000000088b00000, 0x0000000088c00000, 0x0000000088c00000|100%| E|CS|TAMS 0x0000000088b00000| PB 0x0000000088b00000| Complete |  0
|  86|0x0000000088c00000, 0x0000000088d00000, 0x0000000088d00000|100%| E|CS|TAMS 0x0000000088c00000| PB 0x0000000088c00000| Complete |  0
|  87|0x0000000088d00000, 0x0000000088e00000, 0x0000000088e00000|100%| E|CS|TAMS 0x0000000088d00000| PB 0x0000000088d00000| Complete |  0
|  88|0x0000000088e00000, 0x0000000088f00000, 0x0000000088f00000|100%| E|CS|TAMS 0x0000000088e00000| PB 0x0000000088e00000| Complete |  0
|  89|0x0000000088f00000, 0x0000000089000000, 0x0000000089000000|100%| E|CS|TAMS 0x0000000088f00000| PB 0x0000000088f00000| Complete |  0
| 125|0x000000008b300000, 0x000000008b400000, 0x000000008b400000|100%| E|CS|TAMS 0x000000008b300000| PB 0x000000008b300000| Complete |  0
|1985|0x00000000ff700000, 0x00000000ff777550, 0x00000000ff800000| 46%| O|  |TAMS 0x00000000ff700000| PB 0x00000000ff700000| Untracked |  0
|1986|0x00000000ff800000, 0x00000000ff900000, 0x00000000ff900000|100%| O|  |TAMS 0x00000000ff800000| PB 0x00000000ff800000| Untracked |  0
|1987|0x00000000ff900000, 0x00000000ffa00000, 0x00000000ffa00000|100%| O|  |TAMS 0x00000000ff900000| PB 0x00000000ff900000| Untracked |  0
|1988|0x00000000ffa00000, 0x00000000ffb00000, 0x00000000ffb00000|100%| O|  |TAMS 0x00000000ffa00000| PB 0x00000000ffa00000| Untracked |  0
|1989|0x00000000ffb00000, 0x00000000ffc00000, 0x00000000ffc00000|100%| O|  |TAMS 0x00000000ffb00000| PB 0x00000000ffb00000| Untracked |  0
|1990|0x00000000ffc00000, 0x00000000ffd00000, 0x00000000ffd00000|100%| O|  |TAMS 0x00000000ffc00000| PB 0x00000000ffc00000| Untracked |  0
|1991|0x00000000ffd00000, 0x00000000ffe00000, 0x00000000ffe00000|100%| O|  |TAMS 0x00000000ffd00000| PB 0x00000000ffd00000| Untracked |  0
|1992|0x00000000ffe00000, 0x00000000fff00000, 0x00000000fff00000|100%| O|  |TAMS 0x00000000ffe00000| PB 0x00000000ffe00000| Untracked |  0
|1993|0x00000000fff00000, 0x00000000fff25608, 0x0000000100000000| 14%| O|Cm|TAMS 0x00000000fff00000| PB 0x00000000fff00000| Complete |  0

Card table byte_map: [0x00000282fb8c0000,0x00000282fbcb0000] _byte_map_base: 0x00000282fb4a5000

Marking Bits: (CMBitMap*) 0x00000282e3899400
 Bits: [0x00000282fbcb0000, 0x00000282fdbd8000)

Polling page: 0x00000282e1680000

Metaspace:
Metaspace        used 27067K, committed 27584K, reserved 1114112K
 class space     used 2557K, committed 2752K, reserved 1048576K

Usage:
  Non-class:     23.94 MB used.
      Class:      2.50 MB used.
       Both:     26.43 MB used.

Virtual space:
  Non-class space:       64.00 MB reserved,      24.25 MB ( 38%) committed,  1 nodes.
      Class space:        1.00 GB reserved,       2.69 MB ( <1%) committed,  1 nodes.
             Both:        1.06 GB reserved,      26.94 MB (  2%) committed. 

Chunk freelists:
   Non-Class:  7.17 MB
       Class:  13.32 MB
        Both:  20.49 MB

MaxMetaspaceSize: unlimited
CompressedClassSpaceSize: 1.00 GB
Initial GC threshold: 21.00 MB
Current GC threshold: 35.25 MB
CDS: on
 - commit_granule_bytes: 65536.
 - commit_granule_words: 8192.
 - virtual_space_node_default_size: 8388608.
 - enlarge_chunks_in_place: 1.
UseCompressedClassPointers 1, UseCompactObjectHeaders 0
Narrow klass pointer bits 32, Max shift 3
Narrow klass base: 0x000000002d000000, Narrow klass shift: 0
Encoding Range: [0x000000002d000000 - 0x000000012d000000), (4294967296 bytes)
Klass Range:    [0x000000002d010000 - 0x000000006e000000), (1090453504 bytes)
Klass ID Range:  [65536 - 1090519033) (1090453497)
Protection zone: [0x000000002d000000 - 0x000000002d010000), (65536 bytes)


Internal statistics:

num_allocs_failed_limit: 3.
num_arena_births: 500.
num_arena_deaths: 0.
num_vsnodes_births: 2.
num_vsnodes_deaths: 0.
num_space_committed: 431.
num_space_uncommitted: 0.
num_chunks_returned_to_freelist: 3.
num_chunks_taken_from_freelist: 1103.
num_chunk_merges: 3.
num_chunk_splits: 696.
num_chunks_enlarged: 445.
num_inconsistent_stats: 0.

CodeHeap 'non-profiled nmethods': size=120064Kb used=1212Kb max_used=1212Kb free=118851Kb
 bounds [0x00000282f3b50000, 0x00000282f3dc0000, 0x00000282fb090000]
CodeHeap 'profiled nmethods': size=120000Kb used=6691Kb max_used=6691Kb free=113308Kb
 bounds [0x00000282ec090000, 0x00000282ec720000, 0x00000282f35c0000]
CodeHeap 'non-nmethods': size=5696Kb used=2817Kb max_used=2914Kb free=2878Kb
 bounds [0x00000282f35c0000, 0x00000282f38b0000, 0x00000282f3b50000]
CodeCache: size=245760Kb, used=10720Kb, max_used=10817Kb, free=235037Kb
 total_blobs=5030, nmethods=4177, adapters=754, full_count=0
Compilation: enabled, stopped_count=0, restarted_count=0

Compilation events (20 events):
Event: 1.684 Thread 0x00000282801b1f90 4166       3       java.lang.invoke.BoundMethodHandle$Species_LL::copyWithExtendL (25 bytes)
Event: 1.684 Thread 0x00000282801b1f90 nmethod 4166 0x00000282ec713688 code [0x00000282ec713780, 0x00000282ec713c40]
Event: 1.685 Thread 0x00000282801b1f90 4167       3       org.codehaus.groovy.runtime.InvokerHelper::getMetaClass (10 bytes)
Event: 1.685 Thread 0x00000282801b1f90 nmethod 4167 0x00000282ec713c88 code [0x00000282ec713d80, 0x00000282ec714188]
Event: 1.685 Thread 0x00000282801b1f90 4169       3       java.lang.invoke.LambdaForm$NamedFunction::<init> (15 bytes)
Event: 1.686 Thread 0x00000282801b1f90 nmethod 4169 0x00000282ec714208 code [0x00000282ec714300, 0x00000282ec714520]
Event: 1.686 Thread 0x00000282863a5480 nmethod 4157 0x00000282f3c7ac08 code [0x00000282f3c7ad00, 0x00000282f3c7b870]
Event: 1.686 Thread 0x00000282863a5480 4163       4       java.lang.reflect.Modifier::toString (185 bytes)
Event: 1.689 Thread 0x00000282801b1f90 4171       3       java.lang.invoke.ClassSpecializer$SpeciesData::fieldCount (10 bytes)
Event: 1.689 Thread 0x00000282801b1f90 nmethod 4171 0x00000282ec714588 code [0x00000282ec714680, 0x00000282ec714850]
Event: 1.690 Thread 0x00000282801b1f90 4172       3       org.codehaus.groovy.runtime.MetaClassHelper::unwrap (36 bytes)
Event: 1.690 Thread 0x00000282801b1f90 nmethod 4172 0x00000282ec714888 code [0x00000282ec714980, 0x00000282ec714e78]
Event: 1.690 Thread 0x00000282801b1f90 4173   !   3       org.codehaus.groovy.runtime.callsite.PojoMetaMethodSite::checkCall (56 bytes)
Event: 1.690 Thread 0x00000282801b1f90 nmethod 4173 0x00000282ec714e88 code [0x00000282ec714f80, 0x00000282ec7158f0]
Event: 1.692 Thread 0x00000282801b1f90 4174       3       java.net.URI$Parser::at (23 bytes)
Event: 1.693 Thread 0x00000282801b1f90 nmethod 4174 0x00000282ec715908 code [0x00000282ec715a00, 0x00000282ec7160e8]
Event: 1.695 Thread 0x00000282801b1f90 4175       3       java.util.TreeMap::addEntryToEmptyMap (37 bytes)
Event: 1.695 Thread 0x00000282801b1f90 nmethod 4175 0x00000282ec716108 code [0x00000282ec716200, 0x00000282ec716918]
Event: 1.695 Thread 0x00000282801b1f90 4176  s!   3       org.codehaus.groovy.runtime.callsite.CallSiteClassLoader::loadClass (44 bytes)
Event: 1.695 Thread 0x00000282801b1f90 nmethod 4176 0x00000282ec716988 code [0x00000282ec716a80, 0x00000282ec717470]

GC Heap Usage History (6 events):
Event: 0.748 {heap Before GC invocations=0 (full 0):
 garbage-first heap   total reserved 2041856K, committed 131072K, used 48277K [0x0000000083600000, 0x0000000100000000)
  region size 1024K, 47 young (48128K), 0 survivors (0K)
}
Event: 0.753 {heap After GC invocations=1 (full 0):
 garbage-first heap   total reserved 2041856K, committed 131072K, used 5781K [0x0000000083600000, 0x0000000100000000)
  region size 1024K, 5 young (5120K), 5 survivors (5120K)
}
Event: 1.250 {heap Before GC invocations=1 (full 0):
 garbage-first heap   total reserved 2041856K, committed 131072K, used 46741K [0x0000000083600000, 0x0000000100000000)
  region size 1024K, 41 young (41984K), 5 survivors (5120K)
}
Event: 1.261 {heap After GC invocations=2 (full 0):
 garbage-first heap   total reserved 2041856K, committed 131072K, used 12615K [0x0000000083600000, 0x0000000100000000)
  region size 1024K, 7 young (7168K), 7 survivors (7168K)
}
Event: 1.519 {heap Before GC invocations=3 (full 0):
 garbage-first heap   total reserved 2041856K, committed 48128K, used 46407K [0x0000000083600000, 0x0000000100000000)
  region size 1024K, 40 young (40960K), 7 survivors (7168K)
}
Event: 1.531 {heap After GC invocations=4 (full 0):
 garbage-first heap   total reserved 2041856K, committed 60416K, used 16893K [0x0000000083600000, 0x0000000100000000)
  region size 1024K, 5 young (5120K), 5 survivors (5120K)
}

Metaspace Usage History (6 events):
Event: 0.748 {metaspace Before GC invocations=0 (full 0):
 Metaspace       used 14821K, committed 15040K, reserved 1114112K
  class space    used 1285K, committed 1344K, reserved 1048576K
}
Event: 0.753 {metaspace After GC invocations=1 (full 0):
 Metaspace       used 14821K, committed 15040K, reserved 1114112K
  class space    used 1285K, committed 1344K, reserved 1048576K
}
Event: 1.250 {metaspace Before GC invocations=1 (full 0):
 Metaspace       used 21113K, committed 21504K, reserved 1114112K
  class space    used 1901K, committed 2048K, reserved 1048576K
}
Event: 1.261 {metaspace After GC invocations=2 (full 0):
 Metaspace       used 21113K, committed 21504K, reserved 1114112K
  class space    used 1901K, committed 2048K, reserved 1048576K
}
Event: 1.519 {metaspace Before GC invocations=3 (full 0):
 Metaspace       used 23567K, committed 24128K, reserved 1114112K
  class space    used 2174K, committed 2432K, reserved 1048576K
}
Event: 1.531 {metaspace After GC invocations=4 (full 0):
 Metaspace       used 23567K, committed 24128K, reserved 1114112K
  class space    used 2174K, committed 2432K, reserved 1048576K
}

Dll operation events (9 events):
Event: 0.010 Loaded shared library C:\Program Files\Java\jdk-25\bin\java.dll
Event: 0.011 Loaded shared library C:\Program Files\Java\jdk-25\bin\zip.dll
Event: 0.073 Loaded shared library C:\Program Files\Java\jdk-25\bin\instrument.dll
Event: 0.082 Loaded shared library C:\Program Files\Java\jdk-25\bin\verify.dll
Event: 0.115 Loaded shared library C:\Program Files\Java\jdk-25\bin\net.dll
Event: 0.117 Loaded shared library C:\Program Files\Java\jdk-25\bin\nio.dll
Event: 0.127 Loaded shared library C:\Program Files\Java\jdk-25\bin\zip.dll
Event: 0.156 Loaded shared library C:\Program Files\Java\jdk-25\bin\extnet.dll
Event: 0.203 Loaded shared library C:\Program Files\Java\jdk-25\bin\jimage.dll

Deoptimization events (20 events):
Event: 1.651 Thread 0x00000282e383c7c0 Uncommon trap: trap_request=0xffffffde fr.pc=0x00000282f3c18670 relative=0x0000000000000070
Event: 1.651 Thread 0x00000282e383c7c0 Uncommon trap: reason=class_check action=maybe_recompile pc=0x00000282f3c18670 method=java.util.Collections$UnmodifiableCollection$1.hasNext()Z @ 4 c2
Event: 1.651 Thread 0x00000282e383c7c0 DEOPT PACKING pc=0x00000282f3c18670 sp=0x000000db841f9ce0
Event: 1.651 Thread 0x00000282e383c7c0 DEOPT UNPACKING pc=0x00000282f36ef502 sp=0x000000db841f9c70 mode 2
Event: 1.651 Thread 0x00000282e383c7c0 Uncommon trap: trap_request=0xffffffde fr.pc=0x00000282f3c19244 relative=0x00000000000000c4
Event: 1.651 Thread 0x00000282e383c7c0 Uncommon trap: reason=class_check action=maybe_recompile pc=0x00000282f3c19244 method=java.util.Collections$UnmodifiableCollection$1.next()Ljava/lang/Object; @ 4 c2
Event: 1.651 Thread 0x00000282e383c7c0 DEOPT PACKING pc=0x00000282f3c19244 sp=0x000000db841f9cc0
Event: 1.651 Thread 0x00000282e383c7c0 DEOPT UNPACKING pc=0x00000282f36ef502 sp=0x000000db841f9c60 mode 2
Event: 1.654 Thread 0x00000282e383c7c0 Uncommon trap: trap_request=0xffffffde fr.pc=0x00000282f3c18670 relative=0x0000000000000070
Event: 1.654 Thread 0x00000282e383c7c0 Uncommon trap: reason=class_check action=maybe_recompile pc=0x00000282f3c18670 method=java.util.Collections$UnmodifiableCollection$1.hasNext()Z @ 4 c2
Event: 1.654 Thread 0x00000282e383c7c0 DEOPT PACKING pc=0x00000282f3c18670 sp=0x000000db841f9ce0
Event: 1.654 Thread 0x00000282e383c7c0 DEOPT UNPACKING pc=0x00000282f36ef502 sp=0x000000db841f9c70 mode 2
Event: 1.654 Thread 0x00000282e383c7c0 Uncommon trap: trap_request=0xffffffde fr.pc=0x00000282f3c19244 relative=0x00000000000000c4
Event: 1.654 Thread 0x00000282e383c7c0 Uncommon trap: reason=class_check action=maybe_recompile pc=0x00000282f3c19244 method=java.util.Collections$UnmodifiableCollection$1.next()Ljava/lang/Object; @ 4 c2
Event: 1.654 Thread 0x00000282e383c7c0 DEOPT PACKING pc=0x00000282f3c19244 sp=0x000000db841f9cc0
Event: 1.654 Thread 0x00000282e383c7c0 DEOPT UNPACKING pc=0x00000282f36ef502 sp=0x000000db841f9c60 mode 2
Event: 1.654 Thread 0x00000282e383c7c0 Uncommon trap: trap_request=0xffffffde fr.pc=0x00000282f3c18670 relative=0x0000000000000070
Event: 1.654 Thread 0x00000282e383c7c0 Uncommon trap: reason=class_check action=maybe_recompile pc=0x00000282f3c18670 method=java.util.Collections$UnmodifiableCollection$1.hasNext()Z @ 4 c2
Event: 1.654 Thread 0x00000282e383c7c0 DEOPT PACKING pc=0x00000282f3c18670 sp=0x000000db841f9ce0
Event: 1.654 Thread 0x00000282e383c7c0 DEOPT UNPACKING pc=0x00000282f36ef502 sp=0x000000db841f9c70 mode 2

Classes loaded (20 events):
Event: 1.696 Loading class org/apache/http/entity/ContentType
Event: 1.696 Loading class org/apache/http/entity/ContentType done
Event: 1.696 Loading class org/apache/http/ParseException
Event: 1.696 Loading class org/apache/http/ParseException done
Event: 1.697 Loading class org/apache/http/util/TextUtils
Event: 1.697 Loading class org/apache/http/util/TextUtils done
Event: 1.697 Loading class org/apache/http/util/CharArrayBuffer
Event: 1.697 Loading class org/apache/http/util/CharArrayBuffer done
Event: 1.697 Loading class org/apache/http/message/BasicHeader
Event: 1.697 Loading class org/apache/http/message/BasicHeader done
Event: 1.698 Loading class org/apache/http/HeaderElement
Event: 1.698 Loading class org/apache/http/HeaderElement done
Event: 1.698 Loading class io/restassured/internal/RestAssuredHttpBuilderGroovyHelper
Event: 1.698 Loading class io/restassured/internal/RestAssuredHttpBuilderGroovyHelper done
Event: 1.699 Loading class io/restassured/internal/RestAssuredHttpBuilderGroovyHelper$_createClosureThatCalls_closure2
Event: 1.699 Loading class io/restassured/internal/RestAssuredHttpBuilderGroovyHelper$_createClosureThatCalls_closure2 done
Event: 1.699 Loading class groovy/runtime/metaclass/io/restassured/internal/RestAssuredHttpBuilderGroovyHelper$_createClosureThatCalls_closure2MetaClass
Event: 1.699 Loading class groovy/runtime/metaclass/io/restassured/internal/RestAssuredHttpBuilderGroovyHelper$_createClosureThatCalls_closure2MetaClass done
Event: 1.700 Loading class org/apache/http/client/utils/URIUtils
Event: 1.700 Loading class org/apache/http/client/utils/URIUtils done

Classes unloaded (0 events):
No events

Classes redefined (1 events):
Event: 0.097 Thread 0x000002828017c5f0 redefined class name=java.lang.Throwable, count=1

Internal exceptions (20 events):
Event: 1.667 Thread 0x00000282e383c7c0 Exception <a 'java/lang/ClassNotFoundException'{0x00000000857d5ac0}: org/apache/http/params/BasicHttpParamsBeanInfo> (0x00000000857d5ac0) 
thrown [s\open\src\hotspot\share\classfile\systemDictionary.cpp, line 327]
Event: 1.667 Thread 0x00000282e383c7c0 Exception <a 'java/lang/ClassNotFoundException'{0x00000000857d9428}: org/apache/http/params/AbstractHttpParamsBeanInfo> (0x00000000857d9428) 
thrown [s\open\src\hotspot\share\classfile\systemDictionary.cpp, line 327]
Event: 1.668 Thread 0x00000282e383c7c0 Exception <a 'java/lang/ClassNotFoundException'{0x00000000857dd048}: org/apache/http/params/AbstractHttpParamsCustomizer> (0x00000000857dd048) 
thrown [s\open\src\hotspot\share\classfile\systemDictionary.cpp, line 327]
Event: 1.668 Thread 0x00000282e383c7c0 Exception <a 'java/lang/ClassNotFoundException'{0x00000000857e7b40}: org/apache/http/params/BasicHttpParamsCustomizer> (0x00000000857e7b40) 
thrown [s\open\src\hotspot\share\classfile\systemDictionary.cpp, line 327]
Event: 1.668 Thread 0x00000282e383c7c0 Exception <a 'java/lang/ClassNotFoundException'{0x00000000857f4618}: org/apache/http/params/SyncBasicHttpParamsCustomizer> (0x00000000857f4618) 
thrown [s\open\src\hotspot\share\classfile\systemDictionary.cpp, line 327]
Event: 1.672 Thread 0x00000282e383c7c0 Exception <a 'java/lang/ClassNotFoundException'{0x000000008562d3f0}: io/restassured/internal/http/StringHashMapBeanInfo> (0x000000008562d3f0) 
thrown [s\open\src\hotspot\share\classfile\systemDictionary.cpp, line 327]
Event: 1.672 Thread 0x00000282e383c7c0 Exception <a 'java/lang/ClassNotFoundException'{0x0000000085630828}: io/restassured/internal/http/StringHashMapCustomizer> (0x0000000085630828) 
thrown [s\open\src\hotspot\share\classfile\systemDictionary.cpp, line 327]
Event: 1.677 Thread 0x00000282e383c7c0 Exception <a 'java/lang/ClassNotFoundException'{0x0000000085697540}: io/restassured/internal/RestAssuredResponseImplBeanInfo> (0x0000000085697540) 
thrown [s\open\src\hotspot\share\classfile\systemDictionary.cpp, line 327]
Event: 1.677 Thread 0x00000282e383c7c0 Exception <a 'java/lang/ClassNotFoundException'{0x000000008569a210}: io/restassured/internal/RestAssuredResponseOptionsImplBeanInfo> (0x000000008569a210) 
thrown [s\open\src\hotspot\share\classfile\systemDictionary.cpp, line 327]
Event: 1.677 Thread 0x00000282e383c7c0 Exception <a 'java/lang/ClassNotFoundException'{0x000000008569ced8}: io/restassured/internal/RestAssuredResponseOptionsImplCustomizer> (0x000000008569ced8) 
thrown [s\open\src\hotspot\share\classfile\systemDictionary.cpp, line 327]
Event: 1.678 Thread 0x00000282e383c7c0 Exception <a 'java/lang/ClassNotFoundException'{0x00000000856db080}: io/restassured/internal/RestAssuredResponseImplCustomizer> (0x00000000856db080) 
thrown [s\open\src\hotspot\share\classfile\systemDictionary.cpp, line 327]
Event: 1.681 Thread 0x00000282e383c7c0 Exception <a 'java/lang/ClassNotFoundException'{0x000000008550bd08}: io/restassured/internal/RestAssuredResponseOptionsGroovyImplBeanInfo> (0x000000008550bd08) 
thrown [s\open\src\hotspot\share\classfile\systemDictionary.cpp, line 327]
Event: 1.681 Thread 0x00000282e383c7c0 Exception <a 'java/lang/ClassNotFoundException'{0x000000008550efa8}: io/restassured/internal/RestAssuredResponseOptionsGroovyImplCustomizer> (0x000000008550efa8) 
thrown [s\open\src\hotspot\share\classfile\systemDictionary.cpp, line 327]
Event: 1.685 Thread 0x00000282e383c7c0 Exception <a 'java/lang/ClassNotFoundException'{0x0000000085593598}: groovy/lang/GroovyObjectBeanInfo> (0x0000000085593598) 
thrown [s\open\src\hotspot\share\classfile\systemDictionary.cpp, line 327]
Event: 1.685 Thread 0x00000282e383c7c0 Exception <a 'java/lang/ClassNotFoundException'{0x0000000085596580}: groovy/lang/GroovyObjectCustomizer> (0x0000000085596580) 
thrown [s\open\src\hotspot\share\classfile\systemDictionary.cpp, line 327]
Event: 1.685 Thread 0x00000282e383c7c0 Exception <a 'java/lang/NoSuchMethodError'{0x000000008559c100}: 'int java.lang.invoke.DirectMethodHandle$Holder.invokeVirtual(java.lang.Object, java.lang.Object, java.lang.Object, java.lang.Object)'> (0x000000008559c100) 
thrown [s\open\src\hotspot\share\interpreter\linkResolver.cpp, line 804]
Event: 1.688 Thread 0x00000282e383c7c0 Exception <a 'java/lang/ClassNotFoundException'{0x00000000855e3b50}: io/restassured/config/SSLConfigBeanInfo> (0x00000000855e3b50) 
thrown [s\open\src\hotspot\share\classfile\systemDictionary.cpp, line 327]
Event: 1.688 Thread 0x00000282e383c7c0 Exception <a 'java/lang/ClassNotFoundException'{0x00000000855e6e98}: io/restassured/config/SSLConfigCustomizer> (0x00000000855e6e98) 
thrown [s\open\src\hotspot\share\classfile\systemDictionary.cpp, line 327]
Event: 1.694 Thread 0x00000282e383c7c0 Exception <a 'java/lang/ClassNotFoundException'{0x0000000085449b80}: io/restassured/internal/http/ContentTypeSubTypeExtractorBeanInfo> (0x0000000085449b80) 
thrown [s\open\src\hotspot\share\classfile\systemDictionary.cpp, line 327]
Event: 1.694 Thread 0x00000282e383c7c0 Exception <a 'java/lang/ClassNotFoundException'{0x000000008544d0a8}: io/restassured/internal/http/ContentTypeSubTypeExtractorCustomizer> (0x000000008544d0a8) 
thrown [s\open\src\hotspot\share\classfile\systemDictionary.cpp, line 327]

VM Operations (20 events):
Event: 1.270 Executing safepoint VM operation: G1PauseCleanup
Event: 1.272 Executing safepoint VM operation: G1PauseCleanup done
Event: 1.282 Executing non-safepoint VM operation: HandshakeAllThreads (Deoptimize)
Event: 1.282 Executing non-safepoint VM operation: HandshakeAllThreads (Deoptimize) done
Event: 1.289 Executing non-safepoint VM operation: HandshakeAllThreads (Deoptimize)
Event: 1.289 Executing non-safepoint VM operation: HandshakeAllThreads (Deoptimize) done
Event: 1.315 Executing non-safepoint VM operation: HandshakeAllThreads (Deoptimize)
Event: 1.315 Executing non-safepoint VM operation: HandshakeAllThreads (Deoptimize) done
Event: 1.508 Executing non-safepoint VM operation: HandshakeAllThreads (Deoptimize)
Event: 1.508 Executing non-safepoint VM operation: HandshakeAllThreads (Deoptimize) done
Event: 1.519 Executing safepoint VM operation: G1CollectForAllocation (G1 Evacuation Pause)
Event: 1.531 Executing safepoint VM operation: G1CollectForAllocation (G1 Evacuation Pause) done
Event: 1.541 Executing non-safepoint VM operation: HandshakeAllThreads (Deoptimize)
Event: 1.541 Executing non-safepoint VM operation: HandshakeAllThreads (Deoptimize) done
Event: 1.544 Executing non-safepoint VM operation: HandshakeAllThreads (Deoptimize)
Event: 1.544 Executing non-safepoint VM operation: HandshakeAllThreads (Deoptimize) done
Event: 1.564 Executing non-safepoint VM operation: HandshakeAllThreads (Deoptimize)
Event: 1.564 Executing non-safepoint VM operation: HandshakeAllThreads (Deoptimize) done
Event: 1.603 Executing non-safepoint VM operation: HandshakeAllThreads (Deoptimize)
Event: 1.603 Executing non-safepoint VM operation: HandshakeAllThreads (Deoptimize) done

Memory protections (0 events):
No events

Nmethod flushes (0 events):
No events

Events (20 events):
Event: 0.033 Thread 0x00000282e383c7c0 Thread added: 0x00000282801888c0
Event: 0.033 Thread 0x00000282e383c7c0 Thread added: 0x000002828018bea0
Event: 0.033 Thread 0x00000282e383c7c0 Thread added: 0x000002828018ce30
Event: 0.033 Thread 0x00000282e383c7c0 Thread added: 0x0000028280191720
Event: 0.033 Thread 0x00000282e383c7c0 Thread added: 0x0000028280195110
Event: 0.033 Thread 0x00000282e383c7c0 Thread added: 0x00000282801b0750
Event: 0.033 Thread 0x00000282e383c7c0 Thread added: 0x00000282801b1f90
Event: 0.078 Thread 0x00000282e383c7c0 Thread added: 0x00000282808fa670
Event: 0.098 Thread 0x00000282e383c7c0 Thread added: 0x0000028280a9bb80
Event: 0.129 Thread 0x00000282e383c7c0 Thread added: 0x0000028280a1c290
Event: 0.129 Thread 0x00000282e383c7c0 Thread added: 0x000002828514a630
Event: 0.174 Thread 0x00000282801b1f90 Thread added: 0x00000282801b27a0
Event: 0.590 Thread 0x00000282e383c7c0 Thread added: 0x0000028285ead590
Event: 0.591 Thread 0x0000028285ead590 Thread added: 0x0000028285ebb580
Event: 0.591 Thread 0x0000028285ebb580 Thread added: 0x0000028285f74f50
Event: 0.591 Thread 0x0000028285ead590 Thread added: 0x0000028285f74780
Event: 0.591 Thread 0x00000282e383c7c0 Thread added: 0x0000028285f737e0
Event: 0.591 Thread 0x0000028285ebb580 Thread added: 0x0000028285f73fb0
Event: 0.591 Thread 0x0000028285ead590 Thread added: 0x0000028285f78dd0
Event: 1.295 Thread 0x00000282801b1f90 Thread added: 0x00000282863a5480


Dynamic libraries:
0x00007ff71a230000 - 0x00007ff71a240000 	C:\Program Files\Java\jdk-25\bin\java.exe
0x00007fffe1d80000 - 0x00007fffe1fe8000 	C:\WINDOWS\SYSTEM32\ntdll.dll
0x00007fffe12f0000 - 0x00007fffe13b9000 	C:\WINDOWS\System32\KERNEL32.DLL
0x00007fffdf130000 - 0x00007fffdf522000 	C:\WINDOWS\System32\KERNELBASE.dll
0x00007fffdf7e0000 - 0x00007fffdf92b000 	C:\WINDOWS\System32\ucrtbase.dll
0x00007fffdb820000 - 0x00007fffdb83e000 	C:\Program Files\Java\jdk-25\bin\VCRUNTIME140.dll
0x00007fffdb840000 - 0x00007fffdb857000 	C:\Program Files\Java\jdk-25\bin\jli.dll
0x00007fffe16a0000 - 0x00007fffe1865000 	C:\WINDOWS\System32\USER32.dll
0x00007fffdfa80000 - 0x00007fffdfaa7000 	C:\WINDOWS\System32\win32u.dll
0x00007fffe12c0000 - 0x00007fffe12eb000 	C:\WINDOWS\System32\GDI32.dll
0x00007fffdf530000 - 0x00007fffdf65d000 	C:\WINDOWS\System32\gdi32full.dll
0x00007fffc38c0000 - 0x00007fffc3b53000 	C:\WINDOWS\WinSxS\amd64_microsoft.windows.common-controls_6595b64144ccf1df_6.0.26100.6899_none_3e0efeeae32e88c1\COMCTL32.dll
0x00007fffdef10000 - 0x00007fffdefb3000 	C:\WINDOWS\System32\msvcp_win.dll
0x00007fffe1530000 - 0x00007fffe15d9000 	C:\WINDOWS\System32\msvcrt.dll
0x00007fffe1ba0000 - 0x00007fffe1bcf000 	C:\WINDOWS\System32\IMM32.DLL
0x000000006f740000 - 0x000000006f74c000 	C:\Program Files (x86)\360\Total Security\safemon\SafeWrapper.dll
0x00007fffe1870000 - 0x00007fffe1924000 	C:\WINDOWS\System32\ADVAPI32.dll
0x00007fffe15f0000 - 0x00007fffe1696000 	C:\WINDOWS\System32\sechost.dll
0x00007fffe0280000 - 0x00007fffe0398000 	C:\WINDOWS\System32\RPCRT4.dll
0x00007fffb80b0000 - 0x00007fffb815c000 	C:\Program Files (x86)\360\Total Security\safemon\libzdtp64.dll
0x00007fffe0ab0000 - 0x00007fffe11fd000 	C:\WINDOWS\System32\SHELL32.dll
0x00007fffdefc0000 - 0x00007fffdf12b000 	C:\WINDOWS\System32\wintypes.dll
0x00007fffe04a0000 - 0x00007fffe081b000 	C:\WINDOWS\System32\combase.dll
0x00007fffdfbf0000 - 0x00007fffdfc52000 	C:\WINDOWS\System32\SHLWAPI.dll
0x00007fffde840000 - 0x00007fffde84b000 	C:\WINDOWS\SYSTEM32\VERSION.dll
0x00007fffdb7d0000 - 0x00007fffdb7dc000 	C:\Program Files\Java\jdk-25\bin\vcruntime140_1.dll
0x00007fffd5e80000 - 0x00007fffd5f0d000 	C:\Program Files\Java\jdk-25\bin\msvcp140.dll
0x00007fff54150000 - 0x00007fff54faf000 	C:\Program Files\Java\jdk-25\bin\server\jvm.dll
0x00007fffe09c0000 - 0x00007fffe0a34000 	C:\WINDOWS\System32\WS2_32.dll
0x00007fffded70000 - 0x00007fffdedce000 	C:\WINDOWS\SYSTEM32\POWRPROF.dll
0x00007fffcb8a0000 - 0x00007fffcb8d5000 	C:\WINDOWS\SYSTEM32\WINMM.dll
0x00007fffded50000 - 0x00007fffded64000 	C:\WINDOWS\SYSTEM32\UMPDC.dll
0x00007fffddc70000 - 0x00007fffddc8b000 	C:\WINDOWS\SYSTEM32\kernel.appcore.dll
0x00007fffdb7c0000 - 0x00007fffdb7ca000 	C:\Program Files\Java\jdk-25\bin\jimage.dll
0x00007fffdc560000 - 0x00007fffdc7a2000 	C:\WINDOWS\SYSTEM32\DBGHELP.DLL
0x00007fffdfc90000 - 0x00007fffdfd67000 	C:\WINDOWS\System32\OLEAUT32.dll
0x00007fffc5040000 - 0x00007fffc507c000 	C:\WINDOWS\SYSTEM32\dbgcore.DLL
0x00007fffdfab0000 - 0x00007fffdfb48000 	C:\WINDOWS\System32\bcryptPrimitives.dll
0x00007fffdb800000 - 0x00007fffdb810000 	C:\Program Files\Java\jdk-25\bin\instrument.dll
0x00007fffdb7a0000 - 0x00007fffdb7bf000 	C:\Program Files\Java\jdk-25\bin\java.dll
0x00007fffe0820000 - 0x00007fffe09b8000 	C:\WINDOWS\System32\ole32.dll
0x00007fffdb7e0000 - 0x00007fffdb7f7000 	C:\Program Files\Java\jdk-25\bin\zip.dll
0x00007fffdcb10000 - 0x00007fffdd36d000 	C:\WINDOWS\SYSTEM32\windows.storage.dll
0x00007fffe03a0000 - 0x00007fffe0492000 	C:\WINDOWS\System32\SHCORE.dll
0x00007fffdee30000 - 0x00007fffdee59000 	C:\WINDOWS\SYSTEM32\profapi.dll
0x00007fffd99c0000 - 0x00007fffd99d0000 	C:\Program Files\Java\jdk-25\bin\verify.dll
0x00007fffdb780000 - 0x00007fffdb792000 	C:\Program Files\Java\jdk-25\bin\net.dll
0x00007fffde1e0000 - 0x00007fffde24b000 	C:\WINDOWS\system32\mswsock.dll
0x00007fffdb760000 - 0x00007fffdb776000 	C:\Program Files\Java\jdk-25\bin\nio.dll
0x00007fffd5e70000 - 0x00007fffd5e79000 	C:\Program Files\Java\jdk-25\bin\extnet.dll
0x00007fffde490000 - 0x00007fffde4ab000 	C:\WINDOWS\SYSTEM32\CRYPTSP.dll
0x00007fffddbd0000 - 0x00007fffddc0b000 	C:\WINDOWS\system32\rsaenh.dll
0x00007fffde280000 - 0x00007fffde2ab000 	C:\WINDOWS\SYSTEM32\USERENV.dll
0x00007fffdee00000 - 0x00007fffdee26000 	C:\WINDOWS\SYSTEM32\bcrypt.dll
0x00007fffde4b0000 - 0x00007fffde4bc000 	C:\WINDOWS\SYSTEM32\CRYPTBASE.dll
0x00007fffdd6e0000 - 0x00007fffdd714000 	C:\WINDOWS\SYSTEM32\IPHLPAPI.DLL
0x00007fffe1c30000 - 0x00007fffe1c3a000 	C:\WINDOWS\System32\NSI.dll
0x00007fffdd780000 - 0x00007fffdd8a6000 	C:\WINDOWS\SYSTEM32\DNSAPI.dll
0x00007fffd3880000 - 0x00007fffd388b000 	C:\Windows\System32\rasadhlp.dll

JVMTI agents:
C:\Users\lenovo\AppData\Local\JetBrains\IdeaIC2025.2\captureAgent\debugger-agent.jar path:C:\Program Files\Java\jdk-25\bin\instrument.dll, loaded, initialized, instrumentlib options:file:///C:/Users/lenovo/AppData/Local/Temp/capture14076906345682038821.props
C:\Program Files\JetBrains\IntelliJ IDEA Community Edition 2025.2.2\lib\idea_rt.jar path:C:\Program Files\Java\jdk-25\bin\instrument.dll, loaded, initialized, instrumentlib options:65310

dbghelp: loaded successfully - version: 4.0.5 - missing functions: none
symbol engine: initialized successfully - sym options: 0x614 - pdb path: .;C:\Program Files\Java\jdk-25\bin;C:\WINDOWS\SYSTEM32;C:\WINDOWS\WinSxS\amd64_microsoft.windows.common-controls_6595b64144ccf1df_6.0.26100.6899_none_3e0efeeae32e88c1;C:\Program Files (x86)\360\Total Security\safemon;C:\Program Files\Java\jdk-25\bin\server

VM Arguments:
jvm_args: -javaagent:C:\Users\lenovo\AppData\Local\JetBrains\IdeaIC2025.2\captureAgent\debugger-agent.jar=file:///C:/Users/lenovo/AppData/Local/Temp/capture14076906345682038821.props -ea -Didea.test.cyclic.buffer.size=1048576 -javaagent:C:\Program Files\JetBrains\IntelliJ IDEA Community Edition 2025.2.2\lib\idea_rt.jar=65310 -Dkotlinx.coroutines.debug.enable.creation.stack.trace=false -Ddebugger.agent.enable.coroutines=true -Dkotlinx.coroutines.debug.enable.flows.stack.trace=true -Dkotlinx.coroutines.debug.enable.mutable.state.flows.stack.trace=true -Dfile.encoding=UTF-8 -Dsun.stdout.encoding=UTF-8 -Dsun.stderr.encoding=UTF-8 
java_command: com.intellij.rt.testng.RemoteTestNGStarter -usedefaultlisteners false -socket65309 @w@C:\Users\lenovo\AppData\Local\Temp\idea_working_dirs_testng.tmp -temp C:\Users\lenovo\AppData\Local\Temp\idea_testng.tmp
java_class_path (initial): C:\Program Files\JetBrains\IntelliJ IDEA Community Edition 2025.2.2\lib\idea_rt.jar;C:\Program Files\JetBrains\IntelliJ IDEA Community Edition 2025.2.2\plugins\testng\lib\testng-rt.jar;D:\java c\Rest assured\target\test-classes;C:\Users\lenovo\.m2\repository\io\rest-assured\rest-assured\5.5.6\rest-assured-5.5.6.jar;C:\Users\lenovo\.m2\repository\org\apache\groovy\groovy\4.0.22\groovy-4.0.22.jar;C:\Users\lenovo\.m2\repository\org\apache\groovy\groovy-xml\4.0.22\groovy-xml-4.0.22.jar;C:\Users\lenovo\.m2\repository\org\apache\httpcomponents\httpclient\4.5.13\httpclient-4.5.13.jar;C:\Users\lenovo\.m2\repository\org\apache\httpcomponents\httpcore\4.4.13\httpcore-4.4.13.jar;C:\Users\lenovo\.m2\repository\commons-logging\commons-logging\1.2\commons-logging-1.2.jar;C:\Users\lenovo\.m2\repository\commons-codec\commons-codec\1.11\commons-codec-1.11.jar;C:\Users\lenovo\.m2\repository\org\apache\httpcomponents\httpmime\4.5.13\httpmime-4.5.13.jar;C:\Users\lenovo\.m2\repository\org\hamcrest\hamcrest\2.2\hamcrest-2.2.jar;C:\Users\lenovo\.m2\repository\org\ccil\cowan\tagsoup\tagsoup\1.2.1\tagsoup-1.2.1.jar;C:\Users\lenovo\.m2\repository\io\rest-assured\json-path\5.5.6\json-path-5.5.6.jar;C:\Users\lenovo\.m2\repository\org\apache\groovy\groovy-json\4.0.22\groovy-json-4.0.22.jar;C:\Users\lenovo\.m2\repository\io\rest-assured\rest-assured-common\5.5.6\rest-assured-common-5.5.6.jar;C:\Users\lenovo\.m2\repository\io\rest-assured\xml-path\5.5.6\xml-path-5.5.6.jar;C:\Users\lenovo\.m2\repository\org\apache\commons\commons-lang3\3.18.0\commons-lang3-3.18.0.jar;C:\Users\lenovo\.m2\repository\org\testng\testng\7.11.0\testng-7.11.0.jar;C:\Users\lenovo\.m2\repository\org\slf4j\slf4j-api\2.0.16\slf4j-api-2.0.16.jar;C:\Users\lenovo\.m2\repository\org\jcommander\jcommander\1.83\jcommander-1.83.jar;C:\Users\lenovo\.m2\repository\org\webjars\jquery\3.7.1\jquery-3.7.1.jar
Launcher Type: SUN_STANDARD

[Global flags]
     intx CICompilerCount                          = 4                                         {product} {ergonomic}
     uint ConcGCThreads                            = 2                                         {product} {ergonomic}
     uint G1ConcRefinementThreads                  = 8                                         {product} {ergonomic}
   size_t G1HeapRegionSize                         = 1048576                                   {product} {ergonomic}
   size_t InitialHeapSize                          = 132120576                                 {product} {ergonomic}
   size_t MarkStackSize                            = 4194304                                   {product} {ergonomic}
   size_t MarkStackSizeMax                         = 536870912                                 {product} {ergonomic}
   size_t MaxHeapSize                              = 2090860544                                {product} {ergonomic}
   size_t MaxNewSize                               = 1254096896                                {product} {ergonomic}
   size_t MinHeapDeltaBytes                        = 1048576                                   {product} {ergonomic}
   size_t MinHeapSize                              = 8388608                                   {product} {ergonomic}
    uintx NonNMethodCodeHeapSize                   = 5832704                                {pd product} {ergonomic}
    uintx NonProfiledCodeHeapSize                  = 122945536                              {pd product} {ergonomic}
    uintx ProfiledCodeHeapSize                     = 122880000                              {pd product} {ergonomic}
    uintx ReservedCodeCacheSize                    = 251658240                              {pd product} {ergonomic}
     bool SegmentedCodeCache                       = true                                      {product} {ergonomic}
   size_t SoftMaxHeapSize                          = 2090860544                             {manageable} {ergonomic}
     bool UseCompressedOops                        = true                           {product lp64_product} {ergonomic}
     bool UseG1GC                                  = true                                      {product} {ergonomic}
     bool UseLargePagesIndividualAllocation        = false                                  {pd product} {ergonomic}

Logging:
Log output configuration:
 #0: stdout all=warning uptime,level,tags foldmultilines=false
 #1: stderr all=off uptime,level,tags foldmultilines=false

Release file:
IMPLEMENTOR="Oracle Corporation" 
JAVA_RUNTIME_VERSION="25+37-LTS-3491" 
JAVA_VERSION="25" 
JAVA_VERSION_DATE="2025-09-16" 
LIBC="default" 
MODULES="java.base java.compiler java.datatransfer java.xml java.prefs java.desktop java.instrument java.logging java.management java.security.sasl java.naming java.rmi java.management.rmi java.net.http java.scripting java.security.jgss java.transaction.xa java.sql java.sql.rowset java.xml.crypto java.se java.smartcardio jdk.accessibility jdk.internal.jvmstat jdk.attach jdk.charsets jdk.internal.opt jdk.zipfs jdk.compiler jdk.crypto.cryptoki jdk.crypto.ec jdk.crypto.mscapi jdk.dynalink jdk.internal.ed jdk.editpad jdk.internal.vm.ci jdk.graal.compiler jdk.graal.compiler.management jdk.hotspot.agent jdk.httpserver jdk.incubator.vector jdk.internal.le jdk.internal.md jdk.jartool jdk.javadoc jdk.jcmd jdk.management jdk.management.agent jdk.jconsole jdk.jdeps jdk.jdwp.agent jdk.jdi jdk.jfr jdk.jlink jdk.jpackage jdk.jshell jdk.jsobject jdk.jstatd jdk.localedata jdk.management.jfr jdk.naming.dns jdk.naming.rmi jdk.net jdk.nio.mapmode jdk.sctp jdk.security.auth jdk.security.jgss jdk.unsupported jdk.unsupported.desktop jdk.xml.dom" 
OS_ARCH="x86_64" 
OS_NAME="Windows" 
SOURCE=".:git:49d6a23b8806 open:git:6c48f4ed707b" 

Environment Variables:
JAVA_HOME=C:\Program Files\Java\jdk-25
PATH=C:\Program Files\Common Files\Oracle\Java\javapath;C:\Program Files (x86)\Common Files\Oracle\Java\java8path;C:\Program Files (x86)\Common Files\Oracle\Java\javapath;C:\Program Files (x86)\VMware\VMware Workstation\New Folder\bin\;C:\WINDOWS\system32;C:\WINDOWS;C:\WINDOWS\System32\Wbem;C:\WINDOWS\System32\WindowsPowerShell\v1.0\;C:\WINDOWS\System32\OpenSSH\;C:\Program Files\dotnet\;C:\Program Files (x86)\Microsoft SQL Server\160\DTS\Binn\;C:\Program Files (x86)\Microsoft SQL Server\140\Tools\Binn\;C:\Program Files\Microsoft SQL Server\140\Tools\Binn\;C:\Program Files (x86)\Microsoft SQL Server\140\DTS\Binn\;C:\Program Files\Microsoft SQL Server\140\DTS\Binn\;C:\Program Files\Microsoft SQL Server\Client SDK\ODBC\130\Tools\Binn\;C:\Program Files\Microsoft SQL Server\150\Tools\Binn\;C:\Program Files\Microsoft SQL Server\Client SDK\ODBC\170\Tools\Binn\;C:\Program Files\Git\cmd;C:\Program Files\nodejs\;C:\Program Files\Java\jdk-25\bin;D:\apache-maven-3.9.11-bin\apache-maven-3.9.11\bin;C:\Users\lenovo\AppData\Local\Microsoft\WindowsApps;;C:\Users\lenovo\AppData\Local\Programs\Microsoft VS Code\bin;C:\Users\lenovo\.dotnet\tools;C:\Program Files\JetBrains\IntelliJ IDEA Community Edition 2025.2.2\bin;C:\Users\lenovo\AppData\Roaming\npm
USERNAME=lenovo
OS=Windows_NT
PROCESSOR_IDENTIFIER=Intel64 Family 6 Model 140 Stepping 1, GenuineIntel
TMP=C:\Users\lenovo\AppData\Local\Temp
TEMP=C:\Users\lenovo\AppData\Local\Temp




Compilation memory statistics disabled.

Periodic native trim disabled

---------------  S Y S T E M  ---------------

OS:
 Windows 11 , 64 bit Build 26100 (10.0.26100.6725)
OS uptime: 0 days 1:07 hours

CPU: total 8 (initial active 8) (4 cores per cpu, 2 threads per core) family 6 model 140 stepping 1 microcode 0x8a, cx8, cmov, fxsr, ht, mmx, 3dnowpref, sse, sse2, sse3, ssse3, sse4.1, sse4.2, popcnt, lzcnt, tsc, tscinvbit, avx, avx2, aes, erms, clmul, bmi1, bmi2, adx, avx512f, avx512dq, avx512cd, avx512bw, avx512vl, sha, fma, vzeroupper, avx512_vpopcntdq, avx512_vpclmulqdq, avx512_vaes, avx512_vnni, clflush, clflushopt, clwb, avx512_vbmi2, avx512_vbmi, rdtscp, rdpid, fsrm, gfni, avx512_bitalg, f16c, pku, cet_ibt, cet_ss, avx512_ifma
Processor Information for the first 8 processors :
  Max Mhz: 2419, Current Mhz: 2419, Mhz Limit: 2419

Memory: 4k page, system-wide physical 7975M (720M free)
TotalPageFile size 12071M (AvailPageFile size 10M)
current process WorkingSet (physical memory assigned to process): 196M, peak: 196M
current process commit charge ("private bytes"): 232M, peak: 272M

vm_info: Java HotSpot(TM) 64-Bit Server VM (25+37-LTS-3491) for windows-amd64 JRE (25+37-LTS-3491), built on 2025-08-14T21:13:00Z with unknown MS VC++:1943

END.
