#
# There is insufficient memory for the Java Runtime Environment to continue.
# Native memory allocation (malloc) failed to allocate 4531928 bytes. Error detail: Chunk::new
# Possible reasons:
#   The system is out of physical RAM or swap space
#   This process is running with CompressedOops enabled, and the Java Heap may be blocking the growth of the native heap
# Possible solutions:
#   Reduce memory load on the system
#   Increase physical memory or swap space
#   Check if swap backing store is full
#   Decrease Java heap size (-Xmx/-Xms)
#   Decrease number of Java threads
#   Decrease Java thread stack sizes (-Xss)
#   Set larger code cache with -XX:ReservedCodeCacheSize=
#   JVM is running with Unscaled Compressed Oops mode in which the Java heap is
#     placed in the first 4GB address space. The Java Heap base address is the
#     maximum limit for the native heap growth. Please use -XX:HeapBaseMinAddress
#     to set the Java Heap base and to place the Java Heap above 4GB virtual address.
# This output file may be truncated or incomplete.
#
#  Out of Memory Error (arena.cpp:186), pid=1344, tid=13884
#
# JRE version: Java(TM) SE Runtime Environment (25.0+37) (build 25+37-LTS-3491)
# Java VM: Java HotSpot(TM) 64-Bit Server VM (25+37-LTS-3491, mixed mode, sharing, tiered, compressed oops, compressed class ptrs, g1 gc, windows-amd64)
# No core dump will be written. Minidumps are not enabled by default on client versions of Windows
#

---------------  S U M M A R Y ------------

Command Line: io.qameta.allure.CommandLine serve

Host: 11th Gen Intel(R) Core(TM) i5-1135G7 @ 2.40GHz, 8 cores, 7G,  Windows 11 , 64 bit Build 26100 (10.0.26100.7019)
Time: Mon Nov 17 14:32:04 2025 Egypt Standard Time elapsed time: 5.880779 seconds (0d 0h 0m 5s)

---------------  T H R E A D  ---------------

Current thread (0x000001b1ab619770):  JavaThread "C2 CompilerThread2" daemon [_thread_in_native, id=13884, stack(0x0000007412400000,0x0000007412500000) (1024K)]


Current CompileTask:
C2:5880 4732   !   4       org.apache.tika.detect.MagicDetector::detect (482 bytes)

Stack: [0x0000007412400000,0x0000007412500000]
Native frames: (J=compiled Java code, j=interpreted, Vv=VM code, C=native code)
V  [jvm.dll+0x7a6a39]  (no source info available)
V  [jvm.dll+0x7727ed]  (no source info available)
V  [jvm.dll+0x965f33]  (no source info available)
V  [jvm.dll+0x968531]  (no source info available)
V  [jvm.dll+0x968c33]  (no source info available)
V  [jvm.dll+0x2fc756]  (no source info available)
V  [jvm.dll+0x111b26]  (no source info available)
V  [jvm.dll+0x111e4e]  (no source info available)
V  [jvm.dll+0x1a0a22]  (no source info available)
V  [jvm.dll+0x3b53c2]  (no source info available)
V  [jvm.dll+0x7ac3cf]  (no source info available)
V  [jvm.dll+0x2c0ac7]  (no source info available)
V  [jvm.dll+0x2bfa8f]  (no source info available)
V  [jvm.dll+0x237b60]  (no source info available)
V  [jvm.dll+0x2cfb56]  (no source info available)
V  [jvm.dll+0x2cddd5]  (no source info available)
V  [jvm.dll+0x48e671]  (no source info available)
V  [jvm.dll+0x90681d]  (no source info available)
V  [jvm.dll+0x7a5015]  (no source info available)
C  [ucrtbase.dll+0x37b0]  (no source info available)
C  [KERNEL32.DLL+0x2e8d7]  (no source info available)
C  [ntdll.dll+0x8c53c]  (no source info available)

Lock stack of current Java thread (top to bottom):


---------------  P R O C E S S  ---------------

Threads class SMR info:
_java_thread_list=0x000001b1ad4dde50, length=25, elements={
0x000001b1870aaa90, 0x000001b1a5ce0660, 0x000001b1a5ce10c0, 0x000001b1a5ce3430,
0x000001b1a5ce3ff0, 0x000001b1a5ce5480, 0x000001b1a5ce6170, 0x000001b1a5cede30,
0x000001b1a5d23a90, 0x000001b1a622c530, 0x000001b1a6232d10, 0x000001b1ab6063a0,
0x000001b1ab606b60, 0x000001b1ab60db50, 0x000001b1ab610730, 0x000001b1ab628e30,
0x000001b1ab6295f0, 0x000001b1ab35ecd0, 0x000001b1ade4e550, 0x000001b1ade4dd80,
0x000001b1ade4aea0, 0x000001b1ade4be40, 0x000001b1ade4fcc0, 0x000001b1ab61bfc0,
0x000001b1ab619770
}

Java Threads: ( => current thread )
  0x000001b1870aaa90 JavaThread "main"                              [_thread_blocked, id=19260, stack(0x0000007410300000,0x0000007410400000) (1024K)]
  0x000001b1a5ce0660 JavaThread "Reference Handler"          daemon [_thread_blocked, id=18172, stack(0x0000007410b00000,0x0000007410c00000) (1024K)]
  0x000001b1a5ce10c0 JavaThread "Finalizer"                  daemon [_thread_blocked, id=19236, stack(0x0000007410c00000,0x0000007410d00000) (1024K)]
  0x000001b1a5ce3430 JavaThread "Signal Dispatcher"          daemon [_thread_blocked, id=19880, stack(0x0000007410d00000,0x0000007410e00000) (1024K)]
  0x000001b1a5ce3ff0 JavaThread "Attach Listener"            daemon [_thread_blocked, id=17972, stack(0x0000007410e00000,0x0000007410f00000) (1024K)]
  0x000001b1a5ce5480 JavaThread "Service Thread"             daemon [_thread_blocked, id=11944, stack(0x0000007410f00000,0x0000007411000000) (1024K)]
  0x000001b1a5ce6170 JavaThread "Monitor Deflation Thread"   daemon [_thread_blocked, id=16068, stack(0x0000007411000000,0x0000007411100000) (1024K)]
  0x000001b1a5cede30 JavaThread "C2 CompilerThread0"         daemon [_thread_blocked, id=12296, stack(0x0000007411100000,0x0000007411200000) (1024K)]
  0x000001b1a5d23a90 JavaThread "C1 CompilerThread0"         daemon [_thread_blocked, id=5360, stack(0x0000007411200000,0x0000007411300000) (1024K)]
  0x000001b1a622c530 JavaThread "Notification Thread"        daemon [_thread_blocked, id=17004, stack(0x0000007411300000,0x0000007411400000) (1024K)]
  0x000001b1a6232d10 JavaThread "Common-Cleaner"             daemon [_thread_blocked, id=14100, stack(0x0000007411400000,0x0000007411500000) (1024K)]
  0x000001b1ab6063a0 JavaThread "ForkJoinPool.commonPool-worker-1" daemon [_thread_blocked, id=744, stack(0x0000007411600000,0x0000007411700000) (1024K)]
  0x000001b1ab606b60 JavaThread "ForkJoinPool.commonPool-worker-2" daemon [_thread_blocked, id=18836, stack(0x0000007411700000,0x0000007411800000) (1024K)]
  0x000001b1ab60db50 JavaThread "ForkJoinPool.commonPool-worker-3" daemon [_thread_blocked, id=3352, stack(0x0000007411800000,0x0000007411900000) (1024K)]
  0x000001b1ab610730 JavaThread "ForkJoinPool.commonPool-worker-4" daemon [_thread_blocked, id=3188, stack(0x0000007411900000,0x0000007411a00000) (1024K)]
  0x000001b1ab628e30 JavaThread "ForkJoinPool.commonPool-worker-5" daemon [_thread_blocked, id=13512, stack(0x0000007411a00000,0x0000007411b00000) (1024K)]
  0x000001b1ab6295f0 JavaThread "ForkJoinPool.commonPool-worker-6" daemon [_thread_blocked, id=5952, stack(0x0000007411b00000,0x0000007411c00000) (1024K)]
  0x000001b1ab35ecd0 JavaThread "ForkJoinPool.commonPool-worker-7" daemon [_thread_blocked, id=17164, stack(0x0000007411c00000,0x0000007411d00000) (1024K)]
  0x000001b1ade4e550 JavaThread "idle-timeout-task"          daemon [_thread_blocked, id=19212, stack(0x0000007412600000,0x0000007412700000) (1024K)]
  0x000001b1ade4dd80 JavaThread "HTTP-Dispatcher"                   [_thread_in_native, id=2308, stack(0x0000007412700000,0x0000007412800000) (1024K)]
  0x000001b1ade4aea0 JavaThread "Java2D Disposer"            daemon [_thread_blocked, id=17752, stack(0x0000007412800000,0x0000007412900000) (1024K)]
  0x000001b1ade4be40 JavaThread "AWT-Windows"                daemon [_thread_in_native, id=18976, stack(0x0000007412a00000,0x0000007412b00000) (1024K)]
  0x000001b1ade4fcc0 JavaThread "Swing-Shell"                daemon [_thread_blocked, id=11592, stack(0x0000007412b00000,0x0000007412c00000) (1024K)]
  0x000001b1ab61bfc0 JavaThread "C2 CompilerThread1"         daemon [_thread_blocked, id=18284, stack(0x0000007411500000,0x0000007411600000) (1024K)]
=>0x000001b1ab619770 JavaThread "C2 CompilerThread2"         daemon [_thread_in_native, id=13884, stack(0x0000007412400000,0x0000007412500000) (1024K)]
Total: 25

Other Threads:
  0x000001b1a5ccf420 VMThread "VM Thread"                           [id=14556, stack(0x0000007410a00000,0x0000007410b00000) (1024K)]
  0x000001b1a5cbc7e0 WatcherThread "VM Periodic Task Thread"        [id=19896, stack(0x0000007410900000,0x0000007410a00000) (1024K)]
  0x000001b1894bd4d0 WorkerThread "GC Thread#0"                     [id=4128, stack(0x0000007410400000,0x0000007410500000) (1024K)]
  0x000001b1ab675ec0 WorkerThread "GC Thread#1"                     [id=15956, stack(0x0000007411d00000,0x0000007411e00000) (1024K)]
  0x000001b1ab6762f0 WorkerThread "GC Thread#2"                     [id=17788, stack(0x0000007411e00000,0x0000007411f00000) (1024K)]
  0x000001b1ab68c560 WorkerThread "GC Thread#3"                     [id=17096, stack(0x0000007411f00000,0x0000007412000000) (1024K)]
  0x000001b1ab68d1a0 WorkerThread "GC Thread#4"                     [id=12448, stack(0x0000007412000000,0x0000007412100000) (1024K)]
  0x000001b1ab68d5d0 WorkerThread "GC Thread#5"                     [id=10964, stack(0x0000007412100000,0x0000007412200000) (1024K)]
  0x000001b1ab68da00 WorkerThread "GC Thread#6"                     [id=18556, stack(0x0000007412200000,0x0000007412300000) (1024K)]
  0x000001b1ab6f6360 WorkerThread "GC Thread#7"                     [id=7520, stack(0x0000007412300000,0x0000007412400000) (1024K)]
  0x000001b1894d5b80 ConcurrentGCThread "G1 Main Marker"            [id=18900, stack(0x0000007410500000,0x0000007410600000) (1024K)]
  0x000001b1894d8730 WorkerThread "G1 Conc#0"                       [id=3488, stack(0x0000007410600000,0x0000007410700000) (1024K)]
  0x000001b1ab6f74a0 WorkerThread "G1 Conc#1"                       [id=15096, stack(0x0000007412500000,0x0000007412600000) (1024K)]
  0x000001b1a5b84770 ConcurrentGCThread "G1 Refine#0"               [id=2000, stack(0x0000007410700000,0x0000007410800000) (1024K)]
  0x000001b1a5b87290 ConcurrentGCThread "G1 Service"                [id=10032, stack(0x0000007410800000,0x0000007410900000) (1024K)]
Total: 15

Threads with active compile tasks:
C2 CompilerThread2  6114 4732   !   4       org.apache.tika.detect.MagicDetector::detect (482 bytes)
Total: 1

VM state: not at safepoint (normal execution)

VM Mutex/Monitor currently owned by a thread: None

Heap address: 0x0000000083600000, size: 1994 MB, Compressed Oops mode: 32-bit

CDS archive(s) mapped at: [0x0000000010000000-0x0000000010dd0000-0x0000000010dd0000), size 14483456, SharedBaseAddress: 0x0000000010000000, ArchiveRelocationMode: 1.
Compressed class space mapped at: 0x0000000011000000-0x0000000051000000, reserved size: 1073741824
UseCompressedClassPointers 1, UseCompactObjectHeaders 0
Narrow klass pointer bits 32, Max shift 3
Narrow klass base: 0x0000000010000000, Narrow klass shift: 0
Encoding Range: [0x0000000010000000 - 0x0000000110000000), (4294967296 bytes)
Klass Range:    [0x0000000010010000 - 0x0000000051000000), (1090453504 bytes)
Klass ID Range:  [65536 - 1090519033) (1090453497)
Protection zone: [0x0000000010000000 - 0x0000000010010000), (65536 bytes)

GC Precious Log:
 CardTable entry size: 512
 Card Set container configuration: InlinePtr #cards 5 size 8 Array Of Cards #cards 10 size 36 Howl #buckets 4 coarsen threshold 1843 Howl Bitmap #cards 512 size 80 coarsen threshold 460 Card regions per heap region 1 cards per card region 2048
 CPUs: 8 total, 8 available
 Memory: 7975M
 Large Page Support: Disabled
 NUMA Support: Disabled
 Compressed Oops: Enabled (32-bit)
 Heap Region Size: 1M
 Heap Min Capacity: 8M
 Heap Initial Capacity: 126M
 Heap Max Capacity: 1994M
 Pre-touch: Disabled
 Parallel Workers: 8
 Concurrent Workers: 2
 Concurrent Refinement Workers: 8
 Periodic GC: Disabled

Heap:
 garbage-first heap   total reserved 2041856K, committed 52224K, used 31739K [0x0000000083600000, 0x0000000100000000)
  region size 1024K, 27 young (27648K), 7 survivors (7168K)

Heap Regions: E=young(eden), S=young(survivor), O=old, HS=humongous(starts), HC=humongous(continues), CS=collection set, F=free, TAMS=top-at-mark-start, PB=parsable bottom
|   0|0x0000000083600000, 0x0000000083700000, 0x0000000083700000|100%| O|  |TAMS 0x0000000083600000| PB 0x0000000083600000| Untracked |  0
|   1|0x0000000083700000, 0x0000000083800000, 0x0000000083800000|100%| O|  |TAMS 0x0000000083700000| PB 0x0000000083700000| Untracked |  0
|   2|0x0000000083800000, 0x0000000083900000, 0x0000000083900000|100%| O|  |TAMS 0x0000000083800000| PB 0x0000000083800000| Untracked |  0
|   3|0x0000000083900000, 0x0000000083a00000, 0x0000000083a00000|100%| O|  |TAMS 0x0000000083900000| PB 0x0000000083900000| Untracked |  0
|   4|0x0000000083a00000, 0x0000000083b00000, 0x0000000083b00000|100%| O|  |TAMS 0x0000000083a00000| PB 0x0000000083a00000| Untracked |  0
|   5|0x0000000083b00000, 0x0000000083b30410, 0x0000000083c00000| 18%| O|  |TAMS 0x0000000083b00000| PB 0x0000000083b00000| Untracked |  0
|   6|0x0000000083c00000, 0x0000000083c00000, 0x0000000083d00000|  0%| F|  |TAMS 0x0000000083c00000| PB 0x0000000083c00000| Untracked |  0
|   7|0x0000000083d00000, 0x0000000083d00000, 0x0000000083e00000|  0%| F|  |TAMS 0x0000000083d00000| PB 0x0000000083d00000| Untracked |  0
|   8|0x0000000083e00000, 0x0000000083e00000, 0x0000000083f00000|  0%| F|  |TAMS 0x0000000083e00000| PB 0x0000000083e00000| Untracked |  0
|   9|0x0000000083f00000, 0x0000000083f00000, 0x0000000084000000|  0%| F|  |TAMS 0x0000000083f00000| PB 0x0000000083f00000| Untracked |  0
|  10|0x0000000084000000, 0x0000000084000000, 0x0000000084100000|  0%| F|  |TAMS 0x0000000084000000| PB 0x0000000084000000| Untracked |  0
|  11|0x0000000084100000, 0x0000000084100000, 0x0000000084200000|  0%| F|  |TAMS 0x0000000084100000| PB 0x0000000084100000| Untracked |  0
|  12|0x0000000084200000, 0x0000000084200000, 0x0000000084300000|  0%| F|  |TAMS 0x0000000084200000| PB 0x0000000084200000| Untracked |  0
|  13|0x0000000084300000, 0x0000000084300000, 0x0000000084400000|  0%| F|  |TAMS 0x0000000084300000| PB 0x0000000084300000| Untracked |  0
|  14|0x0000000084400000, 0x0000000084400000, 0x0000000084500000|  0%| F|  |TAMS 0x0000000084400000| PB 0x0000000084400000| Untracked |  0
|  15|0x0000000084500000, 0x0000000084500000, 0x0000000084600000|  0%| F|  |TAMS 0x0000000084500000| PB 0x0000000084500000| Untracked |  0
|  16|0x0000000084600000, 0x0000000084600000, 0x0000000084700000|  0%| F|  |TAMS 0x0000000084600000| PB 0x0000000084600000| Untracked |  0
|  17|0x0000000084700000, 0x0000000084700000, 0x0000000084800000|  0%| F|  |TAMS 0x0000000084700000| PB 0x0000000084700000| Untracked |  0
|  18|0x0000000084800000, 0x0000000084800000, 0x0000000084900000|  0%| F|  |TAMS 0x0000000084800000| PB 0x0000000084800000| Untracked |  0
|  19|0x0000000084900000, 0x0000000084900000, 0x0000000084a00000|  0%| F|  |TAMS 0x0000000084900000| PB 0x0000000084900000| Untracked |  0
|  20|0x0000000084a00000, 0x0000000084a00000, 0x0000000084b00000|  0%| F|  |TAMS 0x0000000084a00000| PB 0x0000000084a00000| Untracked |  0
|  21|0x0000000084b00000, 0x0000000084b00000, 0x0000000084c00000|  0%| F|  |TAMS 0x0000000084b00000| PB 0x0000000084b00000| Untracked |  0
|  22|0x0000000084c00000, 0x0000000084d00000, 0x0000000084d00000|100%| E|  |TAMS 0x0000000084c00000| PB 0x0000000084c00000| Complete |  0
|  23|0x0000000084d00000, 0x0000000084e00000, 0x0000000084e00000|100%| E|CS|TAMS 0x0000000084d00000| PB 0x0000000084d00000| Complete |  0
|  24|0x0000000084e00000, 0x0000000084f00000, 0x0000000084f00000|100%| E|CS|TAMS 0x0000000084e00000| PB 0x0000000084e00000| Complete |  0
|  25|0x0000000084f00000, 0x0000000085000000, 0x0000000085000000|100%| E|CS|TAMS 0x0000000084f00000| PB 0x0000000084f00000| Complete |  0
|  26|0x0000000085000000, 0x0000000085100000, 0x0000000085100000|100%| E|CS|TAMS 0x0000000085000000| PB 0x0000000085000000| Complete |  0
|  27|0x0000000085100000, 0x0000000085200000, 0x0000000085200000|100%| E|CS|TAMS 0x0000000085100000| PB 0x0000000085100000| Complete |  0
|  28|0x0000000085200000, 0x0000000085300000, 0x0000000085300000|100%| E|CS|TAMS 0x0000000085200000| PB 0x0000000085200000| Complete |  0
|  29|0x0000000085300000, 0x0000000085400000, 0x0000000085400000|100%| E|CS|TAMS 0x0000000085300000| PB 0x0000000085300000| Complete |  0
|  30|0x0000000085400000, 0x0000000085500000, 0x0000000085500000|100%| E|CS|TAMS 0x0000000085400000| PB 0x0000000085400000| Complete |  0
|  31|0x0000000085500000, 0x0000000085600000, 0x0000000085600000|100%| E|  |TAMS 0x0000000085500000| PB 0x0000000085500000| Complete |  0
|  32|0x0000000085600000, 0x0000000085700000, 0x0000000085700000|100%| E|CS|TAMS 0x0000000085600000| PB 0x0000000085600000| Complete |  0
|  33|0x0000000085700000, 0x0000000085800000, 0x0000000085800000|100%| E|CS|TAMS 0x0000000085700000| PB 0x0000000085700000| Complete |  0
|  34|0x0000000085800000, 0x0000000085900000, 0x0000000085900000|100%| E|CS|TAMS 0x0000000085800000| PB 0x0000000085800000| Complete |  0
|  35|0x0000000085900000, 0x0000000085a00000, 0x0000000085a00000|100%| E|CS|TAMS 0x0000000085900000| PB 0x0000000085900000| Complete |  0
|  36|0x0000000085a00000, 0x0000000085b00000, 0x0000000085b00000|100%| S|CS|TAMS 0x0000000085a00000| PB 0x0000000085a00000| Complete |  0
|  37|0x0000000085b00000, 0x0000000085c00000, 0x0000000085c00000|100%| S|CS|TAMS 0x0000000085b00000| PB 0x0000000085b00000| Complete |  0
|  38|0x0000000085c00000, 0x0000000085d00000, 0x0000000085d00000|100%| S|CS|TAMS 0x0000000085c00000| PB 0x0000000085c00000| Complete |  0
|  39|0x0000000085d00000, 0x0000000085e00000, 0x0000000085e00000|100%| S|CS|TAMS 0x0000000085d00000| PB 0x0000000085d00000| Complete |  0
|  40|0x0000000085e00000, 0x0000000085f00000, 0x0000000085f00000|100%| S|CS|TAMS 0x0000000085e00000| PB 0x0000000085e00000| Complete |  0
|  41|0x0000000085f00000, 0x0000000086000000, 0x0000000086000000|100%| S|CS|TAMS 0x0000000085f00000| PB 0x0000000085f00000| Complete |  0
|  42|0x0000000086000000, 0x00000000860a9280, 0x0000000086100000| 66%| S|CS|TAMS 0x0000000086000000| PB 0x0000000086000000| Complete |  0
|  85|0x0000000088b00000, 0x0000000088c00000, 0x0000000088c00000|100%| E|CS|TAMS 0x0000000088b00000| PB 0x0000000088b00000| Complete |  0
|  86|0x0000000088c00000, 0x0000000088d00000, 0x0000000088d00000|100%| E|CS|TAMS 0x0000000088c00000| PB 0x0000000088c00000| Complete |  0
|  87|0x0000000088d00000, 0x0000000088e00000, 0x0000000088e00000|100%| E|CS|TAMS 0x0000000088d00000| PB 0x0000000088d00000| Complete |  0
|  88|0x0000000088e00000, 0x0000000088f00000, 0x0000000088f00000|100%| E|CS|TAMS 0x0000000088e00000| PB 0x0000000088e00000| Complete |  0
|  89|0x0000000088f00000, 0x0000000089000000, 0x0000000089000000|100%| E|CS|TAMS 0x0000000088f00000| PB 0x0000000088f00000| Complete |  0
| 125|0x000000008b300000, 0x000000008b400000, 0x000000008b400000|100%| E|CS|TAMS 0x000000008b300000| PB 0x000000008b300000| Complete |  0
|1992|0x00000000ffe00000, 0x00000000fff00000, 0x00000000fff00000|100%| O|  |TAMS 0x00000000ffe00000| PB 0x00000000ffe00000| Untracked |  0
|1993|0x00000000fff00000, 0x00000000fff25608, 0x0000000100000000| 14%| O|Cm|TAMS 0x00000000fff00000| PB 0x00000000fff00000| Complete |  0

Card table byte_map: [0x000001b1a13e0000,0x000001b1a17d0000] _byte_map_base: 0x000001b1a0fc5000

Marking Bits: (CMBitMap*) 0x000001b1894bdc60
 Bits: [0x000001b1a17d0000, 0x000001b1a36f8000)

Polling page: 0x000001b1872a0000

Metaspace:
Metaspace        used 30648K, committed 30976K, reserved 1114112K
 class space     used 3082K, committed 3200K, reserved 1048576K

Usage:
  Non-class:     26.92 MB used.
      Class:      3.01 MB used.
       Both:     29.93 MB used.

Virtual space:
  Non-class space:       64.00 MB reserved,      27.12 MB ( 42%) committed,  1 nodes.
      Class space:        1.00 GB reserved,       3.12 MB ( <1%) committed,  1 nodes.
             Both:        1.06 GB reserved,      30.25 MB (  3%) committed. 

Chunk freelists:
   Non-Class:  4.62 MB
       Class:  12.70 MB
        Both:  17.31 MB

MaxMetaspaceSize: unlimited
CompressedClassSpaceSize: 1.00 GB
Initial GC threshold: 21.00 MB
Current GC threshold: 35.12 MB
CDS: on
 - commit_granule_bytes: 65536.
 - commit_granule_words: 8192.
 - virtual_space_node_default_size: 8388608.
 - enlarge_chunks_in_place: 1.
UseCompressedClassPointers 1, UseCompactObjectHeaders 0
Narrow klass pointer bits 32, Max shift 3
Narrow klass base: 0x0000000010000000, Narrow klass shift: 0
Encoding Range: [0x0000000010000000 - 0x0000000110000000), (4294967296 bytes)
Klass Range:    [0x0000000010010000 - 0x0000000051000000), (1090453504 bytes)
Klass ID Range:  [65536 - 1090519033) (1090453497)
Protection zone: [0x0000000010000000 - 0x0000000010010000), (65536 bytes)


Internal statistics:

num_allocs_failed_limit: 3.
num_arena_births: 316.
num_arena_deaths: 0.
num_vsnodes_births: 2.
num_vsnodes_deaths: 0.
num_space_committed: 483.
num_space_uncommitted: 0.
num_chunks_returned_to_freelist: 3.
num_chunks_taken_from_freelist: 1098.
num_chunk_merges: 0.
num_chunk_splits: 742.
num_chunks_enlarged: 565.
num_inconsistent_stats: 0.

CodeHeap 'non-profiled nmethods': size=120064Kb used=1488Kb max_used=1488Kb free=118575Kb
 bounds [0x000001b199780000, 0x000001b1999f0000, 0x000001b1a0cc0000]
CodeHeap 'profiled nmethods': size=120000Kb used=7717Kb max_used=7717Kb free=112282Kb
 bounds [0x000001b191cc0000, 0x000001b192450000, 0x000001b1991f0000]
CodeHeap 'non-nmethods': size=5696Kb used=1736Kb max_used=1811Kb free=3959Kb
 bounds [0x000001b1991f0000, 0x000001b199460000, 0x000001b199780000]
CodeCache: size=245760Kb, used=10941Kb, max_used=11016Kb, free=234816Kb
 total_blobs=5393, nmethods=4706, adapters=588, full_count=0
Compilation: enabled, stopped_count=0, restarted_count=0

Compilation events (20 events):
Event: 5.608 Thread 0x000001b1a5cede30 nmethod 4708% 0x000001b1998f2088 code [0x000001b1998f2180, 0x000001b1998f29e0]
Event: 5.608 Thread 0x000001b1ab61bfc0 4724 % !   4       org.apache.tika.detect.MagicDetector::detect @ 346 (482 bytes)
Event: 5.610 Thread 0x000001b1ab619770 4725       4       java.util.regex.Pattern::append (43 bytes)
Event: 5.610 Thread 0x000001b1ab619770 nmethod 4725 0x000001b1998f2a08 code [0x000001b1998f2b00, 0x000001b1998f2be8]
Event: 5.611 Thread 0x000001b1a5d23a90 4726       3       jdk.internal.util.DecimalDigits::stringSize (55 bytes)
Event: 5.611 Thread 0x000001b1a5d23a90 nmethod 4726 0x000001b192446888 code [0x000001b192446980, 0x000001b192446bc8]
Event: 5.612 Thread 0x000001b1ab619770 4727  s    4       java.io.ByteArrayOutputStream::write (32 bytes)
Event: 5.614 Thread 0x000001b1ab619770 nmethod 4727 0x000001b1998f2d08 code [0x000001b1998f2e00, 0x000001b1998f32e0]
Event: 5.616 Thread 0x000001b1a5d23a90 4728       3       sun.net.httpserver.Utils::isValidName (52 bytes)
Event: 5.617 Thread 0x000001b1a5d23a90 nmethod 4728 0x000001b192446c08 code [0x000001b192446d00, 0x000001b1924477e8]
Event: 5.617 Thread 0x000001b1a5d23a90 4729       3       java.util.LinkedList::toArray (39 bytes)
Event: 5.617 Thread 0x000001b1a5d23a90 nmethod 4729 0x000001b192447808 code [0x000001b192447900, 0x000001b192447cc8]
Event: 5.620 Thread 0x000001b1a5d23a90 4730       3       java.util.LinkedList::<init> (11 bytes)
Event: 5.620 Thread 0x000001b1a5d23a90 nmethod 4730 0x000001b192447d08 code [0x000001b192447e00, 0x000001b1924481b0]
Event: 5.622 Thread 0x000001b1a5d23a90 4731       3       java.nio.HeapByteBuffer::put (12 bytes)
Event: 5.623 Thread 0x000001b1a5d23a90 nmethod 4731 0x000001b192448208 code [0x000001b192448300, 0x000001b192448878]
Event: 5.627 Thread 0x000001b1ab61bfc0 nmethod 4724% 0x000001b1998f3308 code [0x000001b1998f3400, 0x000001b1998f4018]
Event: 5.629 Thread 0x000001b1ab619770 4732   !   4       org.apache.tika.detect.MagicDetector::detect (482 bytes)
Event: 5.633 Thread 0x000001b1a5d23a90 4733       3       java.util.regex.Pattern::curly (66 bytes)
Event: 5.634 Thread 0x000001b1a5d23a90 nmethod 4733 0x000001b192448888 code [0x000001b192448980, 0x000001b1924496a0]

GC Heap Usage History (6 events):
Event: 0.748 {heap Before GC invocations=0 (full 0):
 garbage-first heap   total reserved 2041856K, committed 131072K, used 49301K [0x0000000083600000, 0x0000000100000000)
  region size 1024K, 47 young (48128K), 0 survivors (0K)
}
Event: 0.754 {heap After GC invocations=1 (full 0):
 garbage-first heap   total reserved 2041856K, committed 131072K, used 6634K [0x0000000083600000, 0x0000000100000000)
  region size 1024K, 6 young (6144K), 6 survivors (6144K)
}
Event: 1.247 {heap Before GC invocations=1 (full 0):
 garbage-first heap   total reserved 2041856K, committed 131072K, used 41450K [0x0000000083600000, 0x0000000100000000)
  region size 1024K, 42 young (43008K), 6 survivors (6144K)
}
Event: 1.254 {heap After GC invocations=2 (full 0):
 garbage-first heap   total reserved 2041856K, committed 131072K, used 10884K [0x0000000083600000, 0x0000000100000000)
  region size 1024K, 5 young (5120K), 5 survivors (5120K)
}
Event: 4.632 {heap Before GC invocations=3 (full 0):
 garbage-first heap   total reserved 2041856K, committed 45056K, used 41604K [0x0000000083600000, 0x0000000100000000)
  region size 1024K, 29 young (29696K), 5 survivors (5120K)
}
Event: 4.638 {heap After GC invocations=4 (full 0):
 garbage-first heap   total reserved 2041856K, committed 52224K, used 13307K [0x0000000083600000, 0x0000000100000000)
  region size 1024K, 7 young (7168K), 7 survivors (7168K)
}

Metaspace Usage History (6 events):
Event: 0.748 {metaspace Before GC invocations=0 (full 0):
 Metaspace       used 14303K, committed 14528K, reserved 1114112K
  class space    used 1381K, committed 1472K, reserved 1048576K
}
Event: 0.754 {metaspace After GC invocations=1 (full 0):
 Metaspace       used 14303K, committed 14528K, reserved 1114112K
  class space    used 1381K, committed 1472K, reserved 1048576K
}
Event: 1.247 {metaspace Before GC invocations=1 (full 0):
 Metaspace       used 21209K, committed 21504K, reserved 1114112K
  class space    used 2094K, committed 2176K, reserved 1048576K
}
Event: 1.254 {metaspace After GC invocations=2 (full 0):
 Metaspace       used 21209K, committed 21504K, reserved 1114112K
  class space    used 2094K, committed 2176K, reserved 1048576K
}
Event: 4.632 {metaspace Before GC invocations=3 (full 0):
 Metaspace       used 29877K, committed 30208K, reserved 1114112K
  class space    used 3026K, committed 3200K, reserved 1048576K
}
Event: 4.638 {metaspace After GC invocations=4 (full 0):
 Metaspace       used 29877K, committed 30208K, reserved 1114112K
  class space    used 3026K, committed 3200K, reserved 1048576K
}

Dll operation events (8 events):
Event: 0.008 Loaded shared library C:\Program Files\Java\jdk-25\bin\java.dll
Event: 0.042 Loaded shared library C:\Program Files\Java\jdk-25\bin\net.dll
Event: 0.045 Loaded shared library C:\Program Files\Java\jdk-25\bin\nio.dll
Event: 0.047 Loaded shared library C:\Program Files\Java\jdk-25\bin\zip.dll
Event: 0.094 Loaded shared library C:\Program Files\Java\jdk-25\bin\jimage.dll
Event: 1.398 Loaded shared library C:\Program Files\Java\jdk-25\bin\extnet.dll
Event: 1.455 Loaded shared library C:\Program Files\Java\jdk-25\bin\sunmscapi.dll
Event: 1.906 Loaded shared library C:\Program Files\Java\jdk-25\bin\awt.dll

Deoptimization events (20 events):
Event: 5.583 Thread 0x000001b1ade4dd80 DEOPT PACKING pc=0x000001b1998efe6c sp=0x00000074127fe960
Event: 5.583 Thread 0x000001b1ade4dd80 DEOPT UNPACKING pc=0x000001b199321782 sp=0x00000074127fe8e0 mode 2
Event: 5.596 Thread 0x000001b1ade4dd80 DEOPT PACKING pc=0x000001b192440544 sp=0x00000074127fe8d0
Event: 5.596 Thread 0x000001b1ade4dd80 DEOPT UNPACKING pc=0x000001b1992412a2 sp=0x00000074127fdde0 mode 0
Event: 5.601 Thread 0x000001b1ade4dd80 DEOPT PACKING pc=0x000001b1924405a3 sp=0x00000074127fe8d0
Event: 5.601 Thread 0x000001b1ade4dd80 DEOPT UNPACKING pc=0x000001b1992412a2 sp=0x00000074127fdde0 mode 0
Event: 5.608 Thread 0x000001b1ade4dd80 DEOPT PACKING pc=0x000001b1924405a3 sp=0x00000074127fe8d0
Event: 5.608 Thread 0x000001b1ade4dd80 DEOPT UNPACKING pc=0x000001b1992412a2 sp=0x00000074127fdde0 mode 0
Event: 5.608 Thread 0x000001b1ade4dd80 DEOPT PACKING pc=0x000001b1924405a3 sp=0x00000074127fe840
Event: 5.608 Thread 0x000001b1ade4dd80 DEOPT UNPACKING pc=0x000001b1992412a2 sp=0x00000074127fdd50 mode 0
Event: 5.609 Thread 0x000001b1ade4dd80 DEOPT PACKING pc=0x000001b1924405a3 sp=0x00000074127fe8d0
Event: 5.609 Thread 0x000001b1ade4dd80 DEOPT UNPACKING pc=0x000001b1992412a2 sp=0x00000074127fdde0 mode 0
Event: 5.623 Thread 0x000001b1ade4dd80 DEOPT PACKING pc=0x000001b1924405a3 sp=0x00000074127fe8d0
Event: 5.623 Thread 0x000001b1ade4dd80 DEOPT UNPACKING pc=0x000001b1992412a2 sp=0x00000074127fdde0 mode 0
Event: 5.624 Thread 0x000001b1ade4dd80 DEOPT PACKING pc=0x000001b1924405a3 sp=0x00000074127fe840
Event: 5.624 Thread 0x000001b1ade4dd80 DEOPT UNPACKING pc=0x000001b1992412a2 sp=0x00000074127fdd50 mode 0
Event: 5.624 Thread 0x000001b1ade4dd80 DEOPT PACKING pc=0x000001b1924405a3 sp=0x00000074127fe8d0
Event: 5.624 Thread 0x000001b1ade4dd80 DEOPT UNPACKING pc=0x000001b1992412a2 sp=0x00000074127fdde0 mode 0
Event: 5.630 Thread 0x000001b1ade4dd80 DEOPT PACKING pc=0x000001b192440544 sp=0x00000074127fe8d0
Event: 5.630 Thread 0x000001b1ade4dd80 DEOPT UNPACKING pc=0x000001b1992412a2 sp=0x00000074127fdde0 mode 0

Classes loaded (20 events):
Event: 4.778 Loading class sun/util/locale/provider/TimeZoneNameUtility$TimeZoneNameGetter
Event: 4.778 Loading class sun/util/locale/provider/TimeZoneNameUtility$TimeZoneNameGetter done
Event: 4.778 Loading class sun/util/cldr/CLDRTimeZoneNameProviderImpl
Event: 4.779 Loading class sun/util/locale/provider/TimeZoneNameProviderImpl
Event: 4.779 Loading class sun/util/locale/provider/TimeZoneNameProviderImpl done
Event: 4.779 Loading class sun/util/cldr/CLDRTimeZoneNameProviderImpl done
Event: 4.780 Loading class sun/util/resources/cldr/TimeZoneNames
Event: 4.780 Loading class sun/util/resources/TimeZoneNamesBundle
Event: 4.780 Loading class sun/util/resources/TimeZoneNamesBundle done
Event: 4.780 Loading class sun/util/resources/cldr/TimeZoneNames done
Event: 4.781 Loading class sun/util/resources/cldr/TimeZoneNames_en
Event: 4.782 Loading class sun/util/resources/cldr/TimeZoneNames_en done
Event: 4.782 Loading class sun/util/resources/cldr/TimeZoneNames_en_US
Event: 4.782 Loading class sun/util/resources/cldr/TimeZoneNames_en_US done
Event: 4.784 Loading class sun/util/cldr/CLDRBaseLocaleDataMetaInfo$CLDRMapHolder
Event: 4.785 Loading class sun/util/cldr/CLDRBaseLocaleDataMetaInfo$CLDRMapHolder done
Event: 4.790 Loading class sun/nio/ch/SocketOutputStream
Event: 4.790 Loading class sun/nio/ch/SocketOutputStream done
Event: 5.481 Loading class java/lang/CharacterDataUndefined
Event: 5.481 Loading class java/lang/CharacterDataUndefined done

Classes unloaded (0 events):
No events

Classes redefined (0 events):
No events

Internal exceptions (20 events):
Event: 1.822 Thread 0x000001b1870aaa90 Exception <a 'sun/nio/fs/WindowsException'{0x00000000849d37f8}> (0x00000000849d37f8) 
thrown [s\open\src\hotspot\share\prims\jni.cpp, line 516]
Event: 1.822 Thread 0x000001b1870aaa90 Exception <a 'sun/nio/fs/WindowsException'{0x00000000849d3e08}> (0x00000000849d3e08) 
thrown [s\open\src\hotspot\share\prims\jni.cpp, line 516]
Event: 1.824 Thread 0x000001b1870aaa90 Exception <a 'sun/nio/fs/WindowsException'{0x00000000849d4308}> (0x00000000849d4308) 
thrown [s\open\src\hotspot\share\prims\jni.cpp, line 516]
Event: 1.824 Thread 0x000001b1870aaa90 Exception <a 'sun/nio/fs/WindowsException'{0x00000000849d49c0}> (0x00000000849d49c0) 
thrown [s\open\src\hotspot\share\prims\jni.cpp, line 516]
Event: 1.824 Thread 0x000001b1870aaa90 Exception <a 'sun/nio/fs/WindowsException'{0x00000000849d5078}> (0x00000000849d5078) 
thrown [s\open\src\hotspot\share\prims\jni.cpp, line 516]
Event: 1.825 Thread 0x000001b1870aaa90 Exception <a 'sun/nio/fs/WindowsException'{0x00000000849d5708}> (0x00000000849d5708) 
thrown [s\open\src\hotspot\share\prims\jni.cpp, line 516]
Event: 1.852 Thread 0x000001b1870aaa90 Exception <a 'java/lang/NoClassDefFoundError'{0x000000008474bd38}: org/python/core/PyException> (0x000000008474bd38) 
thrown [s\open\src\hotspot\share\classfile\systemDictionary.cpp, line 316]
Event: 1.856 Thread 0x000001b1870aaa90 Exception <a 'sun/nio/fs/WindowsException'{0x0000000084767420}> (0x0000000084767420) 
thrown [s\open\src\hotspot\share\prims\jni.cpp, line 516]
Event: 1.887 Thread 0x000001b1870aaa90 Exception <a 'java/lang/ClassNotFoundException'{0x00000000847c8f80}: sun/awt/resources/spi/awtProvider> (0x00000000847c8f80) 
thrown [s\open\src\hotspot\share\classfile\systemDictionary.cpp, line 327]
Event: 1.907 Thread 0x000001b1870aaa90 Exception <a 'java/io/FileNotFoundException'{0x00000000847cb6b0}> (0x00000000847cb6b0) 
thrown [s\open\src\hotspot\share\prims\jni.cpp, line 516]
Event: 1.907 Thread 0x000001b1870aaa90 Exception <a 'java/io/FileNotFoundException'{0x00000000847dd240}> (0x00000000847dd240) 
thrown [s\open\src\hotspot\share\prims\jni.cpp, line 516]
Event: 4.503 Thread 0x000001b1ade4dd80 Exception <a 'java/lang/NoSuchMethodError'{0x00000000846154a0}: 'int java.lang.invoke.DirectMethodHandle$Holder.invokeStatic(java.lang.Object)'> (0x00000000846154a0) 
thrown [s\open\src\hotspot\share\interpreter\linkResolver.cpp, line 804]
Event: 4.534 Thread 0x000001b1ade4dd80 Exception <a 'java/lang/NoSuchMethodError'{0x0000000084549e90}: 'java.lang.Object java.lang.invoke.DirectMethodHandle$Holder.invokeSpecialIFC(java.lang.Object, java.lang.Object, java.lang.Object, java.lang.Object)'> (0x0000000084549e90) 
thrown [s\open\src\hotspot\share\interpreter\linkResolver.cpp, line 804]
Event: 4.535 Thread 0x000001b1ade4dd80 Exception <a 'java/lang/NoSuchMethodError'{0x000000008455a5c0}: 'java.lang.Object java.lang.invoke.DirectMethodHandle$Holder.invokeVirtual(java.lang.Object, java.lang.Object, java.lang.Object, java.lang.Object)'> (0x000000008455a5c0) 
thrown [s\open\src\hotspot\share\interpreter\linkResolver.cpp, line 804]
Event: 4.567 Thread 0x000001b1ade4dd80 Implicit null exception at 0x000001b1997c9db6 to 0x000001b1997ca618
Event: 4.568 Thread 0x000001b1ade4dd80 Implicit null exception at 0x000001b1997c92b6 to 0x000001b1997c9af4
Event: 4.703 Thread 0x000001b1ade4dd80 Exception <a 'java/lang/NoSuchMethodError'{0x0000000088e9b378}: 'void java.lang.invoke.DirectMethodHandle$Holder.invokeStatic(java.lang.Object, int)'> (0x0000000088e9b378) 
thrown [s\open\src\hotspot\share\interpreter\linkResolver.cpp, line 804]
Event: 4.704 Thread 0x000001b1ade4dd80 Exception <a 'java/lang/NoSuchMethodError'{0x0000000088ea3328}: 'void java.lang.invoke.DirectMethodHandle$Holder.invokeStaticInit(java.lang.Object, int)'> (0x0000000088ea3328) 
thrown [s\open\src\hotspot\share\interpreter\linkResolver.cpp, line 804]
Event: 4.787 Thread 0x000001b1ade4dd80 Exception <a 'java/lang/NoSuchMethodError'{0x0000000085951908}: 'java.lang.Object java.lang.invoke.DirectMethodHandle$Holder.newInvokeSpecial(java.lang.Object, java.lang.Object, java.lang.Object, int)'> (0x0000000085951908) 
thrown [s\open\src\hotspot\share\interpreter\linkResolver.cpp, line 804]
Event: 4.788 Thread 0x000001b1ade4dd80 Exception <a 'java/lang/NoSuchMethodError'{0x000000008595a820}: 'java.lang.Object java.lang.invoke.Invokers$Holder.linkToTargetMethod(java.lang.Object, java.lang.Object, int, java.lang.Object)'> (0x000000008595a820) 
thrown [s\open\src\hotspot\share\interpreter\linkResolver.cpp, line 804]

VM Operations (20 events):
Event: 1.262 Executing safepoint VM operation: G1PauseCleanup
Event: 1.265 Executing safepoint VM operation: G1PauseCleanup done
Event: 1.283 Executing non-safepoint VM operation: HandshakeAllThreads (Deoptimize)
Event: 1.283 Executing non-safepoint VM operation: HandshakeAllThreads (Deoptimize) done
Event: 1.309 Executing non-safepoint VM operation: HandshakeAllThreads (Deoptimize)
Event: 1.309 Executing non-safepoint VM operation: HandshakeAllThreads (Deoptimize) done
Event: 1.313 Executing non-safepoint VM operation: HandshakeAllThreads (Deoptimize)
Event: 1.313 Executing non-safepoint VM operation: HandshakeAllThreads (Deoptimize) done
Event: 1.479 Executing non-safepoint VM operation: HandshakeAllThreads (Deoptimize)
Event: 1.479 Executing non-safepoint VM operation: HandshakeAllThreads (Deoptimize) done
Event: 1.612 Executing non-safepoint VM operation: HandshakeAllThreads (Deoptimize)
Event: 1.612 Executing non-safepoint VM operation: HandshakeAllThreads (Deoptimize) done
Event: 1.959 Executing non-safepoint VM operation: HandshakeAllThreads (Deoptimize)
Event: 1.959 Executing non-safepoint VM operation: HandshakeAllThreads (Deoptimize) done
Event: 4.631 Executing safepoint VM operation: G1CollectForAllocation (G1 Evacuation Pause)
Event: 4.638 Executing safepoint VM operation: G1CollectForAllocation (G1 Evacuation Pause) done
Event: 4.728 Executing non-safepoint VM operation: HandshakeAllThreads (Deoptimize)
Event: 4.728 Executing non-safepoint VM operation: HandshakeAllThreads (Deoptimize) done
Event: 4.743 Executing non-safepoint VM operation: HandshakeAllThreads (Deoptimize)
Event: 4.743 Executing non-safepoint VM operation: HandshakeAllThreads (Deoptimize) done

Memory protections (0 events):
No events

Nmethod flushes (0 events):
No events

Events (20 events):
Event: 1.750 Thread 0x000001b1ade4fcc0 Thread exited: 0x000001b1ade4fcc0
Event: 1.750 Thread 0x000001b1ade4aea0 Thread exited: 0x000001b1ade4aea0
Event: 1.750 Thread 0x000001b1ade4be40 Thread exited: 0x000001b1ade4be40
Event: 1.750 Thread 0x000001b1ade4c610 Thread exited: 0x000001b1ade4c610
Event: 1.750 Thread 0x000001b1ade4cde0 Thread exited: 0x000001b1ade4cde0
Event: 1.881 Thread 0x000001b1870aaa90 Thread added: 0x000001b1ade4e550
Event: 1.884 Thread 0x000001b1870aaa90 Thread added: 0x000001b1ade4dd80
Event: 1.946 Thread 0x000001b1870aaa90 Thread added: 0x000001b1ade4aea0
Event: 1.947 Thread 0x000001b1870aaa90 Thread added: 0x000001b1ade4b670
Event: 1.947 Thread 0x000001b1870aaa90 Thread added: 0x000001b1ade4be40
Event: 1.962 Thread 0x000001b1870aaa90 Thread added: 0x000001b1ade4fcc0
Event: 2.954 Thread 0x000001b1ade4b670 Thread exited: 0x000001b1ade4b670
Event: 3.814 Thread 0x000001b1ab617730 Thread exited: 0x000001b1ab617730
Event: 4.502 Thread 0x000001b1a61b9900 Thread exited: 0x000001b1a61b9900
Event: 4.601 Thread 0x000001b1a5d23a90 Thread added: 0x000001b1ab61b7b0
Event: 4.615 Thread 0x000001b1a5d23a90 Thread added: 0x000001b1ab61bfc0
Event: 5.344 Thread 0x000001b1ab61bfc0 Thread exited: 0x000001b1ab61bfc0
Event: 5.345 Thread 0x000001b1ab61b7b0 Thread exited: 0x000001b1ab61b7b0
Event: 5.349 Thread 0x000001b1a5d23a90 Thread added: 0x000001b1ab61bfc0
Event: 5.349 Thread 0x000001b1a5d23a90 Thread added: 0x000001b1ab619770


Dynamic libraries:
0x00007ff65d4b0000 - 0x00007ff65d4c0000 	C:\Program Files\Java\jdk-25\bin\java.exe
0x00007ffe69cc0000 - 0x00007ffe69f28000 	C:\WINDOWS\SYSTEM32\ntdll.dll
0x00007ffe68e50000 - 0x00007ffe68f19000 	C:\WINDOWS\System32\KERNEL32.DLL
0x00007ffe67170000 - 0x00007ffe67568000 	C:\WINDOWS\System32\KERNELBASE.dll
0x00007ffe676e0000 - 0x00007ffe6782b000 	C:\WINDOWS\System32\ucrtbase.dll
0x00007ffe519a0000 - 0x00007ffe519b7000 	C:\Program Files\Java\jdk-25\bin\jli.dll
0x00007ffe69640000 - 0x00007ffe69807000 	C:\WINDOWS\System32\USER32.dll
0x00007ffe678e0000 - 0x00007ffe67907000 	C:\WINDOWS\System32\win32u.dll
0x00007ffe68a70000 - 0x00007ffe68a9b000 	C:\WINDOWS\System32\GDI32.dll
0x00007ffe49d60000 - 0x00007ffe49ff4000 	C:\WINDOWS\WinSxS\amd64_microsoft.windows.common-controls_6595b64144ccf1df_6.0.26100.7019_none_3e06ffa0e335b8a8\COMCTL32.dll
0x00007ffe66e10000 - 0x00007ffe66f3c000 	C:\WINDOWS\System32\gdi32full.dll
0x00007ffe68c40000 - 0x00007ffe68ce9000 	C:\WINDOWS\System32\msvcrt.dll
0x00007ffe67830000 - 0x00007ffe678d3000 	C:\WINDOWS\System32\msvcp_win.dll
0x00007ffe54020000 - 0x00007ffe5403e000 	C:\Program Files\Java\jdk-25\bin\VCRUNTIME140.dll
0x00007ffe69820000 - 0x00007ffe69851000 	C:\WINDOWS\System32\IMM32.DLL
0x0000000052740000 - 0x000000005274c000 	C:\Program Files (x86)\360\Total Security\safemon\SafeWrapper.dll
0x00007ffe68ff0000 - 0x00007ffe690a4000 	C:\WINDOWS\System32\ADVAPI32.dll
0x00007ffe67f10000 - 0x00007ffe67fb6000 	C:\WINDOWS\System32\sechost.dll
0x00007ffe67a60000 - 0x00007ffe67b78000 	C:\WINDOWS\System32\RPCRT4.dll
0x00007ffdd6720000 - 0x00007ffdd67cc000 	C:\Program Files (x86)\360\Total Security\safemon\libzdtp64.dll
0x00007ffe67fc0000 - 0x00007ffe6870f000 	C:\WINDOWS\System32\SHELL32.dll
0x00007ffe67570000 - 0x00007ffe676db000 	C:\WINDOWS\System32\wintypes.dll
0x00007ffe67b80000 - 0x00007ffe67f0b000 	C:\WINDOWS\System32\combase.dll
0x00007ffe68730000 - 0x00007ffe68797000 	C:\WINDOWS\System32\SHLWAPI.dll
0x00007ffe66700000 - 0x00007ffe6670b000 	C:\WINDOWS\SYSTEM32\VERSION.dll
0x00007ffe635c0000 - 0x00007ffe635cc000 	C:\Program Files\Java\jdk-25\bin\vcruntime140_1.dll
0x00007ffe1fac0000 - 0x00007ffe1fb4d000 	C:\Program Files\Java\jdk-25\bin\msvcp140.dll
0x00007ffdf5dc0000 - 0x00007ffdf6c1f000 	C:\Program Files\Java\jdk-25\bin\server\jvm.dll
0x00007ffe68f70000 - 0x00007ffe68fe4000 	C:\WINDOWS\System32\WS2_32.dll
0x00007ffe4f420000 - 0x00007ffe4f455000 	C:\WINDOWS\SYSTEM32\WINMM.dll
0x00007ffe66c70000 - 0x00007ffe66cce000 	C:\WINDOWS\SYSTEM32\POWRPROF.dll
0x00007ffe66c50000 - 0x00007ffe66c64000 	C:\WINDOWS\SYSTEM32\UMPDC.dll
0x00007ffe65b60000 - 0x00007ffe65b7b000 	C:\WINDOWS\SYSTEM32\kernel.appcore.dll
0x00007ffe561b0000 - 0x00007ffe561ba000 	C:\Program Files\Java\jdk-25\bin\jimage.dll
0x00007ffe64440000 - 0x00007ffe64682000 	C:\WINDOWS\SYSTEM32\DBGHELP.DLL
0x00007ffe68d70000 - 0x00007ffe68e47000 	C:\WINDOWS\System32\OLEAUT32.dll
0x00007ffe5dce0000 - 0x00007ffe5dd1c000 	C:\WINDOWS\SYSTEM32\dbgcore.DLL
0x00007ffe66f40000 - 0x00007ffe66fe5000 	C:\WINDOWS\System32\bcryptPrimitives.dll
0x00007ffe51340000 - 0x00007ffe5135f000 	C:\Program Files\Java\jdk-25\bin\java.dll
0x00007ffe69ae0000 - 0x00007ffe69c77000 	C:\WINDOWS\System32\ole32.dll
0x00007ffe649e0000 - 0x00007ffe6523d000 	C:\WINDOWS\SYSTEM32\windows.storage.dll
0x00007ffe68820000 - 0x00007ffe68912000 	C:\WINDOWS\System32\SHCORE.dll
0x00007ffe66d30000 - 0x00007ffe66d59000 	C:\WINDOWS\SYSTEM32\profapi.dll
0x00007ffe4fc20000 - 0x00007ffe4fc32000 	C:\Program Files\Java\jdk-25\bin\net.dll
0x00007ffe660d0000 - 0x00007ffe6613b000 	C:\WINDOWS\system32\mswsock.dll
0x00007ffe4cc50000 - 0x00007ffe4cc66000 	C:\Program Files\Java\jdk-25\bin\nio.dll
0x00007ffe4baa0000 - 0x00007ffe4bab7000 	C:\Program Files\Java\jdk-25\bin\zip.dll
0x00007ffe66390000 - 0x00007ffe663ab000 	C:\WINDOWS\SYSTEM32\CRYPTSP.dll
0x00007ffe65ac0000 - 0x00007ffe65afa000 	C:\WINDOWS\system32\rsaenh.dll
0x00007ffe66180000 - 0x00007ffe661ab000 	C:\WINDOWS\SYSTEM32\USERENV.dll
0x00007ffe66d00000 - 0x00007ffe66d2a000 	C:\WINDOWS\SYSTEM32\bcrypt.dll
0x00007ffe663b0000 - 0x00007ffe663bc000 	C:\WINDOWS\SYSTEM32\CRYPTBASE.dll
0x00007ffe65570000 - 0x00007ffe655a4000 	C:\WINDOWS\SYSTEM32\IPHLPAPI.DLL
0x00007ffe69ad0000 - 0x00007ffe69ada000 	C:\WINDOWS\System32\NSI.dll
0x00007ffde53c0000 - 0x00007ffde53d8000 	C:\WINDOWS\system32\napinsp.dll
0x00007ffe65600000 - 0x00007ffe6572c000 	C:\WINDOWS\SYSTEM32\DNSAPI.dll
0x00007ffde53a0000 - 0x00007ffde53b2000 	C:\WINDOWS\System32\winrnr.dll
0x00007ffe351e0000 - 0x00007ffe35202000 	C:\WINDOWS\system32\nlansp_c.dll
0x00007ffe25820000 - 0x00007ffe25836000 	C:\WINDOWS\system32\wshbth.dll
0x00007ffe56400000 - 0x00007ffe5640b000 	C:\Windows\System32\rasadhlp.dll
0x00007ffe5d8b0000 - 0x00007ffe5d936000 	C:\WINDOWS\System32\fwpuclnt.dll
0x00007ffe54880000 - 0x00007ffe54889000 	C:\Program Files\Java\jdk-25\bin\extnet.dll
0x00007ffe54900000 - 0x00007ffe5490e000 	C:\Program Files\Java\jdk-25\bin\sunmscapi.dll
0x00007ffe66ff0000 - 0x00007ffe67167000 	C:\WINDOWS\System32\CRYPT32.dll
0x00007ffe665b0000 - 0x00007ffe665e0000 	C:\WINDOWS\SYSTEM32\ncrypt.dll
0x00007ffe66560000 - 0x00007ffe6659f000 	C:\WINDOWS\SYSTEM32\NTASN1.dll
0x00007ffe65c80000 - 0x00007ffe65cb6000 	C:\WINDOWS\SYSTEM32\ntmarta.dll
0x00007ffde5320000 - 0x00007ffde5328000 	C:\WINDOWS\system32\wshunix.dll
0x00007ffe06690000 - 0x00007ffe06814000 	C:\Program Files\Java\jdk-25\bin\awt.dll
0x00007ffe635e0000 - 0x00007ffe6367f000 	C:\WINDOWS\SYSTEM32\apphelp.dll
0x00007ffe63bb0000 - 0x00007ffe63c5a000 	C:\WINDOWS\system32\uxtheme.dll
0x00007ffe68aa0000 - 0x00007ffe68bfe000 	C:\WINDOWS\System32\MSCTF.dll
0x00007ffe636a0000 - 0x00007ffe636ca000 	C:\WINDOWS\system32\Wtsapi32.dll
0x00007ffe65e00000 - 0x00007ffe65e49000 	C:\WINDOWS\SYSTEM32\SspiCli.dll
0x00007ffe66bc0000 - 0x00007ffe66c23000 	C:\WINDOWS\SYSTEM32\WINSTA.dll
0x00007ffe61630000 - 0x00007ffe61733000 	C:\WINDOWS\SYSTEM32\PROPSYS.dll
0x00007ffe386c0000 - 0x00007ffe3889e000 	C:\WINDOWS\SYSTEM32\urlmon.dll
0x00007ffe383f0000 - 0x00007ffe386b5000 	C:\WINDOWS\SYSTEM32\iertutil.dll
0x00007ffe65560000 - 0x00007ffe6556d000 	C:\WINDOWS\SYSTEM32\netutils.dll
0x00007ffe4d3d0000 - 0x00007ffe4d3f9000 	C:\WINDOWS\SYSTEM32\srvcli.dll
0x00007ffe68930000 - 0x00007ffe689e0000 	C:\WINDOWS\System32\clbcatq.dll
0x00007ffe54070000 - 0x00007ffe5408f000 	C:\Windows\System32\Windows.Shell.ServiceHostBuilder.dll
0x00007ffe553f0000 - 0x00007ffe55a3f000 	C:\Windows\System32\OneCoreUAPCommonProxyStub.dll
0x00007ffe2c8f0000 - 0x00007ffe2ca6b000 	C:\Windows\System32\Windows.System.Launcher.dll
0x00007ffe52da0000 - 0x00007ffe52dba000 	C:\WINDOWS\SYSTEM32\windows.staterepositorycore.dll
0x00007ffdd7a10000 - 0x00007ffdd7a57000 	C:\WINDOWS\SYSTEM32\msIso.dll
0x00007ffe63690000 - 0x00007ffe6369d000 	C:\WINDOWS\SYSTEM32\Secur32.dll
0x00007ffe3ceb0000 - 0x00007ffe3cef4000 	C:\WINDOWS\SYSTEM32\MLANG.dll
0x00007ffe47e70000 - 0x00007ffe480f9000 	C:\WINDOWS\SYSTEM32\WININET.dll
0x00007ffe34870000 - 0x00007ffe34934000 	C:\Windows\System32\Windows.StateRepositoryPS.dll
0x00007ffe52d50000 - 0x00007ffe52d97000 	C:\WINDOWS\SYSTEM32\windows.staterepositoryclient.dll
0x00007ffe37720000 - 0x00007ffe37838000 	C:\WINDOWS\SYSTEM32\mrmcorer.dll
0x00007ffe26780000 - 0x00007ffe267b4000 	C:\WINDOWS\SYSTEM32\bcp47mrm.dll
0x00007ffe516d0000 - 0x00007ffe51820000 	C:\Windows\System32\Windows.UI.dll
0x00007ffe3e8c0000 - 0x00007ffe3e8e9000 	C:\WINDOWS\SYSTEM32\edputil.dll
0x00007ffe66940000 - 0x00007ffe66997000 	C:\WINDOWS\SYSTEM32\CFGMGR32.dll

JVMTI agents: none

dbghelp: loaded successfully - version: 4.0.5 - missing functions: none
symbol engine: initialized successfully - sym options: 0x614 - pdb path: .;C:\Program Files\Java\jdk-25\bin;C:\WINDOWS\SYSTEM32;C:\WINDOWS\WinSxS\amd64_microsoft.windows.common-controls_6595b64144ccf1df_6.0.26100.7019_none_3e06ffa0e335b8a8;C:\Program Files (x86)\360\Total Security\safemon;C:\Program Files\Java\jdk-25\bin\server

VM Arguments:
java_command: io.qameta.allure.CommandLine serve
java_class_path (initial): D:\allure-2.35.1\allure-2.35.1\lib\allure-commandline-2.35.1.jar;D:\allure-2.35.1\allure-2.35.1\lib\allure-generator-2.35.1.jar;D:\allure-2.35.1\allure-2.35.1\lib\allure-model-2.29.1.jar;D:\allure-2.35.1\allure-2.35.1\lib\allure-plugin-api-2.35.1.jar;D:\allure-2.35.1\allure-2.35.1\lib\allure1-model-1.0.jar;D:\allure-2.35.1\allure-2.35.1\lib\annotations-15.0.jar;D:\allure-2.35.1\allure-2.35.1\lib\commons-beanutils-1.11.0.jar;D:\allure-2.35.1\allure-2.35.1\lib\commons-codec-1.11.jar;D:\allure-2.35.1\allure-2.35.1\lib\commons-collections-3.2.2.jar;D:\allure-2.35.1\allure-2.35.1\lib\commons-collections4-4.5.0.jar;D:\allure-2.35.1\allure-2.35.1\lib\commons-io-2.20.0.jar;D:\allure-2.35.1\allure-2.35.1\lib\commons-lang3-3.18.0.jar;D:\allure-2.35.1\allure-2.35.1\lib\commons-logging-1.3.5.jar;D:\allure-2.35.1\allure-2.35.1\lib\commons-text-1.11.0.jar;D:\allure-2.35.1\allure-2.35.1\lib\flexmark-0.62.2.jar;D:\allure-2.35.1\allure-2.35.1\lib\flexmark-ext-tables-0.62.2.jar;D:\allure-2.35.1\allure-2.35.1\lib\flexmark-util-0.62.2.jar;D:\allure-2.35.1\allure-2.35.1\lib\flexmark-util-ast-0.62.2.jar;D:\allure-2.35.1\allure-2.35.1\lib\flexmark-util-builder-0.62.2.jar;D:\allure-2.35.1\allure-2.35.1\lib\flexmark-util-collection-0.62.2.jar;D:\allure-2.35.1\allure-2.35.1\lib\flexmark-util-data-0.62.2.jar;D:\allure-2.35.1\allure-2.35.1\lib\flexmark-util-dependency-0.62.2.jar;D:\allure-2.35.1\allure-2.35.1\lib\flexmark-util-format-0.62.2.jar;D:\allure-2.35.1\allure-2.35.1\lib\flexmark-util-html-0.62.2.jar;D:\allure-2.35.1\allure-2.35.1\lib\flexmark-util-misc-0.62.2.jar;D:\allure-2.35.1\allure-2.35.1\lib\flexmark-util-options-0.62.2.jar;D:\allure-2.35.1\allure-2.35.1\lib\flexmark-util-sequence-0.62.2.jar;D:\allure-2.35.1\allure-2.35.1\lib\flexmark-util-visitor-0.62.2.jar;D:\allure-2.35.1\allure-2.35.1\lib\freemarker-2.3.34.jar;D:\allure-2.35.1\allure-2.35.1\lib\httpclient-4.5.14.jar;D:\allure-2.35.1\allure-2.35.1\lib\httpcore-4.4.16.jar;D:\allure-2.35.1\allure-2.35.1\lib\jackson-annotations-2.20.jar;D:\allure-2.35.1\allure-2.35.1\lib\jackson-core-2.20.0.jar;D:\allure-2.35.1\allure-2.35.1\lib\jackson-databind-2.20.0.jar;D:\allure-2.35.1\allure-2.35.1\lib\jackson-dataformat-xml-2.20.0.jar;D:\allure-2.35.1\allure-2.35.1\lib\jackson-dataformat-yaml-2.20.0.jar;D:\allure-2.35.1\allure-2.35.1\lib\jackson-module-jaxb-annotations-2.20.0.jar;D:\allure-2.35.1\allure-2.35.1\lib\jakarta.activation-api-1.2.2.jar;D:\allure-2.35.1\allure-2.35.1\lib\javax.activation-api-1.2.0.jar;D:\allure-2.35.1\allure-2.35.1\lib\jaxb-api-2.3.1.jar;D:\allure-2.35.1\allure-2.35.1\lib\jaxb-utils-1.0.jar;D:\allure-2.35.1\allure-2.35.1\lib\jcommander-1.82.jar;D:\allure-2.35.1\allure-2.35.1\lib\logback-classic-1.3.15.jar;D:\allure-2.35.1\allure-2.35.1\lib\logback-core-1.3.15.jar;D:\allure-2.35.1\allure-2.35.1\lib\opencsv-5.9.jar;D:\allure-2.35.1\allure-2.35.1\lib\properties-2.0.RC5.jar;D:\allure-2.35.1\allure-2.35.1\lib\slf4j-api-2.0.17.jar;D:\allure-2.35.1\allure-2.35.1\lib\snakeyaml-2.4.jar;D:\allure-2.35.1\allure-2.35.1\lib\stax2-api-4.2.2.jar;D:\allure-2.35.1\allure-2.35.1\lib\tika-core-2.9.4.jar;D:\allure-2.35.1\allure-2.35.1\lib\woodstox-core-7.1.1.jar;D:\allure-2.35.1\allure-2.35.1\lib\config
Launcher Type: SUN_STANDARD

[Global flags]
     intx CICompilerCount                          = 4                                         {product} {ergonomic}
     uint ConcGCThreads                            = 2                                         {product} {ergonomic}
     uint G1ConcRefinementThreads                  = 8                                         {product} {ergonomic}
   size_t G1HeapRegionSize                         = 1048576                                   {product} {ergonomic}
   size_t InitialHeapSize                          = 132120576                                 {product} {ergonomic}
   size_t MarkStackSize                            = 4194304                                   {product} {ergonomic}
   size_t MarkStackSizeMax                         = 536870912                                 {product} {ergonomic}
   size_t MaxHeapSize                              = 2090860544                                {product} {ergonomic}
   size_t MaxNewSize                               = 1254096896                                {product} {ergonomic}
   size_t MinHeapDeltaBytes                        = 1048576                                   {product} {ergonomic}
   size_t MinHeapSize                              = 8388608                                   {product} {ergonomic}
    uintx NonNMethodCodeHeapSize                   = 5832704                                {pd product} {ergonomic}
    uintx NonProfiledCodeHeapSize                  = 122945536                              {pd product} {ergonomic}
    uintx ProfiledCodeHeapSize                     = 122880000                              {pd product} {ergonomic}
    uintx ReservedCodeCacheSize                    = 251658240                              {pd product} {ergonomic}
     bool SegmentedCodeCache                       = true                                      {product} {ergonomic}
   size_t SoftMaxHeapSize                          = 2090860544                             {manageable} {ergonomic}
     bool UseCompressedOops                        = true                           {product lp64_product} {ergonomic}
     bool UseG1GC                                  = true                                      {product} {ergonomic}
     bool UseLargePagesIndividualAllocation        = false                                  {pd product} {ergonomic}

Logging:
Log output configuration:
 #0: stdout all=warning uptime,level,tags foldmultilines=false
 #1: stderr all=off uptime,level,tags foldmultilines=false

Release file:
IMPLEMENTOR="Oracle Corporation" 
JAVA_RUNTIME_VERSION="25+37-LTS-3491" 
JAVA_VERSION="25" 
JAVA_VERSION_DATE="2025-09-16" 
LIBC="default" 
MODULES="java.base java.compiler java.datatransfer java.xml java.prefs java.desktop java.instrument java.logging java.management java.security.sasl java.naming java.rmi java.management.rmi java.net.http java.scripting java.security.jgss java.transaction.xa java.sql java.sql.rowset java.xml.crypto java.se java.smartcardio jdk.accessibility jdk.internal.jvmstat jdk.attach jdk.charsets jdk.internal.opt jdk.zipfs jdk.compiler jdk.crypto.cryptoki jdk.crypto.ec jdk.crypto.mscapi jdk.dynalink jdk.internal.ed jdk.editpad jdk.internal.vm.ci jdk.graal.compiler jdk.graal.compiler.management jdk.hotspot.agent jdk.httpserver jdk.incubator.vector jdk.internal.le jdk.internal.md jdk.jartool jdk.javadoc jdk.jcmd jdk.management jdk.management.agent jdk.jconsole jdk.jdeps jdk.jdwp.agent jdk.jdi jdk.jfr jdk.jlink jdk.jpackage jdk.jshell jdk.jsobject jdk.jstatd jdk.localedata jdk.management.jfr jdk.naming.dns jdk.naming.rmi jdk.net jdk.nio.mapmode jdk.sctp jdk.security.auth jdk.security.jgss jdk.unsupported jdk.unsupported.desktop jdk.xml.dom" 
OS_ARCH="x86_64" 
OS_NAME="Windows" 
SOURCE=".:git:49d6a23b8806 open:git:6c48f4ed707b" 

Environment Variables:
JAVA_HOME=C:\Program Files\Java\jdk-25
CLASSPATH=D:\allure-2.35.1\allure-2.35.1\lib\*;D:\allure-2.35.1\allure-2.35.1\lib\config
PATH=C:\Program Files\Common Files\Oracle\Java\javapath;C:\Program Files (x86)\Common Files\Oracle\Java\java8path;C:\Program Files (x86)\Common Files\Oracle\Java\javapath;C:\Program Files (x86)\VMware\VMware Workstation\New Folder\bin\;C:\WINDOWS\system32;C:\WINDOWS;C:\WINDOWS\System32\Wbem;C:\WINDOWS\System32\WindowsPowerShell\v1.0\;C:\WINDOWS\System32\OpenSSH\;C:\Program Files\dotnet\;C:\Program Files (x86)\Microsoft SQL Server\160\DTS\Binn\;C:\Program Files (x86)\Microsoft SQL Server\140\Tools\Binn\;C:\Program Files\Microsoft SQL Server\140\Tools\Binn\;C:\Program Files (x86)\Microsoft SQL Server\140\DTS\Binn\;C:\Program Files\Microsoft SQL Server\140\DTS\Binn\;C:\Program Files\Microsoft SQL Server\Client SDK\ODBC\130\Tools\Binn\;C:\Program Files\Microsoft SQL Server\150\Tools\Binn\;C:\Program Files\Microsoft SQL Server\Client SDK\ODBC\170\Tools\Binn\;C:\Program Files\Git\cmd;C:\Program Files\nodejs\;C:\Program Files\Java\jdk-25\bin;D:\apache-maven-3.9.11-bin\apache-maven-3.9.11\bin;D:\allure-2.35.1\allure-2.35.1\bin;C:\Users\lenovo\AppData\Local\Microsoft\WindowsApps;;C:\Users\lenovo\AppData\Local\Programs\Microsoft VS Code\bin;C:\Users\lenovo\.dotnet\tools;C:\Program Files\JetBrains\IntelliJ IDEA Community Edition 2025.2.2\bin;C:\Users\lenovo\AppData\Roaming\npm
USERNAME=lenovo
OS=Windows_NT
PROCESSOR_IDENTIFIER=Intel64 Family 6 Model 140 Stepping 1, GenuineIntel
TMP=C:\Users\lenovo\AppData\Local\Temp
TEMP=C:\Users\lenovo\AppData\Local\Temp




Compilation memory statistics disabled.

Periodic native trim disabled

---------------  S Y S T E M  ---------------

OS:
 Windows 11 , 64 bit Build 26100 (10.0.26100.7019)
OS uptime: 1 days 0:21 hours

CPU: total 8 (initial active 8) (4 cores per cpu, 2 threads per core) family 6 model 140 stepping 1 microcode 0x8a, cx8, cmov, fxsr, ht, mmx, 3dnowpref, sse, sse2, sse3, ssse3, sse4.1, sse4.2, popcnt, lzcnt, tsc, tscinvbit, avx, avx2, aes, erms, clmul, bmi1, bmi2, adx, avx512f, avx512dq, avx512cd, avx512bw, avx512vl, sha, fma, vzeroupper, avx512_vpopcntdq, avx512_vpclmulqdq, avx512_vaes, avx512_vnni, clflush, clflushopt, clwb, avx512_vbmi2, avx512_vbmi, rdtscp, rdpid, fsrm, gfni, avx512_bitalg, f16c, pku, cet_ibt, cet_ss, avx512_ifma
Processor Information for processor 0
  Max Mhz: 2419, Current Mhz: 1209, Mhz Limit: 2419
Processor Information for processor 1
  Max Mhz: 2419, Current Mhz: 1209, Mhz Limit: 2419
Processor Information for processor 2
  Max Mhz: 2419, Current Mhz: 2419, Mhz Limit: 2419
Processor Information for processor 3
  Max Mhz: 2419, Current Mhz: 2419, Mhz Limit: 2419
Processor Information for processor 4
  Max Mhz: 2419, Current Mhz: 2419, Mhz Limit: 2419
Processor Information for processor 5
  Max Mhz: 2419, Current Mhz: 2419, Mhz Limit: 2419
Processor Information for processor 6
  Max Mhz: 2419, Current Mhz: 2419, Mhz Limit: 2419
Processor Information for processor 7
  Max Mhz: 2419, Current Mhz: 2419, Mhz Limit: 2419

Memory: 4k page, system-wide physical 7975M (782M free)
TotalPageFile size 12071M (AvailPageFile size 44M)
current process WorkingSet (physical memory assigned to process): 173M, peak: 194M
current process commit charge ("private bytes"): 198M, peak: 306M

vm_info: Java HotSpot(TM) 64-Bit Server VM (25+37-LTS-3491) for windows-amd64 JRE (25+37-LTS-3491), built on 2025-08-14T21:13:00Z with unknown MS VC++:1943

END.
